[2022-06-15 08:04:42.170] [exthost] [info] Extension host with pid 17585 started
[2022-06-15 08:04:42.196] [exthost] [info] Lock '/home/rauli/.vscode-server/data/User/workspaceStorage/72edff11ca1f0b80be223a385aed8ecd/vscode.lock': Lock acquired.
[2022-06-15 08:04:42.646] [exthost] [info] ExtensionService#_doActivateExtension vscode.debug-auto-launch, startup: true, activationEvent: '*'
[2022-06-15 08:04:42.662] [exthost] [info] ExtensionService#_doActivateExtension vscode.git-base, startup: true, activationEvent: '*', root cause: vscode.git
[2022-06-15 08:04:42.679] [exthost] [info] ExtensionService#_doActivateExtension vscode.ipynb, startup: true, activationEvent: '*'
[2022-06-15 08:04:43.120] [exthost] [info] ExtensionService#_doActivateExtension vscode.git, startup: true, activationEvent: '*'
[2022-06-15 08:04:43.230] [exthost] [info] ExtensionService#_doActivateExtension vscode.github, startup: true, activationEvent: '*'
[2022-06-15 08:04:43.619] [exthost] [info] ExtensionService#_doActivateExtension vscode.emmet, startup: false, activationEvent: 'onStartupFinished'
[2022-06-15 08:04:43.677] [exthost] [info] ExtensionService#_doActivateExtension vscode.merge-conflict, startup: false, activationEvent: 'onStartupFinished'
[2022-06-15 08:04:43.691] [exthost] [info] Eager extensions activated
[2022-06-15 08:48:02.995] [exthost] [warning] [Decorations] CAPPING events from decorations provider vscode.git 354
[2022-06-15 08:49:12.463] [exthost] [warning] [Decorations] CAPPING events from decorations provider vscode.git 1312
[2022-06-15 08:49:17.585] [exthost] [warning] [Decorations] CAPPING events from decorations provider vscode.git 1312
[2022-06-15 08:49:58.236] [exthost] [warning] [Decorations] CAPPING events from decorations provider vscode.git 1312
[2022-06-15 08:50:00.242] [exthost] [warning] [Decorations] CAPPING events from decorations provider vscode.git 1312
[2022-06-15 08:59:43.375] [exthost] [warning] [Decorations] CAPPING events from decorations provider vscode.git 1312
[2022-06-15 08:59:45.289] [exthost] [warning] [Decorations] CAPPING events from decorations provider vscode.git 1312
[2022-06-15 09:03:23.003] [exthost] [warning] [Decorations] CAPPING events from decorations provider vscode.git 1312
[2022-06-15 09:03:24.159] [exthost] [warning] [Decorations] CAPPING events from decorations provider vscode.git 1312
[2022-06-15 09:08:26.142] [exthost] [warning] [Decorations] CAPPING events from decorations provider vscode.git 1312
[2022-06-15 09:11:26.558] [exthost] [warning] [Decorations] CAPPING events from decorations provider vscode.git 1312
[2022-06-15 09:11:28.472] [exthost] [warning] [Decorations] CAPPING events from decorations provider vscode.git 1312
[2022-06-15 09:14:26.937] [exthost] [warning] [Decorations] CAPPING events from decorations provider vscode.git 1312
[2022-06-15 09:14:28.823] [exthost] [warning] [Decorations] CAPPING events from decorations provider vscode.git 1312
[2022-06-15 09:17:27.343] [exthost] [warning] [Decorations] CAPPING events from decorations provider vscode.git 1312
[2022-06-15 09:17:29.246] [exthost] [warning] [Decorations] CAPPING events from decorations provider vscode.git 1312
[2022-06-15 09:20:27.760] [exthost] [warning] [Decorations] CAPPING events from decorations provider vscode.git 1312
[2022-06-15 09:20:29.679] [exthost] [warning] [Decorations] CAPPING events from decorations provider vscode.git 1312
[2022-06-15 09:21:35.346] [exthost] [warning] [Decorations] CAPPING events from decorations provider vscode.git 1312
[2022-06-15 09:23:39.838] [exthost] [warning] [Decorations] CAPPING events from decorations provider vscode.git 1312
[2022-06-15 09:26:10.120] [exthost] [warning] [Decorations] CAPPING events from decorations provider vscode.git 1312
[2022-06-15 09:26:43.175] [exthost] [warning] [Decorations] CAPPING events from decorations provider vscode.git 1312
[2022-06-15 09:26:45.043] [exthost] [warning] [Decorations] CAPPING events from decorations provider vscode.git 1312
[2022-06-15 09:30:16.128] [exthost] [warning] [Decorations] CAPPING events from decorations provider vscode.git 1312
[2022-06-15 09:30:17.989] [exthost] [warning] [Decorations] CAPPING events from decorations provider vscode.git 1312
[2022-06-15 09:34:02.243] [exthost] [warning] [Decorations] CAPPING events from decorations provider vscode.git 1312
[2022-06-15 09:34:03.398] [exthost] [warning] [Decorations] CAPPING events from decorations provider vscode.git 1312
[2022-06-15 09:34:17.980] [exthost] [warning] [Decorations] CAPPING events from decorations provider vscode.git 1312
[2022-06-15 09:34:30.802] [exthost] [warning] [Decorations] CAPPING events from decorations provider vscode.git 1312
[2022-06-15 09:36:34.837] [exthost] [warning] [Decorations] CAPPING events from decorations provider vscode.git 1312
[2022-06-15 09:37:02.692] [exthost] [warning] [Decorations] CAPPING events from decorations provider vscode.git 1312
[2022-06-15 09:37:04.540] [exthost] [warning] [Decorations] CAPPING events from decorations provider vscode.git 1312
[2022-06-15 09:39:48.429] [exthost] [warning] [Decorations] CAPPING events from decorations provider vscode.git 1312
[2022-06-15 09:40:33.212] [exthost] [warning] [Decorations] CAPPING events from decorations provider vscode.git 1314
[2022-06-15 09:40:34.134] [exthost] [warning] [Decorations] CAPPING events from decorations provider vscode.git 1314
[2022-06-15 09:41:35.804] [exthost] [warning] [Decorations] CAPPING events from decorations provider vscode.git 1314
[2022-06-15 09:43:59.412] [exthost] [warning] [Decorations] CAPPING events from decorations provider vscode.git 1314
[2022-06-15 09:44:00.307] [exthost] [warning] [Decorations] CAPPING events from decorations provider vscode.git 1314
[2022-06-15 09:44:04.537] [exthost] [warning] [Decorations] CAPPING events from decorations provider vscode.git 1314
[2022-06-15 09:46:37.796] [exthost] [warning] [Decorations] CAPPING events from decorations provider vscode.git 1314
[2022-06-15 09:46:42.934] [exthost] [warning] [Decorations] CAPPING events from decorations provider vscode.git 1314
[2022-06-15 09:47:00.684] [exthost] [warning] [Decorations] CAPPING events from decorations provider vscode.git 1314
[2022-06-15 09:47:02.580] [exthost] [warning] [Decorations] CAPPING events from decorations provider vscode.git 1314
[2022-06-15 09:50:01.068] [exthost] [warning] [Decorations] CAPPING events from decorations provider vscode.git 1314
[2022-06-15 09:50:02.960] [exthost] [warning] [Decorations] CAPPING events from decorations provider vscode.git 1314
[2022-06-15 09:51:48.849] [exthost] [warning] [Decorations] CAPPING events from decorations provider vscode.git 1314
[2022-06-15 09:53:43.456] [exthost] [warning] [Decorations] CAPPING events from decorations provider vscode.git 1314
[2022-06-15 09:53:44.395] [exthost] [warning] [Decorations] CAPPING events from decorations provider vscode.git 1314
[2022-06-15 09:56:44.802] [exthost] [warning] [Decorations] CAPPING events from decorations provider vscode.git 1314
[2022-06-15 09:56:46.710] [exthost] [warning] [Decorations] CAPPING events from decorations provider vscode.git 1314
[2022-06-15 09:59:45.389] [exthost] [warning] [Decorations] CAPPING events from decorations provider vscode.git 1314
[2022-06-15 09:59:46.512] [exthost] [warning] [Decorations] CAPPING events from decorations provider vscode.git 1314
[2022-06-15 10:02:45.777] [exthost] [warning] [Decorations] CAPPING events from decorations provider vscode.git 1314
[2022-06-15 10:02:47.657] [exthost] [warning] [Decorations] CAPPING events from decorations provider vscode.git 1314
[2022-06-15 10:05:46.184] [exthost] [warning] [Decorations] CAPPING events from decorations provider vscode.git 1314
[2022-06-15 10:05:48.053] [exthost] [warning] [Decorations] CAPPING events from decorations provider vscode.git 1314
[2022-06-15 10:08:46.569] [exthost] [warning] [Decorations] CAPPING events from decorations provider vscode.git 1314
[2022-06-15 10:08:48.417] [exthost] [warning] [Decorations] CAPPING events from decorations provider vscode.git 1314
[2022-06-15 10:11:46.951] [exthost] [warning] [Decorations] CAPPING events from decorations provider vscode.git 1314
[2022-06-15 10:11:48.841] [exthost] [warning] [Decorations] CAPPING events from decorations provider vscode.git 1314
[2022-06-15 10:26:24.642] [exthost] [warning] [Decorations] CAPPING events from decorations provider vscode.git 1314
[2022-06-15 10:26:25.759] [exthost] [warning] [Decorations] CAPPING events from decorations provider vscode.git 1314
[2022-06-15 10:29:25.029] [exthost] [warning] [Decorations] CAPPING events from decorations provider vscode.git 1314
[2022-06-15 10:29:26.880] [exthost] [warning] [Decorations] CAPPING events from decorations provider vscode.git 1314
[2022-06-15 10:31:36.511] [exthost] [warning] [Decorations] CAPPING events from decorations provider vscode.git 1314
[2022-06-15 10:32:11.813] [exthost] [warning] [Decorations] CAPPING events from decorations provider vscode.git 1314
[2022-06-15 10:32:25.428] [exthost] [warning] [Decorations] CAPPING events from decorations provider vscode.git 1314
[2022-06-15 10:32:27.281] [exthost] [warning] [Decorations] CAPPING events from decorations provider vscode.git 1314
[2022-06-15 10:33:44.300] [exthost] [warning] [Decorations] CAPPING events from decorations provider vscode.git 1314
[2022-06-15 10:33:49.436] [exthost] [warning] [Decorations] CAPPING events from decorations provider vscode.git 1314
[2022-06-15 10:35:11.221] [exthost] [warning] [Decorations] CAPPING events from decorations provider vscode.git 1314
[2022-06-15 10:35:16.343] [exthost] [warning] [Decorations] CAPPING events from decorations provider vscode.git 1314
[2022-06-15 10:35:25.830] [exthost] [warning] [Decorations] CAPPING events from decorations provider vscode.git 1314
[2022-06-15 10:35:27.654] [exthost] [warning] [Decorations] CAPPING events from decorations provider vscode.git 1314
[2022-06-15 10:35:48.960] [exthost] [warning] [Decorations] CAPPING events from decorations provider vscode.git 1314
[2022-06-15 10:36:51.074] [exthost] [warning] [Decorations] CAPPING events from decorations provider vscode.git 1314
[2022-06-15 10:36:56.203] [exthost] [warning] [Decorations] CAPPING events from decorations provider vscode.git 1314
[2022-06-15 10:38:26.222] [exthost] [warning] [Decorations] CAPPING events from decorations provider vscode.git 1314
[2022-06-15 10:38:28.102] [exthost] [warning] [Decorations] CAPPING events from decorations provider vscode.git 1314
[2022-06-15 10:38:46.350] [exthost] [warning] [Decorations] CAPPING events from decorations provider vscode.git 1314
[2022-06-15 10:38:51.497] [exthost] [warning] [Decorations] CAPPING events from decorations provider vscode.git 1314
[2022-06-15 10:39:31.717] [exthost] [warning] [Decorations] CAPPING events from decorations provider vscode.git 1314
[2022-06-15 10:41:26.654] [exthost] [warning] [Decorations] CAPPING events from decorations provider vscode.git 1314
[2022-06-15 10:41:28.528] [exthost] [warning] [Decorations] CAPPING events from decorations provider vscode.git 1314
[2022-06-15 10:44:27.184] [exthost] [warning] [Decorations] CAPPING events from decorations provider vscode.git 1314
[2022-06-15 10:47:27.567] [exthost] [warning] [Decorations] CAPPING events from decorations provider vscode.git 1314
[2022-06-15 10:47:29.439] [exthost] [warning] [Decorations] CAPPING events from decorations provider vscode.git 1314
[2022-06-15 10:50:27.976] [exthost] [warning] [Decorations] CAPPING events from decorations provider vscode.git 1314
[2022-06-15 10:50:29.123] [exthost] [warning] [Decorations] CAPPING events from decorations provider vscode.git 1314
[2022-06-15 10:50:33.551] [exthost] [warning] [Decorations] CAPPING events from decorations provider vscode.git 1314
[2022-06-15 10:50:34.882] [exthost] [warning] [Decorations] CAPPING events from decorations provider vscode.git 1314
[2022-06-15 10:50:35.642] [exthost] [warning] [Decorations] CAPPING events from decorations provider vscode.git 1313
[2022-06-15 10:50:41.207] [exthost] [warning] [Decorations] CAPPING events from decorations provider vscode.git 1313
[2022-06-15 10:50:43.137] [exthost] [warning] [Decorations] CAPPING events from decorations provider vscode.git 1313
[2022-06-15 10:51:24.203] [exthost] [warning] [Decorations] CAPPING events from decorations provider vscode.git 1313
[2022-06-15 11:09:41.942] [exthost] [warning] [Decorations] CAPPING events from decorations provider vscode.git 346
[2022-06-15 11:10:48.829] [exthost] [warning] [Decorations] CAPPING events from decorations provider vscode.git 346
[2022-06-15 11:10:50.234] [exthost] [warning] [Decorations] CAPPING events from decorations provider vscode.git 346
[2022-06-15 11:11:10.481] [exthost] [warning] [Decorations] CAPPING events from decorations provider vscode.git 347
[2022-06-15 11:13:26.591] [exthost] [warning] [Decorations] CAPPING events from decorations provider vscode.git 348
[2022-06-15 11:14:05.156] [exthost] [warning] [Decorations] CAPPING events from decorations provider vscode.git 348
[2022-06-15 11:14:06.602] [exthost] [warning] [Decorations] CAPPING events from decorations provider vscode.git 348
[2022-06-15 11:17:42.386] [exthost] [warning] [Decorations] CAPPING events from decorations provider vscode.git 348
[2022-06-15 11:17:43.834] [exthost] [warning] [Decorations] CAPPING events from decorations provider vscode.git 348
[2022-06-15 11:17:48.913] [exthost] [warning] [Decorations] CAPPING events from decorations provider vscode.git 352
[2022-06-15 11:18:51.846] [exthost] [warning] [Decorations] CAPPING events from decorations provider vscode.git 354
[2022-06-15 11:18:56.907] [exthost] [warning] [Decorations] CAPPING events from decorations provider vscode.git 354
[2022-06-15 11:19:02.528] [exthost] [warning] [Decorations] CAPPING events from decorations provider vscode.git 1312
[2022-06-15 11:19:25.422] [exthost] [warning] [Decorations] CAPPING events from decorations provider vscode.git 1312
[2022-06-15 11:19:36.912] [exthost] [warning] [Decorations] CAPPING events from decorations provider vscode.git 1312
[2022-06-15 11:19:58.528] [exthost] [warning] [Decorations] CAPPING events from decorations provider vscode.git 1312
[2022-06-15 11:20:42.834] [exthost] [warning] [Decorations] CAPPING events from decorations provider vscode.git 1312
[2022-06-15 11:20:44.749] [exthost] [warning] [Decorations] CAPPING events from decorations provider vscode.git 1312
[2022-06-15 11:22:00.564] [exthost] [info] ExtensionService#_doActivateExtension vscode.configuration-editing, startup: false, activationEvent: 'onLanguage:jsonc'
[2022-06-15 11:22:00.581] [exthost] [info] ExtensionService#_doActivateExtension vscode.json-language-features, startup: false, activationEvent: 'onLanguage:jsonc'
[2022-06-15 11:22:00.672] [exthost] [info] ExtensionService#_doActivateExtension vscode.typescript-language-features, startup: false, activationEvent: 'onLanguage:jsonc'
[2022-06-15 11:23:15.021] [exthost] [warning] [Decorations] CAPPING events from decorations provider vscode.git 1312
[2022-06-15 11:23:57.920] [exthost] [warning] [Decorations] CAPPING events from decorations provider vscode.git 1312
[2022-06-15 11:23:59.861] [exthost] [warning] [Decorations] CAPPING events from decorations provider vscode.git 1312
[2022-06-15 11:24:38.320] [exthost] [warning] [Decorations] CAPPING events from decorations provider vscode.git 1312
[2022-06-15 11:26:58.552] [exthost] [warning] [Decorations] CAPPING events from decorations provider vscode.git 1312
[2022-06-15 11:27:00.461] [exthost] [warning] [Decorations] CAPPING events from decorations provider vscode.git 1312
[2022-06-15 11:28:18.015] [exthost] [warning] [Decorations] CAPPING events from decorations provider vscode.git 1312
[2022-06-15 11:28:48.888] [exthost] [warning] [Decorations] CAPPING events from decorations provider vscode.git 1309
[2022-06-15 11:29:50.096] [exthost] [warning] [Decorations] CAPPING events from decorations provider vscode.git 351
[2022-06-15 11:29:59.096] [exthost] [warning] [Decorations] CAPPING events from decorations provider vscode.git 351
[2022-06-15 11:30:01.613] [exthost] [warning] [Decorations] CAPPING events from decorations provider vscode.git 1309
[2022-06-15 11:32:43.907] [exthost] [warning] [Decorations] CAPPING events from decorations provider vscode.git 1309
[2022-06-15 11:32:59.470] [exthost] [warning] [Decorations] CAPPING events from decorations provider vscode.git 1309
[2022-06-15 11:33:01.363] [exthost] [warning] [Decorations] CAPPING events from decorations provider vscode.git 1309
[2022-06-15 11:35:59.817] [exthost] [warning] [Decorations] CAPPING events from decorations provider vscode.git 1309
[2022-06-15 11:36:01.655] [exthost] [warning] [Decorations] CAPPING events from decorations provider vscode.git 1309
[2022-06-15 11:39:00.188] [exthost] [warning] [Decorations] CAPPING events from decorations provider vscode.git 1309
[2022-06-15 11:39:01.990] [exthost] [warning] [Decorations] CAPPING events from decorations provider vscode.git 1309
[2022-06-15 11:39:28.152] [exthost] [warning] [Decorations] CAPPING events from decorations provider vscode.git 1309
[2022-06-15 11:40:41.022] [exthost] [warning] [Decorations] CAPPING events from decorations provider vscode.git 1309
[2022-06-15 11:41:02.301] [exthost] [warning] [Decorations] CAPPING events from decorations provider vscode.git 1309
[2022-06-15 11:41:07.394] [exthost] [warning] [Decorations] CAPPING events from decorations provider vscode.git 1310
[2022-06-15 11:41:18.777] [exthost] [warning] [Decorations] CAPPING events from decorations provider vscode.git 1310
[2022-06-15 11:42:00.554] [exthost] [warning] [Decorations] CAPPING events from decorations provider vscode.git 1310
[2022-06-15 11:42:02.419] [exthost] [warning] [Decorations] CAPPING events from decorations provider vscode.git 1310
[2022-06-15 11:42:54.432] [exthost] [warning] [Decorations] CAPPING events from decorations provider vscode.git 1310
[2022-06-15 11:43:13.123] [exthost] [warning] [Decorations] CAPPING events from decorations provider vscode.git 1310
[2022-06-15 11:43:18.796] [exthost] [warning] [Decorations] CAPPING events from decorations provider vscode.git 1310
[2022-06-15 11:44:38.493] [exthost] [warning] [Decorations] CAPPING events from decorations provider vscode.git 1310
[2022-06-15 11:44:43.597] [exthost] [warning] [Decorations] CAPPING events from decorations provider vscode.git 1310
[2022-06-15 11:45:17.451] [exthost] [warning] [Decorations] CAPPING events from decorations provider vscode.git 1310
[2022-06-15 11:45:19.386] [exthost] [warning] [Decorations] CAPPING events from decorations provider vscode.git 1310
[2022-06-15 11:47:00.452] [exthost] [warning] [Decorations] CAPPING events from decorations provider vscode.git 1310
[2022-06-15 11:51:46.969] [exthost] [warning] [Decorations] CAPPING events from decorations provider vscode.git 1310
[2022-06-15 11:51:48.911] [exthost] [warning] [Decorations] CAPPING events from decorations provider vscode.git 1310
[2022-06-15 11:54:47.451] [exthost] [warning] [Decorations] CAPPING events from decorations provider vscode.git 1310
[2022-06-15 11:54:49.342] [exthost] [warning] [Decorations] CAPPING events from decorations provider vscode.git 1310
[2022-06-15 11:57:47.896] [exthost] [warning] [Decorations] CAPPING events from decorations provider vscode.git 1310
[2022-06-15 11:57:49.757] [exthost] [warning] [Decorations] CAPPING events from decorations provider vscode.git 1310
[2022-06-15 12:00:48.348] [exthost] [warning] [Decorations] CAPPING events from decorations provider vscode.git 1310
[2022-06-15 12:00:50.269] [exthost] [warning] [Decorations] CAPPING events from decorations provider vscode.git 1310
[2022-06-15 12:03:48.868] [exthost] [warning] [Decorations] CAPPING events from decorations provider vscode.git 1310
[2022-06-15 12:03:50.787] [exthost] [warning] [Decorations] CAPPING events from decorations provider vscode.git 1310
[2022-06-15 12:06:49.358] [exthost] [warning] [Decorations] CAPPING events from decorations provider vscode.git 1310
[2022-06-15 12:06:51.316] [exthost] [warning] [Decorations] CAPPING events from decorations provider vscode.git 1310
[2022-06-15 12:09:50.009] [exthost] [warning] [Decorations] CAPPING events from decorations provider vscode.git 1310
[2022-06-15 12:09:51.921] [exthost] [warning] [Decorations] CAPPING events from decorations provider vscode.git 1310
[2022-06-15 12:12:50.510] [exthost] [warning] [Decorations] CAPPING events from decorations provider vscode.git 1310
[2022-06-15 12:12:52.471] [exthost] [warning] [Decorations] CAPPING events from decorations provider vscode.git 1310
[2022-06-15 12:15:51.008] [exthost] [warning] [Decorations] CAPPING events from decorations provider vscode.git 1310
[2022-06-15 12:15:52.958] [exthost] [warning] [Decorations] CAPPING events from decorations provider vscode.git 1310
[2022-06-15 12:18:51.442] [exthost] [warning] [Decorations] CAPPING events from decorations provider vscode.git 1310
[2022-06-15 12:18:53.483] [exthost] [warning] [Decorations] CAPPING events from decorations provider vscode.git 1310
[2022-06-15 12:21:51.833] [exthost] [warning] [Decorations] CAPPING events from decorations provider vscode.git 1310
[2022-06-15 12:21:53.696] [exthost] [warning] [Decorations] CAPPING events from decorations provider vscode.git 1310
[2022-06-15 12:24:52.243] [exthost] [warning] [Decorations] CAPPING events from decorations provider vscode.git 1310
[2022-06-15 12:24:54.061] [exthost] [warning] [Decorations] CAPPING events from decorations provider vscode.git 1310
[2022-06-15 12:27:52.600] [exthost] [warning] [Decorations] CAPPING events from decorations provider vscode.git 1310
[2022-06-15 12:27:54.386] [exthost] [warning] [Decorations] CAPPING events from decorations provider vscode.git 1310
[2022-06-15 12:30:52.980] [exthost] [warning] [Decorations] CAPPING events from decorations provider vscode.git 1310
[2022-06-15 12:30:54.823] [exthost] [warning] [Decorations] CAPPING events from decorations provider vscode.git 1310
[2022-06-15 12:33:53.379] [exthost] [warning] [Decorations] CAPPING events from decorations provider vscode.git 1310
[2022-06-15 12:33:55.207] [exthost] [warning] [Decorations] CAPPING events from decorations provider vscode.git 1310
[2022-06-15 12:36:53.756] [exthost] [warning] [Decorations] CAPPING events from decorations provider vscode.git 1310
[2022-06-15 12:36:55.625] [exthost] [warning] [Decorations] CAPPING events from decorations provider vscode.git 1310
[2022-06-15 12:39:54.112] [exthost] [warning] [Decorations] CAPPING events from decorations provider vscode.git 1310
[2022-06-15 12:39:55.921] [exthost] [warning] [Decorations] CAPPING events from decorations provider vscode.git 1310
[2022-06-15 12:42:54.498] [exthost] [warning] [Decorations] CAPPING events from decorations provider vscode.git 1310
[2022-06-15 12:42:56.353] [exthost] [warning] [Decorations] CAPPING events from decorations provider vscode.git 1310
[2022-06-15 12:45:54.851] [exthost] [warning] [Decorations] CAPPING events from decorations provider vscode.git 1310
[2022-06-15 12:45:56.686] [exthost] [warning] [Decorations] CAPPING events from decorations provider vscode.git 1310
[2022-06-15 12:48:56.409] [exthost] [warning] [Decorations] CAPPING events from decorations provider vscode.git 1310
[2022-06-15 12:48:58.269] [exthost] [warning] [Decorations] CAPPING events from decorations provider vscode.git 1310
[2022-06-15 12:51:56.975] [exthost] [warning] [Decorations] CAPPING events from decorations provider vscode.git 1310
[2022-06-15 12:51:58.849] [exthost] [warning] [Decorations] CAPPING events from decorations provider vscode.git 1310
[2022-06-15 12:54:57.367] [exthost] [warning] [Decorations] CAPPING events from decorations provider vscode.git 1310
[2022-06-15 12:54:59.266] [exthost] [warning] [Decorations] CAPPING events from decorations provider vscode.git 1310
[2022-06-15 12:57:57.721] [exthost] [warning] [Decorations] CAPPING events from decorations provider vscode.git 1310
[2022-06-15 12:57:59.567] [exthost] [warning] [Decorations] CAPPING events from decorations provider vscode.git 1310
[2022-06-15 13:00:58.072] [exthost] [warning] [Decorations] CAPPING events from decorations provider vscode.git 1310
[2022-06-15 13:00:59.886] [exthost] [warning] [Decorations] CAPPING events from decorations provider vscode.git 1310
[2022-06-15 13:04:01.090] [exthost] [warning] [Decorations] CAPPING events from decorations provider vscode.git 1310
[2022-06-15 13:04:03.023] [exthost] [warning] [Decorations] CAPPING events from decorations provider vscode.git 1310
[2022-06-15 13:07:01.508] [exthost] [warning] [Decorations] CAPPING events from decorations provider vscode.git 1310
[2022-06-15 13:07:03.361] [exthost] [warning] [Decorations] CAPPING events from decorations provider vscode.git 1310
[2022-06-15 13:10:05.389] [exthost] [warning] [Decorations] CAPPING events from decorations provider vscode.git 1310
[2022-06-15 13:10:07.282] [exthost] [warning] [Decorations] CAPPING events from decorations provider vscode.git 1310
[2022-06-15 13:13:05.877] [exthost] [warning] [Decorations] CAPPING events from decorations provider vscode.git 1310
[2022-06-15 13:13:07.752] [exthost] [warning] [Decorations] CAPPING events from decorations provider vscode.git 1310
[2022-06-15 13:16:06.347] [exthost] [warning] [Decorations] CAPPING events from decorations provider vscode.git 1310
[2022-06-15 13:16:08.297] [exthost] [warning] [Decorations] CAPPING events from decorations provider vscode.git 1310
[2022-06-15 13:19:06.813] [exthost] [warning] [Decorations] CAPPING events from decorations provider vscode.git 1310
[2022-06-15 13:19:08.745] [exthost] [warning] [Decorations] CAPPING events from decorations provider vscode.git 1310
[2022-06-15 13:22:07.313] [exthost] [warning] [Decorations] CAPPING events from decorations provider vscode.git 1310
[2022-06-15 13:22:09.271] [exthost] [warning] [Decorations] CAPPING events from decorations provider vscode.git 1310
[2022-06-15 13:25:07.746] [exthost] [warning] [Decorations] CAPPING events from decorations provider vscode.git 1310
[2022-06-15 13:25:09.706] [exthost] [warning] [Decorations] CAPPING events from decorations provider vscode.git 1310
[2022-06-15 13:28:08.211] [exthost] [warning] [Decorations] CAPPING events from decorations provider vscode.git 1310
[2022-06-15 13:28:10.159] [exthost] [warning] [Decorations] CAPPING events from decorations provider vscode.git 1310
[2022-06-15 13:31:08.649] [exthost] [warning] [Decorations] CAPPING events from decorations provider vscode.git 1310
[2022-06-15 13:31:10.565] [exthost] [warning] [Decorations] CAPPING events from decorations provider vscode.git 1310
[2022-06-15 13:34:09.242] [exthost] [warning] [Decorations] CAPPING events from decorations provider vscode.git 1310
[2022-06-15 13:34:11.147] [exthost] [warning] [Decorations] CAPPING events from decorations provider vscode.git 1310
[2022-06-15 13:48:42.490] [exthost] [warning] [Decorations] CAPPING events from decorations provider vscode.git 1310
[2022-06-15 13:48:44.365] [exthost] [warning] [Decorations] CAPPING events from decorations provider vscode.git 1310
[2022-06-15 13:51:43.164] [exthost] [warning] [Decorations] CAPPING events from decorations provider vscode.git 1310
[2022-06-15 13:51:45.118] [exthost] [warning] [Decorations] CAPPING events from decorations provider vscode.git 1310
[2022-06-15 13:54:43.624] [exthost] [warning] [Decorations] CAPPING events from decorations provider vscode.git 1310
[2022-06-15 13:54:45.510] [exthost] [warning] [Decorations] CAPPING events from decorations provider vscode.git 1310
[2022-06-15 13:57:46.098] [exthost] [warning] [Decorations] CAPPING events from decorations provider vscode.git 1310
[2022-06-15 13:57:47.938] [exthost] [warning] [Decorations] CAPPING events from decorations provider vscode.git 1310
[2022-06-15 14:00:46.515] [exthost] [warning] [Decorations] CAPPING events from decorations provider vscode.git 1310
[2022-06-15 14:00:48.384] [exthost] [warning] [Decorations] CAPPING events from decorations provider vscode.git 1310
[2022-06-15 14:03:46.998] [exthost] [warning] [Decorations] CAPPING events from decorations provider vscode.git 1310
[2022-06-15 14:03:48.948] [exthost] [warning] [Decorations] CAPPING events from decorations provider vscode.git 1310
[2022-06-15 14:06:48.026] [exthost] [warning] [Decorations] CAPPING events from decorations provider vscode.git 1310
[2022-06-15 14:06:49.919] [exthost] [warning] [Decorations] CAPPING events from decorations provider vscode.git 1310
[2022-06-15 14:09:48.678] [exthost] [warning] [Decorations] CAPPING events from decorations provider vscode.git 1310
[2022-06-15 14:09:50.542] [exthost] [warning] [Decorations] CAPPING events from decorations provider vscode.git 1310
[2022-06-15 14:13:12.691] [exthost] [warning] [Decorations] CAPPING events from decorations provider vscode.git 1310
[2022-06-15 14:13:14.578] [exthost] [warning] [Decorations] CAPPING events from decorations provider vscode.git 1310
[2022-06-15 14:16:19.085] [exthost] [warning] [Decorations] CAPPING events from decorations provider vscode.git 1310
[2022-06-15 14:16:20.988] [exthost] [warning] [Decorations] CAPPING events from decorations provider vscode.git 1310
[2022-06-15 14:20:45.228] [exthost] [warning] [Decorations] CAPPING events from decorations provider vscode.git 1310
[2022-06-15 14:20:47.093] [exthost] [warning] [Decorations] CAPPING events from decorations provider vscode.git 1310
[2022-06-15 14:24:23.998] [exthost] [warning] [Decorations] CAPPING events from decorations provider vscode.git 1310
[2022-06-15 14:24:25.841] [exthost] [warning] [Decorations] CAPPING events from decorations provider vscode.git 1310
[2022-06-15 14:36:42.060] [exthost] [warning] [Decorations] CAPPING events from decorations provider vscode.git 1310
[2022-06-15 14:36:43.994] [exthost] [warning] [Decorations] CAPPING events from decorations provider vscode.git 1310
[2022-06-15 14:39:42.705] [exthost] [warning] [Decorations] CAPPING events from decorations provider vscode.git 1310
[2022-06-15 14:39:44.635] [exthost] [warning] [Decorations] CAPPING events from decorations provider vscode.git 1310
[2022-06-15 14:42:49.670] [exthost] [warning] [Decorations] CAPPING events from decorations provider vscode.git 1310
[2022-06-15 14:42:51.577] [exthost] [warning] [Decorations] CAPPING events from decorations provider vscode.git 1310
[2022-06-15 14:45:50.141] [exthost] [warning] [Decorations] CAPPING events from decorations provider vscode.git 1310
[2022-06-15 14:45:52.126] [exthost] [warning] [Decorations] CAPPING events from decorations provider vscode.git 1310
[2022-06-15 14:48:50.589] [exthost] [warning] [Decorations] CAPPING events from decorations provider vscode.git 1310
[2022-06-15 14:50:02.279] [exthost] [warning] [Decorations] CAPPING events from decorations provider vscode.git 1310
[2022-06-15 14:51:51.115] [exthost] [warning] [Decorations] CAPPING events from decorations provider vscode.git 1310
[2022-06-15 14:51:52.238] [exthost] [warning] [Decorations] CAPPING events from decorations provider vscode.git 1310
[2022-06-15 14:54:51.660] [exthost] [warning] [Decorations] CAPPING events from decorations provider vscode.git 1310
[2022-06-15 14:54:52.790] [exthost] [warning] [Decorations] CAPPING events from decorations provider vscode.git 1310
[2022-06-15 14:57:52.158] [exthost] [warning] [Decorations] CAPPING events from decorations provider vscode.git 1310
[2022-06-15 14:57:54.082] [exthost] [warning] [Decorations] CAPPING events from decorations provider vscode.git 1310
[2022-06-15 15:00:52.648] [exthost] [warning] [Decorations] CAPPING events from decorations provider vscode.git 1310
[2022-06-15 15:00:54.645] [exthost] [warning] [Decorations] CAPPING events from decorations provider vscode.git 1310
[2022-06-15 15:01:14.292] [exthost] [warning] [Decorations] CAPPING events from decorations provider vscode.git 1310
[2022-06-15 15:09:14.694] [exthost] [warning] [Decorations] CAPPING events from decorations provider vscode.git 1314
[2022-06-15 15:09:15.229] [exthost] [warning] [Decorations] CAPPING events from decorations provider vscode.git 1314
[2022-06-15 15:09:16.355] [exthost] [warning] [Decorations] CAPPING events from decorations provider vscode.git 1314
[2022-06-15 15:09:33.785] [exthost] [warning] [Decorations] CAPPING events from decorations provider vscode.git 1315
[2022-06-15 15:10:12.691] [exthost] [warning] [Decorations] CAPPING events from decorations provider vscode.git 1315
[2022-06-15 18:37:46.189] [exthost] [info] Extension host terminating: renderer disconnected for too long (1)
[2022-06-15 18:37:46.194] [exthost] [info] Lock '/home/rauli/.vscode-server/data/User/workspaceStorage/72edff11ca1f0b80be223a385aed8ecd/vscode.lock': Marking the lockfile as scheduled to be released in 6000 ms.
[2022-06-15 18:37:46.266] [exthost] [info] Extension host with pid 17585 exiting with code 0
