[2022-06-13T14:53:40.910Z] Validating found git in: git
[2022-06-13T14:53:40.957Z] Using git 2.17.1 from git
[2022-06-13T14:53:40.979Z] > git rev-parse --show-toplevel [8ms]
[2022-06-13T14:53:41.015Z] > git rev-parse --git-dir --git-common-dir [24ms]
[2022-06-13T14:53:41.023Z] Open repository: /home/rauli/flask_intro
[2022-06-13T14:53:41.061Z] > git status -z -uall [10ms]
[2022-06-13T14:53:41.084Z] > git symbolic-ref --short HEAD [13ms]
[2022-06-13T14:53:41.107Z] > git for-each-ref --format=%(refname)%00%(upstream:short)%00%(objectname)%00%(upstream:track)%00%(upstream:remotename)%00%(upstream:remoteref) refs/heads/main refs/remotes/main [13ms]
[2022-06-13T14:53:41.139Z] > git for-each-ref --sort -committerdate --format %(refname) %(objectname) %(*objectname) [22ms]
[2022-06-13T14:53:41.143Z] > git remote --verbose [12ms]
[2022-06-13T14:53:41.194Z] > git config --get commit.template [6ms]
[2022-06-13T14:53:41.447Z] > git fetch [410ms]
[2022-06-13T14:53:41.456Z] > git status -z -uall [0ms]
[2022-06-13T14:53:41.465Z] > git symbolic-ref --short HEAD [1ms]
[2022-06-13T14:53:41.474Z] > git for-each-ref --format=%(refname)%00%(upstream:short)%00%(objectname)%00%(upstream:track)%00%(upstream:remotename)%00%(upstream:remoteref) refs/heads/main refs/remotes/main [3ms]
[2022-06-13T14:53:41.489Z] > git for-each-ref --sort -committerdate --format %(refname) %(objectname) %(*objectname) [10ms]
[2022-06-13T14:53:41.490Z] > git remote --verbose [2ms]
[2022-06-13T14:53:41.502Z] > git config --get commit.template [1ms]
[2022-06-13T14:53:41.613Z] > git check-ignore -v -z --stdin [2ms]
[2022-06-13T14:53:42.554Z] > git status -z -uall [2ms]
[2022-06-13T14:53:42.564Z] > git symbolic-ref --short HEAD [1ms]
[2022-06-13T14:53:42.573Z] > git for-each-ref --format=%(refname)%00%(upstream:short)%00%(objectname)%00%(upstream:track)%00%(upstream:remotename)%00%(upstream:remoteref) refs/heads/main refs/remotes/main [1ms]
[2022-06-13T14:53:42.587Z] > git remote --verbose [1ms]
[2022-06-13T14:53:42.588Z] > git for-each-ref --sort -committerdate --format %(refname) %(objectname) %(*objectname) [8ms]
[2022-06-13T14:53:42.596Z] > git config --get commit.template [1ms]
[2022-06-13T14:56:41.826Z] > git fetch [310ms]
[2022-06-13T14:56:41.838Z] > git status -z -uall [4ms]
[2022-06-13T14:56:41.852Z] > git symbolic-ref --short HEAD [5ms]
[2022-06-13T14:56:41.865Z] > git for-each-ref --format=%(refname)%00%(upstream:short)%00%(objectname)%00%(upstream:track)%00%(upstream:remotename)%00%(upstream:remoteref) refs/heads/main refs/remotes/main [5ms]
[2022-06-13T14:56:41.884Z] > git for-each-ref --sort -committerdate --format %(refname) %(objectname) %(*objectname) [11ms]
[2022-06-13T14:56:41.888Z] > git remote --verbose [6ms]
[2022-06-13T14:56:41.906Z] > git config --get commit.template [4ms]
[2022-06-13T14:56:42.929Z] > git status -z -uall [2ms]
[2022-06-13T14:56:42.935Z] > git symbolic-ref --short HEAD [1ms]
[2022-06-13T14:56:42.942Z] > git for-each-ref --format=%(refname)%00%(upstream:short)%00%(objectname)%00%(upstream:track)%00%(upstream:remotename)%00%(upstream:remoteref) refs/heads/main refs/remotes/main [1ms]
[2022-06-13T14:56:42.954Z] > git remote --verbose [1ms]
[2022-06-13T14:56:42.954Z] > git for-each-ref --sort -committerdate --format %(refname) %(objectname) %(*objectname) [7ms]
[2022-06-13T14:56:42.962Z] > git config --get commit.template [1ms]
[2022-06-13T15:00:15.578Z] > git fetch [255ms]
[2022-06-13T15:00:15.587Z] > git status -z -uall [2ms]
[2022-06-13T15:00:15.593Z] > git symbolic-ref --short HEAD [1ms]
[2022-06-13T15:00:15.600Z] > git for-each-ref --format=%(refname)%00%(upstream:short)%00%(objectname)%00%(upstream:track)%00%(upstream:remotename)%00%(upstream:remoteref) refs/heads/main refs/remotes/main [1ms]
[2022-06-13T15:00:15.612Z] > git remote --verbose [2ms]
[2022-06-13T15:00:15.612Z] > git for-each-ref --sort -committerdate --format %(refname) %(objectname) %(*objectname) [7ms]
[2022-06-13T15:00:15.620Z] > git config --get commit.template [0ms]
[2022-06-13T15:00:16.682Z] > git status -z -uall [2ms]
[2022-06-13T15:00:16.689Z] > git symbolic-ref --short HEAD [2ms]
[2022-06-13T15:00:16.697Z] > git for-each-ref --format=%(refname)%00%(upstream:short)%00%(objectname)%00%(upstream:track)%00%(upstream:remotename)%00%(upstream:remoteref) refs/heads/main refs/remotes/main [2ms]
[2022-06-13T15:00:16.709Z] > git remote --verbose [2ms]
[2022-06-13T15:00:16.709Z] > git for-each-ref --sort -committerdate --format %(refname) %(objectname) %(*objectname) [6ms]
[2022-06-13T15:00:16.718Z] > git config --get commit.template [1ms]
[2022-06-13T15:03:15.982Z] > git fetch [350ms]
[2022-06-13T15:03:15.995Z] > git status -z -uall [2ms]
[2022-06-13T15:03:16.009Z] > git symbolic-ref --short HEAD [4ms]
[2022-06-13T15:03:16.022Z] > git for-each-ref --format=%(refname)%00%(upstream:short)%00%(objectname)%00%(upstream:track)%00%(upstream:remotename)%00%(upstream:remoteref) refs/heads/main refs/remotes/main [4ms]
[2022-06-13T15:03:16.043Z] > git for-each-ref --sort -committerdate --format %(refname) %(objectname) %(*objectname) [13ms]
[2022-06-13T15:03:16.047Z] > git remote --verbose [8ms]
[2022-06-13T15:03:16.062Z] > git config --get commit.template [4ms]
[2022-06-13T15:03:17.090Z] > git status -z -uall [5ms]
[2022-06-13T15:03:17.102Z] > git symbolic-ref --short HEAD [4ms]
[2022-06-13T15:03:17.113Z] > git for-each-ref --format=%(refname)%00%(upstream:short)%00%(objectname)%00%(upstream:track)%00%(upstream:remotename)%00%(upstream:remoteref) refs/heads/main refs/remotes/main [4ms]
[2022-06-13T15:03:17.133Z] > git for-each-ref --sort -committerdate --format %(refname) %(objectname) %(*objectname) [12ms]
[2022-06-13T15:03:17.136Z] > git remote --verbose [5ms]
[2022-06-13T15:03:17.152Z] > git config --get commit.template [5ms]
