[2022-06-20T15:16:20.617Z] Validating found git in: git
[2022-06-20T15:16:20.705Z] Using git 2.17.1 from git
[2022-06-20T15:16:20.805Z] > git rev-parse --show-toplevel [69ms]
[2022-06-20T15:16:20.842Z] > git rev-parse --git-dir --git-common-dir [24ms]
[2022-06-20T15:16:20.852Z] Open repository: /home/rauli/flask-stages
[2022-06-20T15:16:20.890Z] > git status -z -uall [13ms]
[2022-06-20T15:16:20.906Z] > git symbolic-ref --short HEAD [6ms]
[2022-06-20T15:16:20.924Z] > git for-each-ref --format=%(refname)%00%(upstream:short)%00%(objectname)%00%(upstream:track)%00%(upstream:remotename)%00%(upstream:remoteref) refs/heads/master refs/remotes/master [5ms]
[2022-06-20T15:16:20.953Z] > git for-each-ref --sort -committerdate --format %(refname) %(objectname) %(*objectname) [19ms]
[2022-06-20T15:16:20.958Z] > git remote --verbose [13ms]
[2022-06-20T15:16:20.978Z] > git config --get commit.template [6ms]
[2022-06-20T15:16:21.341Z] > git fetch [476ms]
[2022-06-20T15:16:21.352Z] > git status -z -uall [3ms]
[2022-06-20T15:16:21.363Z] > git symbolic-ref --short HEAD [2ms]
[2022-06-20T15:16:21.373Z] > git for-each-ref --format=%(refname)%00%(upstream:short)%00%(objectname)%00%(upstream:track)%00%(upstream:remotename)%00%(upstream:remoteref) refs/heads/master refs/remotes/master [1ms]
[2022-06-20T15:16:21.391Z] > git remote --verbose [4ms]
[2022-06-20T15:16:21.391Z] > git for-each-ref --sort -committerdate --format %(refname) %(objectname) %(*objectname) [11ms]
[2022-06-20T15:16:21.403Z] > git config --get commit.template [1ms]
[2022-06-20T15:16:21.629Z] > git check-ignore -v -z --stdin [1ms]
[2022-06-20T15:16:22.438Z] > git status -z -uall [1ms]
[2022-06-20T15:16:22.450Z] > git symbolic-ref --short HEAD [1ms]
[2022-06-20T15:16:22.460Z] > git for-each-ref --format=%(refname)%00%(upstream:short)%00%(objectname)%00%(upstream:track)%00%(upstream:remotename)%00%(upstream:remoteref) refs/heads/master refs/remotes/master [0ms]
[2022-06-20T15:16:22.481Z] > git remote --verbose [2ms]
[2022-06-20T15:16:22.482Z] > git for-each-ref --sort -committerdate --format %(refname) %(objectname) %(*objectname) [11ms]
[2022-06-20T15:16:22.496Z] > git config --get commit.template [1ms]
[2022-06-20T15:16:27.469Z] > git check-ignore -v -z --stdin [1ms]
[2022-06-20T15:16:31.794Z] > git check-ignore -v -z --stdin [1ms]
[2022-06-20T15:16:33.689Z] > git check-ignore -v -z --stdin [2ms]
[2022-06-20T15:16:39.705Z] > git check-ignore -v -z --stdin [2ms]
