[2022-06-20T15:22:42.517Z] Validating found git in: git
[2022-06-20T15:22:42.582Z] Using git 2.17.1 from git
[2022-06-20T15:22:42.634Z] > git rev-parse --show-toplevel [35ms]
[2022-06-20T15:22:42.634Z] fatal: not a git repository (or any of the parent directories): .git
[2022-06-20T15:22:42.655Z] > git rev-parse --show-toplevel [6ms]
[2022-06-20T15:22:42.655Z] fatal: not a git repository (or any of the parent directories): .git
[2022-06-20T15:22:42.669Z] > git rev-parse --show-toplevel [2ms]
[2022-06-20T15:22:42.669Z] fatal: not a git repository (or any of the parent directories): .git
[2022-06-20T15:22:42.681Z] > git rev-parse --show-toplevel [2ms]
[2022-06-20T15:22:42.681Z] fatal: not a git repository (or any of the parent directories): .git
[2022-06-20T15:22:42.693Z] > git rev-parse --show-toplevel [2ms]
[2022-06-20T15:22:42.693Z] fatal: not a git repository (or any of the parent directories): .git
[2022-06-20T15:22:42.706Z] > git rev-parse --show-toplevel [2ms]
[2022-06-20T15:22:42.706Z] fatal: not a git repository (or any of the parent directories): .git
[2022-06-20T15:22:42.718Z] > git rev-parse --show-toplevel [1ms]
[2022-06-20T15:22:42.718Z] fatal: not a git repository (or any of the parent directories): .git
[2022-06-20T15:22:42.731Z] > git rev-parse --show-toplevel [1ms]
[2022-06-20T15:22:42.743Z] > git rev-parse --git-dir --git-common-dir [1ms]
[2022-06-20T15:22:42.752Z] Open repository: /home/rauli/ToDoForked
[2022-06-20T15:22:42.797Z] > git status -z -uall [17ms]
[2022-06-20T15:22:42.812Z] > git rev-parse --show-toplevel [18ms]
[2022-06-20T15:22:44.265Z] > git symbolic-ref --short HEAD [1454ms]
[2022-06-20T15:22:44.315Z] > git for-each-ref --format=%(refname)%00%(upstream:short)%00%(objectname)%00%(upstream:track)%00%(upstream:remotename)%00%(upstream:remoteref) refs/heads/main refs/remotes/main [32ms]
[2022-06-20T15:22:44.364Z] > git fetch [1598ms]
[2022-06-20T15:22:44.364Z] > git rev-parse --git-dir --git-common-dir [1535ms]
[2022-06-20T15:22:44.368Z] Open repository: /home/rauli/assesment2
[2022-06-20T15:22:44.431Z] > git status -z -uall [25ms]
[2022-06-20T15:22:44.458Z] > git remote --verbose [96ms]
[2022-06-20T15:22:44.459Z] > git for-each-ref --sort -committerdate --format %(refname) %(objectname) %(*objectname) [122ms]
[2022-06-20T15:22:44.492Z] > git rev-parse --show-toplevel [65ms]
[2022-06-20T15:22:44.515Z] > git rev-parse --git-dir --git-common-dir [4ms]
[2022-06-20T15:22:44.519Z] Open repository: /home/rauli/exercise
[2022-06-20T15:22:44.584Z] > git config --get commit.template [94ms]
[2022-06-20T15:22:44.611Z] > git symbolic-ref --short HEAD [154ms]
[2022-06-20T15:22:45.188Z] > git status -z -uall [628ms]
[2022-06-20T15:22:45.208Z] > git status -z -uall [598ms]
[2022-06-20T15:22:45.227Z] > git rev-parse --show-toplevel [644ms]
[2022-06-20T15:22:45.284Z] > git rev-parse --git-dir --git-common-dir [38ms]
[2022-06-20T15:22:45.287Z] Open repository: /home/rauli/exercise_dif
[2022-06-20T15:22:45.349Z] > git symbolic-ref --short HEAD [123ms]
[2022-06-20T15:22:45.375Z] > git symbolic-ref --short HEAD [168ms]
[2022-06-20T15:22:45.401Z] > git fetch [861ms]
[2022-06-20T15:22:45.401Z] > git fetch [1014ms]
[2022-06-20T15:22:45.401Z] > git for-each-ref --format=%(refname)%00%(upstream:short)%00%(objectname)%00%(upstream:track)%00%(upstream:remotename)%00%(upstream:remoteref) refs/heads/master refs/remotes/master [754ms]
[2022-06-20T15:22:45.445Z] > git status -z -uall [119ms]
[2022-06-20T15:22:45.464Z] > git remote --verbose [25ms]
[2022-06-20T15:22:45.464Z] > git for-each-ref --sort -committerdate --format %(refname) %(objectname) %(*objectname) [44ms]
[2022-06-20T15:22:45.467Z] > git for-each-ref --format=%(refname)%00%(upstream:short)%00%(objectname)%00%(upstream:track)%00%(upstream:remotename)%00%(upstream:remoteref) refs/heads/main refs/remotes/main [66ms]
[2022-06-20T15:22:45.506Z] > git for-each-ref --format=%(refname)%00%(upstream:short)%00%(objectname)%00%(upstream:track)%00%(upstream:remotename)%00%(upstream:remoteref) refs/heads/main refs/remotes/main [132ms]
[2022-06-20T15:22:45.542Z] > git rev-parse --show-toplevel [193ms]
[2022-06-20T15:22:45.543Z] fatal: not a git repository (or any of the parent directories): .git
[2022-06-20T15:22:45.583Z] > git rev-parse --show-toplevel [22ms]
[2022-06-20T15:22:45.602Z] > git remote --verbose [60ms]
[2022-06-20T15:22:45.602Z] > git for-each-ref --sort -committerdate --format %(refname) %(objectname) %(*objectname) [78ms]
[2022-06-20T15:22:45.606Z] > git remote --verbose [101ms]
[2022-06-20T15:22:45.607Z] > git for-each-ref --sort -committerdate --format %(refname) %(objectname) %(*objectname) [120ms]
[2022-06-20T15:22:45.611Z] > git symbolic-ref --short HEAD [148ms]
[2022-06-20T15:22:45.671Z] > git for-each-ref --format=%(refname)%00%(upstream:short)%00%(objectname)%00%(upstream:track)%00%(upstream:remotename)%00%(upstream:remoteref) refs/heads/master refs/remotes/master [40ms]
[2022-06-20T15:22:45.708Z] > git rev-parse --git-dir --git-common-dir [107ms]
[2022-06-20T15:22:45.712Z] Open repository: /home/rauli/flask
[2022-06-20T15:22:45.800Z] > git config --get commit.template [218ms]
[2022-06-20T15:22:45.827Z] > git fetch [521ms]
[2022-06-20T15:22:45.833Z] > git status -z -uall [81ms]
[2022-06-20T15:22:45.855Z] > git status -z -uall [28ms]
[2022-06-20T15:22:45.877Z] > git rev-parse --show-toplevel [78ms]
[2022-06-20T15:22:45.877Z] fatal: not a git repository (or any of the parent directories): .git
[2022-06-20T15:22:45.898Z] > git remote --verbose [191ms]
[2022-06-20T15:22:45.898Z] > git for-each-ref --sort -committerdate --format %(refname) %(objectname) %(*objectname) [208ms]
[2022-06-20T15:22:45.901Z] > git config --get commit.template [231ms]
[2022-06-20T15:22:45.920Z] > git config --get commit.template [269ms]
[2022-06-20T15:22:45.957Z] > git status -z -uall [38ms]
[2022-06-20T15:22:45.976Z] > git rev-parse --show-toplevel [79ms]
[2022-06-20T15:22:45.976Z] fatal: not a git repository (or any of the parent directories): .git
[2022-06-20T15:22:45.998Z] > git symbolic-ref --short HEAD [121ms]
[2022-06-20T15:22:46.018Z] > git symbolic-ref --short HEAD [164ms]
[2022-06-20T15:22:46.048Z] > git for-each-ref --format=%(refname)%00%(upstream:short)%00%(objectname)%00%(upstream:track)%00%(upstream:remotename)%00%(upstream:remoteref) refs/heads/master refs/remotes/master [30ms]
[2022-06-20T15:22:46.091Z] > git rev-parse --show-toplevel [93ms]
[2022-06-20T15:22:46.110Z] > git symbolic-ref --short HEAD [134ms]
[2022-06-20T15:22:46.130Z] > git config --get commit.template [187ms]
[2022-06-20T15:22:46.154Z] > git status -z -uall [3ms]
[2022-06-20T15:22:46.174Z] > git for-each-ref --format=%(refname)%00%(upstream:short)%00%(objectname)%00%(upstream:track)%00%(upstream:remotename)%00%(upstream:remoteref) refs/heads/main refs/remotes/main [44ms]
[2022-06-20T15:22:46.212Z] > git rev-parse --git-dir --git-common-dir [102ms]
[2022-06-20T15:22:46.215Z] Open repository: /home/rauli/flask-stages
[2022-06-20T15:22:46.288Z] > git remote --verbose [198ms]
[2022-06-20T15:22:46.288Z] > git for-each-ref --sort -committerdate --format %(refname) %(objectname) %(*objectname) [218ms]
[2022-06-20T15:22:46.298Z] > git fetch [567ms]
[2022-06-20T15:22:46.299Z] > git for-each-ref --format=%(refname)%00%(upstream:short)%00%(objectname)%00%(upstream:track)%00%(upstream:remotename)%00%(upstream:remoteref) refs/heads/main refs/remotes/main [260ms]
[2022-06-20T15:22:46.392Z] > git status -z -uall [135ms]
[2022-06-20T15:22:46.411Z] > git remote --verbose [67ms]
[2022-06-20T15:22:46.412Z] > git for-each-ref --sort -committerdate --format %(refname) %(objectname) %(*objectname) [91ms]
[2022-06-20T15:22:46.415Z] > git rev-parse --show-toplevel [128ms]
[2022-06-20T15:22:46.415Z] fatal: not a git repository (or any of the parent directories): .git
[2022-06-20T15:22:46.434Z] > git remote --verbose [223ms]
[2022-06-20T15:22:46.434Z] > git for-each-ref --sort -committerdate --format %(refname) %(objectname) %(*objectname) [241ms]
[2022-06-20T15:22:46.436Z] > git symbolic-ref --short HEAD [262ms]
[2022-06-20T15:22:46.495Z] > git for-each-ref --format=%(refname)%00%(upstream:short)%00%(objectname)%00%(upstream:track)%00%(upstream:remotename)%00%(upstream:remoteref) refs/heads/master refs/remotes/master [40ms]
[2022-06-20T15:22:46.535Z] > git rev-parse --show-toplevel [102ms]
[2022-06-20T15:22:46.535Z] fatal: not a git repository (or any of the parent directories): .git
[2022-06-20T15:22:46.555Z] > git symbolic-ref --short HEAD [144ms]
[2022-06-20T15:22:46.574Z] > git config --get commit.template [183ms]
[2022-06-20T15:22:46.578Z] > git for-each-ref --format=%(refname)%00%(upstream:short)%00%(objectname)%00%(upstream:track)%00%(upstream:remotename)%00%(upstream:remoteref) refs/heads/master refs/remotes/master [4ms]
[2022-06-20T15:22:46.616Z] > git rev-parse --show-toplevel [61ms]
[2022-06-20T15:22:46.616Z] fatal: not a git repository (or any of the parent directories): .git
[2022-06-20T15:22:46.640Z] > git remote --verbose [106ms]
[2022-06-20T15:22:46.641Z] > git for-each-ref --sort -committerdate --format %(refname) %(objectname) %(*objectname) [126ms]
[2022-06-20T15:22:46.643Z] > git config --get commit.template [149ms]
[2022-06-20T15:22:46.645Z] > git config --get commit.template [170ms]
[2022-06-20T15:22:46.719Z] > git rev-parse --show-toplevel [79ms]
[2022-06-20T15:22:46.740Z] > git remote --verbose [125ms]
[2022-06-20T15:22:46.740Z] > git for-each-ref --sort -committerdate --format %(refname) %(objectname) %(*objectname) [142ms]
[2022-06-20T15:22:46.765Z] > git status -z -uall [101ms]
[2022-06-20T15:22:46.784Z] > git rev-parse --git-dir --git-common-dir [44ms]
[2022-06-20T15:22:46.788Z] Open repository: /home/rauli/todo_html
[2022-06-20T15:22:46.833Z] > git config --get commit.template [115ms]
[2022-06-20T15:22:46.834Z] > git fetch [599ms]
[2022-06-20T15:22:46.837Z] > git symbolic-ref --short HEAD [54ms]
[2022-06-20T15:22:46.861Z] > git config --get commit.template [98ms]
[2022-06-20T15:22:46.903Z] > git status -z -uall [71ms]
[2022-06-20T15:22:46.922Z] > git status -z -uall [34ms]
[2022-06-20T15:22:46.944Z] > git for-each-ref --format=%(refname)%00%(upstream:short)%00%(objectname)%00%(upstream:track)%00%(upstream:remotename)%00%(upstream:remoteref) refs/heads/main refs/remotes/main [83ms]
[2022-06-20T15:22:46.986Z] > git remote --verbose [2ms]
[2022-06-20T15:22:46.987Z] > git for-each-ref --sort -committerdate --format %(refname) %(objectname) %(*objectname) [22ms]
[2022-06-20T15:22:46.989Z] > git symbolic-ref --short HEAD [45ms]
[2022-06-20T15:22:47.008Z] > git symbolic-ref --short HEAD [87ms]
[2022-06-20T15:22:47.048Z] > git for-each-ref --format=%(refname)%00%(upstream:short)%00%(objectname)%00%(upstream:track)%00%(upstream:remotename)%00%(upstream:remoteref) refs/heads/master refs/remotes/master [21ms]
[2022-06-20T15:22:47.092Z] > git for-each-ref --format=%(refname)%00%(upstream:short)%00%(objectname)%00%(upstream:track)%00%(upstream:remotename)%00%(upstream:remoteref) refs/heads/master refs/remotes/master [85ms]
[2022-06-20T15:22:47.133Z] > git remote --verbose [3ms]
[2022-06-20T15:22:47.134Z] > git for-each-ref --sort -committerdate --format %(refname) %(objectname) %(*objectname) [23ms]
[2022-06-20T15:22:47.136Z] > git remote --verbose [45ms]
[2022-06-20T15:22:47.136Z] > git for-each-ref --sort -committerdate --format %(refname) %(objectname) %(*objectname) [68ms]
[2022-06-20T15:22:47.138Z] > git config --get commit.template [91ms]
[2022-06-20T15:22:47.138Z] > git fetch [327ms]
[2022-06-20T15:22:47.186Z] > git config --get commit.template [28ms]
[2022-06-20T15:22:47.309Z] > git config --get commit.template [133ms]
[2022-06-20T15:22:47.333Z] > git check-ignore -v -z --stdin [122ms]
[2022-06-20T15:22:47.334Z] > git check-ignore -v -z --stdin [104ms]
[2022-06-20T15:22:47.334Z] > git check-ignore -v -z --stdin [86ms]
[2022-06-20T15:22:47.335Z] > git check-ignore -v -z --stdin [67ms]
[2022-06-20T15:22:47.335Z] > git check-ignore -v -z --stdin [48ms]
[2022-06-20T15:22:47.335Z] > git check-ignore -v -z --stdin [29ms]
[2022-06-20T15:22:47.336Z] > git status -z -uall [9ms]
[2022-06-20T15:22:47.357Z] > git symbolic-ref --short HEAD [2ms]
[2022-06-20T15:22:47.379Z] > git for-each-ref --format=%(refname)%00%(upstream:short)%00%(objectname)%00%(upstream:track)%00%(upstream:remotename)%00%(upstream:remoteref) refs/heads/master refs/remotes/master [1ms]
[2022-06-20T15:22:47.422Z] > git remote --verbose [5ms]
[2022-06-20T15:22:47.422Z] > git for-each-ref --sort -committerdate --format %(refname) %(objectname) %(*objectname) [23ms]
[2022-06-20T15:22:47.445Z] > git config --get commit.template [2ms]
[2022-06-20T15:22:48.111Z] > git check-ignore -v -z --stdin [232ms]
[2022-06-20T15:22:48.112Z] > git check-ignore -v -z --stdin [214ms]
[2022-06-20T15:22:48.113Z] > git check-ignore -v -z --stdin [189ms]
[2022-06-20T15:22:48.113Z] > git check-ignore -v -z --stdin [162ms]
[2022-06-20T15:22:48.114Z] > git check-ignore -v -z --stdin [134ms]
[2022-06-20T15:22:48.114Z] > git check-ignore -v -z --stdin [107ms]
[2022-06-20T15:22:48.115Z] > git check-ignore -v -z --stdin [80ms]
[2022-06-20T15:22:48.581Z] > git status -z -uall [40ms]
[2022-06-20T15:22:48.853Z] > git status -z -uall [170ms]
[2022-06-20T15:22:48.919Z] > git status -z -uall [184ms]
[2022-06-20T15:22:48.955Z] > git status -z -uall [148ms]
[2022-06-20T15:22:48.987Z] > git status -z -uall [136ms]
[2022-06-20T15:22:49.043Z] > git symbolic-ref --short HEAD [409ms]
[2022-06-20T15:22:49.167Z] > git status -z -uall [40ms]
[2022-06-20T15:22:49.194Z] > git status -z -uall [36ms]
[2022-06-20T15:22:49.237Z] > git for-each-ref --format=%(refname)%00%(upstream:short)%00%(objectname)%00%(upstream:track)%00%(upstream:remotename)%00%(upstream:remoteref) refs/heads/main refs/remotes/main [150ms]
[2022-06-20T15:22:49.337Z] > git symbolic-ref --short HEAD [295ms]
[2022-06-20T15:22:49.404Z] > git symbolic-ref --short HEAD [417ms]
[2022-06-20T15:22:49.430Z] > git symbolic-ref --short HEAD [475ms]
[2022-06-20T15:22:49.456Z] > git symbolic-ref --short HEAD [537ms]
[2022-06-20T15:22:49.491Z] > git for-each-ref --format=%(refname)%00%(upstream:short)%00%(objectname)%00%(upstream:track)%00%(upstream:remotename)%00%(upstream:remoteref) refs/heads/main refs/remotes/main [36ms]
[2022-06-20T15:22:49.542Z] > git for-each-ref --format=%(refname)%00%(upstream:short)%00%(objectname)%00%(upstream:track)%00%(upstream:remotename)%00%(upstream:remoteref) refs/heads/master refs/remotes/master [112ms]
[2022-06-20T15:22:49.631Z] > git for-each-ref --format=%(refname)%00%(upstream:short)%00%(objectname)%00%(upstream:track)%00%(upstream:remotename)%00%(upstream:remoteref) refs/heads/main refs/remotes/main [228ms]
[2022-06-20T15:22:49.729Z] > git remote --verbose [393ms]
[2022-06-20T15:22:49.729Z] > git for-each-ref --sort -committerdate --format %(refname) %(objectname) %(*objectname) [445ms]
[2022-06-20T15:22:49.734Z] > git symbolic-ref --short HEAD [513ms]
[2022-06-20T15:22:49.784Z] > git symbolic-ref --short HEAD [590ms]
[2022-06-20T15:22:49.886Z] > git for-each-ref --format=%(refname)%00%(upstream:short)%00%(objectname)%00%(upstream:track)%00%(upstream:remotename)%00%(upstream:remoteref) refs/heads/master refs/remotes/master [103ms]
[2022-06-20T15:22:49.980Z] > git remote --verbose [251ms]
[2022-06-20T15:22:49.980Z] > git for-each-ref --sort -committerdate --format %(refname) %(objectname) %(*objectname) [305ms]
[2022-06-20T15:22:49.983Z] > git remote --verbose [352ms]
[2022-06-20T15:22:49.984Z] > git for-each-ref --sort -committerdate --format %(refname) %(objectname) %(*objectname) [404ms]
[2022-06-20T15:22:49.990Z] > git remote --verbose [448ms]
[2022-06-20T15:22:49.991Z] > git for-each-ref --sort -committerdate --format %(refname) %(objectname) %(*objectname) [474ms]
[2022-06-20T15:22:49.995Z] > git for-each-ref --format=%(refname)%00%(upstream:short)%00%(objectname)%00%(upstream:track)%00%(upstream:remotename)%00%(upstream:remoteref) refs/heads/master refs/remotes/master [512ms]
[2022-06-20T15:22:50.224Z] > git for-each-ref --sort -committerdate --format %(refname) %(objectname) %(*objectname) [185ms]
[2022-06-20T15:22:50.224Z] > git remote --verbose [245ms]
[2022-06-20T15:22:50.224Z] > git for-each-ref --sort -committerdate --format %(refname) %(objectname) %(*objectname) [293ms]
[2022-06-20T15:22:50.234Z] > git config --get commit.template [351ms]
[2022-06-20T15:22:50.235Z] > git for-each-ref --format=%(refname)%00%(upstream:short)%00%(objectname)%00%(upstream:track)%00%(upstream:remotename)%00%(upstream:remoteref) refs/heads/master refs/remotes/master [404ms]
[2022-06-20T15:22:50.374Z] > git for-each-ref --sort -committerdate --format %(refname) %(objectname) %(*objectname) [92ms]
[2022-06-20T15:22:50.374Z] > git config --get commit.template [193ms]
[2022-06-20T15:22:50.375Z] > git config --get commit.template [234ms]
[2022-06-20T15:22:50.376Z] > git config --get commit.template [260ms]
[2022-06-20T15:22:50.376Z] > git remote --verbose [301ms]
[2022-06-20T15:22:50.436Z] > git config --get commit.template [65ms]
[2022-06-20T15:22:50.437Z] > git remote --verbose [111ms]
[2022-06-20T15:22:50.480Z] > git config --get commit.template [45ms]
[2022-06-20T15:22:50.506Z] > git config --get commit.template [29ms]
[2022-06-20T15:25:45.859Z] > git check-ignore -v -z --stdin [20ms]
[2022-06-20T15:25:46.246Z] > git fetch [313ms]
[2022-06-20T15:25:46.268Z] > git status -z -uall [9ms]
[2022-06-20T15:25:46.283Z] > git symbolic-ref --short HEAD [4ms]
[2022-06-20T15:25:46.297Z] > git for-each-ref --format=%(refname)%00%(upstream:short)%00%(objectname)%00%(upstream:track)%00%(upstream:remotename)%00%(upstream:remoteref) refs/heads/main refs/remotes/main [2ms]
[2022-06-20T15:25:46.320Z] > git remote --verbose [2ms]
[2022-06-20T15:25:46.320Z] > git for-each-ref --sort -committerdate --format %(refname) %(objectname) %(*objectname) [12ms]
[2022-06-20T15:25:46.337Z] > git config --get commit.template [1ms]
[2022-06-20T15:25:46.872Z] > git fetch [285ms]
[2022-06-20T15:25:46.887Z] > git status -z -uall [0ms]
[2022-06-20T15:25:46.905Z] > git symbolic-ref --short HEAD [4ms]
[2022-06-20T15:25:46.944Z] > git for-each-ref --format=%(refname)%00%(upstream:short)%00%(objectname)%00%(upstream:track)%00%(upstream:remotename)%00%(upstream:remoteref) refs/heads/master refs/remotes/master [7ms]
[2022-06-20T15:25:46.969Z] > git for-each-ref --sort -committerdate --format %(refname) %(objectname) %(*objectname) [12ms]
[2022-06-20T15:25:46.970Z] > git fetch [312ms]
[2022-06-20T15:25:46.984Z] > git status -z -uall [1ms]
[2022-06-20T15:25:46.996Z] > git remote --verbose [29ms]
[2022-06-20T15:25:47.013Z] > git symbolic-ref --short HEAD [18ms]
[2022-06-20T15:25:47.029Z] > git for-each-ref --format=%(refname)%00%(upstream:short)%00%(objectname)%00%(upstream:track)%00%(upstream:remotename)%00%(upstream:remoteref) refs/heads/main refs/remotes/main [2ms]
[2022-06-20T15:25:47.051Z] > git config --get commit.template [39ms]
[2022-06-20T15:25:47.053Z] > git remote --verbose [3ms]
[2022-06-20T15:25:47.053Z] > git for-each-ref --sort -committerdate --format %(refname) %(objectname) %(*objectname) [13ms]
[2022-06-20T15:25:47.073Z] > git config --get commit.template [3ms]
[2022-06-20T15:25:47.162Z] > git fetch [311ms]
[2022-06-20T15:25:47.178Z] > git status -z -uall [4ms]
[2022-06-20T15:25:47.202Z] > git symbolic-ref --short HEAD [14ms]
[2022-06-20T15:25:47.228Z] > git for-each-ref --format=%(refname)%00%(upstream:short)%00%(objectname)%00%(upstream:track)%00%(upstream:remotename)%00%(upstream:remoteref) refs/heads/master refs/remotes/master [4ms]
[2022-06-20T15:25:47.260Z] > git for-each-ref --sort -committerdate --format %(refname) %(objectname) %(*objectname) [19ms]
[2022-06-20T15:25:47.278Z] > git remote --verbose [21ms]
[2022-06-20T15:25:47.308Z] > git config --get commit.template [9ms]
[2022-06-20T15:25:47.361Z] > git status -z -uall [9ms]
[2022-06-20T15:25:47.373Z] > git symbolic-ref --short HEAD [2ms]
[2022-06-20T15:25:47.385Z] > git for-each-ref --format=%(refname)%00%(upstream:short)%00%(objectname)%00%(upstream:track)%00%(upstream:remotename)%00%(upstream:remoteref) refs/heads/main refs/remotes/main [2ms]
[2022-06-20T15:25:47.408Z] > git remote --verbose [2ms]
[2022-06-20T15:25:47.408Z] > git for-each-ref --sort -committerdate --format %(refname) %(objectname) %(*objectname) [12ms]
[2022-06-20T15:25:47.423Z] > git config --get commit.template [1ms]
[2022-06-20T15:25:47.495Z] > git fetch [343ms]
[2022-06-20T15:25:47.564Z] > git status -z -uall [56ms]
[2022-06-20T15:25:47.588Z] > git fetch [387ms]
[2022-06-20T15:25:47.601Z] > git symbolic-ref --short HEAD [17ms]
[2022-06-20T15:25:47.616Z] > git status -z -uall [16ms]
[2022-06-20T15:25:47.627Z] > git for-each-ref --format=%(refname)%00%(upstream:short)%00%(objectname)%00%(upstream:track)%00%(upstream:remotename)%00%(upstream:remoteref) refs/heads/main refs/remotes/main [12ms]
[2022-06-20T15:25:47.652Z] > git remote --verbose [4ms]
[2022-06-20T15:25:47.653Z] > git for-each-ref --sort -committerdate --format %(refname) %(objectname) %(*objectname) [16ms]
[2022-06-20T15:25:47.656Z] > git symbolic-ref --short HEAD [30ms]
[2022-06-20T15:25:47.684Z] > git config --get commit.template [1ms]
[2022-06-20T15:25:47.686Z] > git for-each-ref --format=%(refname)%00%(upstream:short)%00%(objectname)%00%(upstream:track)%00%(upstream:remotename)%00%(upstream:remoteref) refs/heads/master refs/remotes/master [16ms]
[2022-06-20T15:25:47.711Z] > git remote --verbose [4ms]
[2022-06-20T15:25:47.712Z] > git for-each-ref --sort -committerdate --format %(refname) %(objectname) %(*objectname) [17ms]
[2022-06-20T15:25:47.728Z] > git config --get commit.template [5ms]
[2022-06-20T15:25:47.770Z] > git fetch [310ms]
[2022-06-20T15:25:47.783Z] > git status -z -uall [0ms]
[2022-06-20T15:25:47.802Z] > git symbolic-ref --short HEAD [4ms]
[2022-06-20T15:25:47.818Z] > git for-each-ref --format=%(refname)%00%(upstream:short)%00%(objectname)%00%(upstream:track)%00%(upstream:remotename)%00%(upstream:remoteref) refs/heads/master refs/remotes/master [4ms]
[2022-06-20T15:25:47.841Z] > git remote --verbose [2ms]
[2022-06-20T15:25:47.841Z] > git for-each-ref --sort -committerdate --format %(refname) %(objectname) %(*objectname) [14ms]
[2022-06-20T15:25:47.855Z] > git config --get commit.template [1ms]
[2022-06-20T15:25:48.888Z] > git status -z -uall [5ms]
[2022-06-20T15:25:48.917Z] > git symbolic-ref --short HEAD [5ms]
[2022-06-20T15:25:48.937Z] > git for-each-ref --format=%(refname)%00%(upstream:short)%00%(objectname)%00%(upstream:track)%00%(upstream:remotename)%00%(upstream:remoteref) refs/heads/master refs/remotes/master [4ms]
[2022-06-20T15:25:48.981Z] > git for-each-ref --sort -committerdate --format %(refname) %(objectname) %(*objectname) [26ms]
[2022-06-20T15:25:48.988Z] > git remote --verbose [12ms]
[2022-06-20T15:25:49.020Z] > git config --get commit.template [6ms]
[2022-06-20T15:27:45.340Z] > git rev-parse --show-toplevel [2ms]
[2022-06-20T15:27:45.340Z] fatal: not a git repository (or any of the parent directories): .git
[2022-06-20T15:28:07.926Z] > git rev-parse --show-toplevel [11ms]
[2022-06-20T15:28:07.926Z] fatal: not a git repository (or any of the parent directories): .git
[2022-06-20T15:28:46.658Z] > git fetch [306ms]
[2022-06-20T15:28:46.679Z] > git status -z -uall [8ms]
[2022-06-20T15:28:46.692Z] > git symbolic-ref --short HEAD [2ms]
[2022-06-20T15:28:46.705Z] > git for-each-ref --format=%(refname)%00%(upstream:short)%00%(objectname)%00%(upstream:track)%00%(upstream:remotename)%00%(upstream:remoteref) refs/heads/main refs/remotes/main [3ms]
[2022-06-20T15:28:46.727Z] > git remote --verbose [1ms]
[2022-06-20T15:28:46.728Z] > git for-each-ref --sort -committerdate --format %(refname) %(objectname) %(*objectname) [13ms]
[2022-06-20T15:28:46.742Z] > git config --get commit.template [1ms]
[2022-06-20T15:28:47.406Z] > git fetch [323ms]
[2022-06-20T15:28:47.421Z] > git status -z -uall [3ms]
[2022-06-20T15:28:47.435Z] > git symbolic-ref --short HEAD [3ms]
[2022-06-20T15:28:47.447Z] > git for-each-ref --format=%(refname)%00%(upstream:short)%00%(objectname)%00%(upstream:track)%00%(upstream:remotename)%00%(upstream:remoteref) refs/heads/main refs/remotes/main [2ms]
[2022-06-20T15:28:47.476Z] > git remote --verbose [1ms]
[2022-06-20T15:28:47.476Z] > git for-each-ref --sort -committerdate --format %(refname) %(objectname) %(*objectname) [15ms]
[2022-06-20T15:28:47.479Z] > git fetch [414ms]
[2022-06-20T15:28:47.503Z] > git status -z -uall [13ms]
[2022-06-20T15:28:47.516Z] > git config --get commit.template [13ms]
[2022-06-20T15:28:47.517Z] > git symbolic-ref --short HEAD [3ms]
[2022-06-20T15:28:47.530Z] > git for-each-ref --format=%(refname)%00%(upstream:short)%00%(objectname)%00%(upstream:track)%00%(upstream:remotename)%00%(upstream:remoteref) refs/heads/master refs/remotes/master [3ms]
[2022-06-20T15:28:47.555Z] > git remote --verbose [1ms]
[2022-06-20T15:28:47.556Z] > git for-each-ref --sort -committerdate --format %(refname) %(objectname) %(*objectname) [14ms]
[2022-06-20T15:28:47.570Z] > git config --get commit.template [3ms]
[2022-06-20T15:28:47.591Z] > git fetch [272ms]
[2022-06-20T15:28:47.604Z] > git status -z -uall [1ms]
[2022-06-20T15:28:47.617Z] > git symbolic-ref --short HEAD [2ms]
[2022-06-20T15:28:47.629Z] > git for-each-ref --format=%(refname)%00%(upstream:short)%00%(objectname)%00%(upstream:track)%00%(upstream:remotename)%00%(upstream:remoteref) refs/heads/master refs/remotes/master [2ms]
[2022-06-20T15:28:47.653Z] > git remote --verbose [3ms]
[2022-06-20T15:28:47.653Z] > git for-each-ref --sort -committerdate --format %(refname) %(objectname) %(*objectname) [14ms]
[2022-06-20T15:28:47.667Z] > git config --get commit.template [1ms]
[2022-06-20T15:28:47.782Z] > git status -z -uall [16ms]
[2022-06-20T15:28:47.798Z] > git symbolic-ref --short HEAD [3ms]
[2022-06-20T15:28:47.814Z] > git for-each-ref --format=%(refname)%00%(upstream:short)%00%(objectname)%00%(upstream:track)%00%(upstream:remotename)%00%(upstream:remoteref) refs/heads/main refs/remotes/main [4ms]
[2022-06-20T15:28:47.844Z] > git for-each-ref --sort -committerdate --format %(refname) %(objectname) %(*objectname) [16ms]
[2022-06-20T15:28:47.846Z] > git remote --verbose [3ms]
[2022-06-20T15:28:47.872Z] > git config --get commit.template [12ms]
[2022-06-20T15:28:47.989Z] > git fetch [291ms]
[2022-06-20T15:28:48.033Z] > git status -z -uall [33ms]
[2022-06-20T15:28:48.045Z] > git symbolic-ref --short HEAD [2ms]
[2022-06-20T15:28:48.057Z] > git for-each-ref --format=%(refname)%00%(upstream:short)%00%(objectname)%00%(upstream:track)%00%(upstream:remotename)%00%(upstream:remoteref) refs/heads/main refs/remotes/main [2ms]
[2022-06-20T15:28:48.080Z] > git remote --verbose [2ms]
[2022-06-20T15:28:48.080Z] > git for-each-ref --sort -committerdate --format %(refname) %(objectname) %(*objectname) [13ms]
[2022-06-20T15:28:48.095Z] > git config --get commit.template [2ms]
[2022-06-20T15:28:48.143Z] > git fetch [272ms]
[2022-06-20T15:28:48.158Z] > git status -z -uall [1ms]
[2022-06-20T15:28:48.170Z] > git symbolic-ref --short HEAD [1ms]
[2022-06-20T15:28:48.185Z] > git for-each-ref --format=%(refname)%00%(upstream:short)%00%(objectname)%00%(upstream:track)%00%(upstream:remotename)%00%(upstream:remoteref) refs/heads/master refs/remotes/master [2ms]
[2022-06-20T15:28:48.207Z] > git remote --verbose [1ms]
[2022-06-20T15:28:48.208Z] > git for-each-ref --sort -committerdate --format %(refname) %(objectname) %(*objectname) [13ms]
[2022-06-20T15:28:48.222Z] > git config --get commit.template [1ms]
[2022-06-20T15:28:48.271Z] > git fetch [529ms]
[2022-06-20T15:28:48.287Z] > git status -z -uall [4ms]
[2022-06-20T15:28:48.300Z] > git symbolic-ref --short HEAD [1ms]
[2022-06-20T15:28:48.312Z] > git for-each-ref --format=%(refname)%00%(upstream:short)%00%(objectname)%00%(upstream:track)%00%(upstream:remotename)%00%(upstream:remoteref) refs/heads/master refs/remotes/master [1ms]
[2022-06-20T15:28:48.335Z] > git remote --verbose [1ms]
[2022-06-20T15:28:48.335Z] > git for-each-ref --sort -committerdate --format %(refname) %(objectname) %(*objectname) [12ms]
[2022-06-20T15:28:48.351Z] > git config --get commit.template [1ms]
[2022-06-20T15:28:48.542Z] > git status -z -uall [0ms]
[2022-06-20T15:28:48.554Z] > git symbolic-ref --short HEAD [1ms]
[2022-06-20T15:28:48.566Z] > git for-each-ref --format=%(refname)%00%(upstream:short)%00%(objectname)%00%(upstream:track)%00%(upstream:remotename)%00%(upstream:remoteref) refs/heads/main refs/remotes/main [3ms]
[2022-06-20T15:28:48.589Z] > git for-each-ref --sort -committerdate --format %(refname) %(objectname) %(*objectname) [12ms]
[2022-06-20T15:28:48.589Z] > git remote --verbose [2ms]
[2022-06-20T15:28:48.603Z] > git config --get commit.template [1ms]
[2022-06-20T15:28:48.692Z] > git status -z -uall [1ms]
[2022-06-20T15:28:48.703Z] > git symbolic-ref --short HEAD [1ms]
[2022-06-20T15:28:48.715Z] > git for-each-ref --format=%(refname)%00%(upstream:short)%00%(objectname)%00%(upstream:track)%00%(upstream:remotename)%00%(upstream:remoteref) refs/heads/master refs/remotes/master [1ms]
[2022-06-20T15:28:48.739Z] > git remote --verbose [1ms]
[2022-06-20T15:28:48.740Z] > git for-each-ref --sort -committerdate --format %(refname) %(objectname) %(*objectname) [13ms]
[2022-06-20T15:28:48.753Z] > git config --get commit.template [2ms]
[2022-06-20T15:28:49.243Z] > git status -z -uall [1ms]
[2022-06-20T15:28:49.260Z] > git symbolic-ref --short HEAD [1ms]
[2022-06-20T15:28:49.277Z] > git for-each-ref --format=%(refname)%00%(upstream:short)%00%(objectname)%00%(upstream:track)%00%(upstream:remotename)%00%(upstream:remoteref) refs/heads/master refs/remotes/master [2ms]
[2022-06-20T15:28:49.308Z] > git for-each-ref --sort -committerdate --format %(refname) %(objectname) %(*objectname) [16ms]
[2022-06-20T15:28:49.309Z] > git remote --verbose [3ms]
[2022-06-20T15:28:49.327Z] > git config --get commit.template [1ms]
[2022-06-20T15:28:49.377Z] > git status -z -uall [1ms]
[2022-06-20T15:28:49.394Z] > git symbolic-ref --short HEAD [3ms]
[2022-06-20T15:28:49.409Z] > git for-each-ref --format=%(refname)%00%(upstream:short)%00%(objectname)%00%(upstream:track)%00%(upstream:remotename)%00%(upstream:remoteref) refs/heads/master refs/remotes/master [1ms]
[2022-06-20T15:28:49.439Z] > git remote --verbose [2ms]
[2022-06-20T15:28:49.439Z] > git for-each-ref --sort -committerdate --format %(refname) %(objectname) %(*objectname) [16ms]
[2022-06-20T15:28:49.459Z] > git config --get commit.template [2ms]
[2022-06-20T15:31:47.286Z] > git fetch [501ms]
[2022-06-20T15:31:47.306Z] > git status -z -uall [7ms]
[2022-06-20T15:31:47.319Z] > git symbolic-ref --short HEAD [1ms]
[2022-06-20T15:31:47.333Z] > git for-each-ref --format=%(refname)%00%(upstream:short)%00%(objectname)%00%(upstream:track)%00%(upstream:remotename)%00%(upstream:remoteref) refs/heads/main refs/remotes/main [0ms]
[2022-06-20T15:31:47.356Z] > git remote --verbose [2ms]
[2022-06-20T15:31:47.356Z] > git for-each-ref --sort -committerdate --format %(refname) %(objectname) %(*objectname) [12ms]
[2022-06-20T15:31:47.380Z] > git config --get commit.template [4ms]
[2022-06-20T15:31:47.792Z] > git fetch [264ms]
[2022-06-20T15:31:47.805Z] > git status -z -uall [2ms]
[2022-06-20T15:31:47.818Z] > git symbolic-ref --short HEAD [3ms]
[2022-06-20T15:31:47.830Z] > git for-each-ref --format=%(refname)%00%(upstream:short)%00%(objectname)%00%(upstream:track)%00%(upstream:remotename)%00%(upstream:remoteref) refs/heads/main refs/remotes/main [2ms]
[2022-06-20T15:31:47.855Z] > git remote --verbose [2ms]
[2022-06-20T15:31:47.855Z] > git for-each-ref --sort -committerdate --format %(refname) %(objectname) %(*objectname) [12ms]
[2022-06-20T15:31:47.871Z] > git config --get commit.template [2ms]
[2022-06-20T15:31:47.891Z] > git fetch [290ms]
[2022-06-20T15:31:47.904Z] > git status -z -uall [1ms]
[2022-06-20T15:31:47.917Z] > git symbolic-ref --short HEAD [2ms]
[2022-06-20T15:31:47.929Z] > git for-each-ref --format=%(refname)%00%(upstream:short)%00%(objectname)%00%(upstream:track)%00%(upstream:remotename)%00%(upstream:remoteref) refs/heads/master refs/remotes/master [1ms]
[2022-06-20T15:31:47.952Z] > git remote --verbose [1ms]
[2022-06-20T15:31:47.952Z] > git for-each-ref --sort -committerdate --format %(refname) %(objectname) %(*objectname) [13ms]
[2022-06-20T15:31:47.972Z] > git config --get commit.template [3ms]
[2022-06-20T15:31:47.981Z] > git fetch [297ms]
[2022-06-20T15:31:47.994Z] > git status -z -uall [0ms]
[2022-06-20T15:31:48.007Z] > git symbolic-ref --short HEAD [2ms]
[2022-06-20T15:31:48.019Z] > git for-each-ref --format=%(refname)%00%(upstream:short)%00%(objectname)%00%(upstream:track)%00%(upstream:remotename)%00%(upstream:remoteref) refs/heads/master refs/remotes/master [0ms]
[2022-06-20T15:31:48.047Z] > git remote --verbose [1ms]
[2022-06-20T15:31:48.048Z] > git for-each-ref --sort -committerdate --format %(refname) %(objectname) %(*objectname) [14ms]
[2022-06-20T15:31:48.062Z] > git config --get commit.template [1ms]
[2022-06-20T15:31:48.397Z] > git fetch [290ms]
[2022-06-20T15:31:48.454Z] > git status -z -uall [45ms]
[2022-06-20T15:31:48.468Z] > git symbolic-ref --short HEAD [3ms]
[2022-06-20T15:31:48.488Z] > git for-each-ref --format=%(refname)%00%(upstream:short)%00%(objectname)%00%(upstream:track)%00%(upstream:remotename)%00%(upstream:remoteref) refs/heads/main refs/remotes/main [8ms]
[2022-06-20T15:31:48.512Z] > git remote --verbose [1ms]
[2022-06-20T15:31:48.513Z] > git for-each-ref --sort -committerdate --format %(refname) %(objectname) %(*objectname) [14ms]
[2022-06-20T15:31:48.515Z] > git fetch [279ms]
[2022-06-20T15:31:48.538Z] > git status -z -uall [12ms]
[2022-06-20T15:31:48.550Z] > git symbolic-ref --short HEAD [1ms]
[2022-06-20T15:31:48.562Z] > git config --get commit.template [25ms]
[2022-06-20T15:31:48.564Z] > git for-each-ref --format=%(refname)%00%(upstream:short)%00%(objectname)%00%(upstream:track)%00%(upstream:remotename)%00%(upstream:remoteref) refs/heads/master refs/remotes/master [1ms]
[2022-06-20T15:31:48.587Z] > git remote --verbose [2ms]
[2022-06-20T15:31:48.587Z] > git for-each-ref --sort -committerdate --format %(refname) %(objectname) %(*objectname) [13ms]
[2022-06-20T15:31:48.602Z] > git config --get commit.template [3ms]
[2022-06-20T15:31:48.680Z] > git fetch [318ms]
[2022-06-20T15:31:48.694Z] > git status -z -uall [3ms]
[2022-06-20T15:31:48.706Z] > git symbolic-ref --short HEAD [1ms]
[2022-06-20T15:31:48.718Z] > git for-each-ref --format=%(refname)%00%(upstream:short)%00%(objectname)%00%(upstream:track)%00%(upstream:remotename)%00%(upstream:remoteref) refs/heads/master refs/remotes/master [1ms]
[2022-06-20T15:31:48.741Z] > git for-each-ref --sort -committerdate --format %(refname) %(objectname) %(*objectname) [11ms]
[2022-06-20T15:31:48.741Z] > git remote --verbose [2ms]
[2022-06-20T15:31:48.757Z] > git config --get commit.template [3ms]
[2022-06-20T15:31:48.885Z] > git status -z -uall [2ms]
[2022-06-20T15:31:48.897Z] > git symbolic-ref --short HEAD [0ms]
[2022-06-20T15:31:48.909Z] > git for-each-ref --format=%(refname)%00%(upstream:short)%00%(objectname)%00%(upstream:track)%00%(upstream:remotename)%00%(upstream:remoteref) refs/heads/main refs/remotes/main [2ms]
[2022-06-20T15:31:48.936Z] > git remote --verbose [1ms]
[2022-06-20T15:31:48.937Z] > git for-each-ref --sort -committerdate --format %(refname) %(objectname) %(*objectname) [14ms]
[2022-06-20T15:31:48.951Z] > git config --get commit.template [1ms]
[2022-06-20T15:31:48.990Z] > git status -z -uall [3ms]
[2022-06-20T15:31:49.003Z] > git symbolic-ref --short HEAD [1ms]
[2022-06-20T15:31:49.016Z] > git for-each-ref --format=%(refname)%00%(upstream:short)%00%(objectname)%00%(upstream:track)%00%(upstream:remotename)%00%(upstream:remoteref) refs/heads/master refs/remotes/master [1ms]
[2022-06-20T15:31:49.040Z] > git remote --verbose [2ms]
[2022-06-20T15:31:49.041Z] > git for-each-ref --sort -committerdate --format %(refname) %(objectname) %(*objectname) [14ms]
[2022-06-20T15:31:49.054Z] > git config --get commit.template [0ms]
[2022-06-20T15:31:49.080Z] > git status -z -uall [1ms]
[2022-06-20T15:31:49.093Z] > git symbolic-ref --short HEAD [2ms]
[2022-06-20T15:31:49.107Z] > git for-each-ref --format=%(refname)%00%(upstream:short)%00%(objectname)%00%(upstream:track)%00%(upstream:remotename)%00%(upstream:remoteref) refs/heads/master refs/remotes/master [4ms]
[2022-06-20T15:31:49.136Z] > git for-each-ref --sort -committerdate --format %(refname) %(objectname) %(*objectname) [17ms]
[2022-06-20T15:31:49.139Z] > git remote --verbose [5ms]
[2022-06-20T15:31:49.156Z] > git config --get commit.template [3ms]
[2022-06-20T15:31:49.617Z] > git status -z -uall [0ms]
[2022-06-20T15:31:49.628Z] > git symbolic-ref --short HEAD [1ms]
[2022-06-20T15:31:49.640Z] > git for-each-ref --format=%(refname)%00%(upstream:short)%00%(objectname)%00%(upstream:track)%00%(upstream:remotename)%00%(upstream:remoteref) refs/heads/master refs/remotes/master [1ms]
[2022-06-20T15:31:49.666Z] > git remote --verbose [3ms]
[2022-06-20T15:31:49.667Z] > git for-each-ref --sort -committerdate --format %(refname) %(objectname) %(*objectname) [16ms]
[2022-06-20T15:31:49.683Z] > git config --get commit.template [1ms]
