[Info  - 3:22:49 PM] (12284) Pylance language server 2022.6.20 (pyright 979d9c9e) starting
[Info  - 3:22:49 PM] (12284) Server root directory: /home/rauli/.vscode-server/extensions/ms-python.vscode-pylance-2022.6.20/dist
Notebook support: Legacy
[Info  - 3:22:50 PM] (12284) Background analysis(1) root directory: /home/rauli/.vscode-server/extensions/ms-python.vscode-pylance-2022.6.20/dist
[Info  - 3:22:50 PM] (12284) Background analysis(1) started
[Info  - 3:22:50 PM] (12284) No configuration file found.
[Info  - 3:22:50 PM] (12284) No pyproject.toml file found.
[Info  - 3:22:50 PM] (12284) Setting pythonPath for service "rauli": "/usr/bin/python3"
[Warn  - 3:22:50 PM] (12284) stubPath /home/rauli/typings is not a valid directory.
[Info  - 3:22:50 PM] (12284) Assuming Python version 3.6
[Info  - 3:22:50 PM] (12284) Assuming Python platform Linux
[Info  - 3:22:51 PM] (12284) Searching for source files
[Info  - 3:22:51 PM] (12284) Auto-excluding /home/rauli/ToDoForked/venv
[Info  - 3:22:51 PM] (12284) Auto-excluding /home/rauli/exercise/venv
[Info  - 3:22:51 PM] (12284) Auto-excluding /home/rauli/exercise_dif/venv
[Info  - 3:22:51 PM] (12284) Auto-excluding /home/rauli/exercise_templating/venv
[Info  - 3:22:51 PM] (12284) Auto-excluding /home/rauli/flask/FlaskDay2/databaseLayer/venv
[Info  - 3:22:51 PM] (12284) Auto-excluding /home/rauli/flask/FlaskDay2/flask-db-relationships/venv
[Info  - 3:22:51 PM] (12284) Auto-excluding /home/rauli/flask/FlaskDay2/flask_app_ex/venv
[Info  - 3:22:51 PM] (12284) Auto-excluding /home/rauli/flask/FlaskDay2/routes/venv
[Info  - 3:22:51 PM] (12284) Auto-excluding /home/rauli/flask/FlaskDay3/FlaskCRUD/flask-db-crud/venv
[Info  - 3:22:51 PM] (12284) Auto-excluding /home/rauli/flask/flask-introduction/venv
[Info  - 3:22:51 PM] (12284) Auto-excluding /home/rauli/flask-form-validators/venv
[Info  - 3:22:51 PM] (12284) Auto-excluding /home/rauli/flask-forms/venv
[Info  - 3:22:51 PM] (12284) Auto-excluding /home/rauli/flask-templating/venv
[Info  - 3:22:51 PM] (12284) Auto-excluding /home/rauli/flask-unit-testing/venv
[Info  - 3:22:51 PM] (12284) Auto-excluding /home/rauli/gunicorn-test/venv
[Info  - 3:22:51 PM] (12284) Auto-excluding /home/rauli/todo_html/venv
[Info  - 3:22:51 PM] (12284) Found 100 source files
[Info  - 3:22:52 PM] (12284) Indexer background runner(2) root directory: /home/rauli/.vscode-server/extensions/ms-python.vscode-pylance-2022.6.20/dist (index)
[Info  - 3:22:52 PM] (12284) Indexing(2) started
[Info  - 3:22:55 PM] (12284) [BG(1)] Long operation: checking: /home/rauli/gunicorn-test/app.py (2512ms)
[Info  - 3:22:55 PM] (12284) [BG(1)] Long operation: analyzing: /home/rauli/gunicorn-test/app.py (3429ms)
[Info  - 3:22:58 PM] (12284) [IDX(2)] Long operation: index execution environment /home/rauli (4923ms)
[Info  - 3:22:58 PM] (12284) [IDX(2)] Long operation: index libraries /home/rauli (6672ms)
[Info  - 3:22:58 PM] (12284) Indexer done(2). indexed 466 files
