[Info  - 9:10:29 AM] (29536) Pylance language server 2022.6.20 (pyright 979d9c9e) starting
[Info  - 9:10:29 AM] (29536) Server root directory: /home/rauli/.vscode-server/extensions/ms-python.vscode-pylance-2022.6.20/dist
Notebook support: Legacy
[Info  - 9:10:29 AM] (29536) No configuration file found.
[Info  - 9:10:29 AM] (29536) No pyproject.toml file found.
[Info  - 9:10:29 AM] (29536) Setting pythonPath for service "rauli": "/usr/bin/python3"
[Warn  - 9:10:29 AM] (29536) stubPath /home/rauli/typings is not a valid directory.
[Info  - 9:10:29 AM] (29536) Assuming Python version 3.6
[Info  - 9:10:29 AM] (29536) Assuming Python platform Linux
[Info  - 9:10:30 AM] (29536) Searching for source files
[Info  - 9:10:30 AM] (29536) Auto-excluding /home/rauli/ToDoForked/venv
[Info  - 9:10:30 AM] (29536) Auto-excluding /home/rauli/exercise/venv
[Info  - 9:10:30 AM] (29536) Auto-excluding /home/rauli/exercise_dif/venv
[Info  - 9:10:30 AM] (29536) Auto-excluding /home/rauli/exercise_templating/venv
[Info  - 9:10:30 AM] (29536) Auto-excluding /home/rauli/flask/FlaskDay2/databaseLayer/venv
[Info  - 9:10:30 AM] (29536) Auto-excluding /home/rauli/flask/FlaskDay2/flask-db-relationships/venv
[Info  - 9:10:30 AM] (29536) Auto-excluding /home/rauli/flask/FlaskDay2/flask_app_ex/venv
[Info  - 9:10:30 AM] (29536) Auto-excluding /home/rauli/flask/FlaskDay2/routes/venv
[Info  - 9:10:30 AM] (29536) Auto-excluding /home/rauli/flask/FlaskDay3/FlaskCRUD/flask-db-crud/venv
[Info  - 9:10:30 AM] (29536) Auto-excluding /home/rauli/flask/flask-introduction/venv
[Info  - 9:10:30 AM] (29536) Auto-excluding /home/rauli/flask-form-validators/venv
[Info  - 9:10:30 AM] (29536) Auto-excluding /home/rauli/flask-forms/venv
[Info  - 9:10:30 AM] (29536) Auto-excluding /home/rauli/flask-templating/venv
[Info  - 9:10:30 AM] (29536) Auto-excluding /home/rauli/flask-unit-testing/venv
[Info  - 9:10:30 AM] (29536) Auto-excluding /home/rauli/gunicorn-test/venv
[Info  - 9:10:30 AM] (29536) Auto-excluding /home/rauli/todo_html/venv
[Info  - 9:10:30 AM] (29536) Found 100 source files
[Info  - 9:10:31 AM] (29536) Background analysis(1) root directory: /home/rauli/.vscode-server/extensions/ms-python.vscode-pylance-2022.6.20/dist
[Info  - 9:10:31 AM] (29536) Background analysis(1) started
[Info  - 9:10:32 AM] (29536) Indexer background runner(2) root directory: /home/rauli/.vscode-server/extensions/ms-python.vscode-pylance-2022.6.20/dist (index)
[Info  - 9:10:32 AM] (29536) Indexing(2) started
[Info  - 9:10:35 AM] (29536) [IDX(2)] Long operation: scan packages (2853ms)
[Info  - 9:10:37 AM] (29536) [BG(1)] Long operation: checking: /home/rauli/flask-unit-testing/app.py (4724ms)
[Info  - 9:10:37 AM] (29536) [BG(1)] Long operation: analyzing: /home/rauli/flask-unit-testing/app.py (5858ms)
[Info  - 9:10:41 AM] (29536) [IDX(2)] Long operation: index execution environment /home/rauli (5453ms)
[Info  - 9:10:41 AM] (29536) [IDX(2)] Long operation: index libraries /home/rauli (8819ms)
[Info  - 9:10:41 AM] (29536) Indexer done(2). indexed 466 files
[Info  - 9:10:48 AM] (29536) Searching for source files
[Info  - 9:10:48 AM] (29536) Auto-excluding /home/rauli/ToDoForked/venv
[Info  - 9:10:48 AM] (29536) Auto-excluding /home/rauli/exercise/venv
[Info  - 9:10:48 AM] (29536) Auto-excluding /home/rauli/exercise_dif/venv
[Info  - 9:10:48 AM] (29536) Auto-excluding /home/rauli/exercise_templating/venv
[Info  - 9:10:48 AM] (29536) Auto-excluding /home/rauli/flask/FlaskDay2/databaseLayer/venv
[Info  - 9:10:48 AM] (29536) Auto-excluding /home/rauli/flask/FlaskDay2/flask-db-relationships/venv
[Info  - 9:10:48 AM] (29536) Auto-excluding /home/rauli/flask/FlaskDay2/flask_app_ex/venv
[Info  - 9:10:48 AM] (29536) Auto-excluding /home/rauli/flask/FlaskDay2/routes/venv
[Info  - 9:10:48 AM] (29536) Auto-excluding /home/rauli/flask/FlaskDay3/FlaskCRUD/flask-db-crud/venv
[Info  - 9:10:48 AM] (29536) Auto-excluding /home/rauli/flask/flask-introduction/venv
[Info  - 9:10:48 AM] (29536) Auto-excluding /home/rauli/flask-form-validators/venv
[Info  - 9:10:48 AM] (29536) Auto-excluding /home/rauli/flask-forms/venv
[Info  - 9:10:48 AM] (29536) Auto-excluding /home/rauli/flask-templating/venv
[Info  - 9:10:48 AM] (29536) Auto-excluding /home/rauli/flask-unit-testing/venv
[Info  - 9:10:48 AM] (29536) Auto-excluding /home/rauli/gunicorn-test/venv
[Info  - 9:10:48 AM] (29536) Auto-excluding /home/rauli/todo_html/venv
[Info  - 9:10:48 AM] (29536) Found 100 source files
[Info  - 9:10:49 AM] (29536) Searching for source files
[Info  - 9:10:49 AM] (29536) Auto-excluding /home/rauli/ToDoForked/venv
[Info  - 9:10:49 AM] (29536) Auto-excluding /home/rauli/exercise/venv
[Info  - 9:10:49 AM] (29536) Auto-excluding /home/rauli/exercise_dif/venv
[Info  - 9:10:49 AM] (29536) Auto-excluding /home/rauli/exercise_templating/venv
[Info  - 9:10:49 AM] (29536) Auto-excluding /home/rauli/flask/FlaskDay2/databaseLayer/venv
[Info  - 9:10:49 AM] (29536) Auto-excluding /home/rauli/flask/FlaskDay2/flask-db-relationships/venv
[Info  - 9:10:49 AM] (29536) Auto-excluding /home/rauli/flask/FlaskDay2/flask_app_ex/venv
[Info  - 9:10:49 AM] (29536) Auto-excluding /home/rauli/flask/FlaskDay2/routes/venv
[Info  - 9:10:49 AM] (29536) Auto-excluding /home/rauli/flask/FlaskDay3/FlaskCRUD/flask-db-crud/venv
[Info  - 9:10:49 AM] (29536) Auto-excluding /home/rauli/flask/flask-introduction/venv
[Info  - 9:10:49 AM] (29536) Auto-excluding /home/rauli/flask-form-validators/venv
[Info  - 9:10:49 AM] (29536) Auto-excluding /home/rauli/flask-forms/venv
[Info  - 9:10:49 AM] (29536) Auto-excluding /home/rauli/flask-templating/venv
[Info  - 9:10:49 AM] (29536) Auto-excluding /home/rauli/flask-unit-testing/venv
[Info  - 9:10:49 AM] (29536) Auto-excluding /home/rauli/gunicorn-test/venv
[Info  - 9:10:49 AM] (29536) Auto-excluding /home/rauli/todo_html/venv
[Info  - 9:10:49 AM] (29536) Found 101 source files
[Info  - 9:12:42 AM] (29536) Searching for source files
[Info  - 9:12:42 AM] (29536) Auto-excluding /home/rauli/ToDoForked/venv
[Info  - 9:12:42 AM] (29536) Auto-excluding /home/rauli/data-streams-remote-script/venv
[Info  - 9:12:42 AM] (29536) Auto-excluding /home/rauli/exercise/venv
[Info  - 9:12:42 AM] (29536) Auto-excluding /home/rauli/exercise_dif/venv
[Info  - 9:12:42 AM] (29536) Auto-excluding /home/rauli/exercise_templating/venv
[Info  - 9:12:42 AM] (29536) Auto-excluding /home/rauli/flask/FlaskDay2/databaseLayer/venv
[Info  - 9:12:42 AM] (29536) Auto-excluding /home/rauli/flask/FlaskDay2/flask-db-relationships/venv
[Info  - 9:12:42 AM] (29536) Auto-excluding /home/rauli/flask/FlaskDay2/flask_app_ex/venv
[Info  - 9:12:42 AM] (29536) Auto-excluding /home/rauli/flask/FlaskDay2/routes/venv
[Info  - 9:12:42 AM] (29536) Auto-excluding /home/rauli/flask/FlaskDay3/FlaskCRUD/flask-db-crud/venv
[Info  - 9:12:42 AM] (29536) Auto-excluding /home/rauli/flask/flask-introduction/venv
[Info  - 9:12:42 AM] (29536) Auto-excluding /home/rauli/flask-form-validators/venv
[Info  - 9:12:42 AM] (29536) Auto-excluding /home/rauli/flask-forms/venv
[Info  - 9:12:42 AM] (29536) Auto-excluding /home/rauli/flask-templating/venv
[Info  - 9:12:42 AM] (29536) Auto-excluding /home/rauli/flask-unit-testing/venv
[Info  - 9:12:42 AM] (29536) Auto-excluding /home/rauli/gunicorn-test/venv
[Info  - 9:12:42 AM] (29536) Auto-excluding /home/rauli/todo_html/venv
[Info  - 9:12:43 AM] (29536) Found 101 source files
[Info  - 9:12:45 AM] (29536) [BG(1)] Long operation: analyzing: /home/rauli/flask-unit-testing/app.py (2301ms)
[Info  - 9:12:46 AM] (29536) Searching for source files
[Info  - 9:12:46 AM] (29536) Auto-excluding /home/rauli/ToDoForked/venv
[Info  - 9:12:46 AM] (29536) Auto-excluding /home/rauli/data-streams-remote-script/venv
[Info  - 9:12:46 AM] (29536) Auto-excluding /home/rauli/exercise/venv
[Info  - 9:12:46 AM] (29536) Auto-excluding /home/rauli/exercise_dif/venv
[Info  - 9:12:46 AM] (29536) Auto-excluding /home/rauli/exercise_templating/venv
[Info  - 9:12:46 AM] (29536) Auto-excluding /home/rauli/flask/FlaskDay2/databaseLayer/venv
[Info  - 9:12:46 AM] (29536) Auto-excluding /home/rauli/flask/FlaskDay2/flask-db-relationships/venv
[Info  - 9:12:46 AM] (29536) Auto-excluding /home/rauli/flask/FlaskDay2/flask_app_ex/venv
[Info  - 9:12:46 AM] (29536) Auto-excluding /home/rauli/flask/FlaskDay2/routes/venv
[Info  - 9:12:46 AM] (29536) Auto-excluding /home/rauli/flask/FlaskDay3/FlaskCRUD/flask-db-crud/venv
[Info  - 9:12:46 AM] (29536) Auto-excluding /home/rauli/flask/flask-introduction/venv
[Info  - 9:12:46 AM] (29536) Auto-excluding /home/rauli/flask-form-validators/venv
[Info  - 9:12:46 AM] (29536) Auto-excluding /home/rauli/flask-forms/venv
[Info  - 9:12:46 AM] (29536) Auto-excluding /home/rauli/flask-templating/venv
[Info  - 9:12:46 AM] (29536) Auto-excluding /home/rauli/flask-unit-testing/venv
[Info  - 9:12:46 AM] (29536) Auto-excluding /home/rauli/gunicorn-test/venv
[Info  - 9:12:46 AM] (29536) Auto-excluding /home/rauli/todo_html/venv
[Info  - 9:12:46 AM] (29536) Found 101 source files
[Info  - 9:12:50 AM] (29536) Searching for source files
[Info  - 9:12:50 AM] (29536) Auto-excluding /home/rauli/ToDoForked/venv
[Info  - 9:12:50 AM] (29536) Auto-excluding /home/rauli/data-streams-remote-script/venv
[Info  - 9:12:50 AM] (29536) Auto-excluding /home/rauli/exercise/venv
[Info  - 9:12:50 AM] (29536) Auto-excluding /home/rauli/exercise_dif/venv
[Info  - 9:12:50 AM] (29536) Auto-excluding /home/rauli/exercise_templating/venv
[Info  - 9:12:50 AM] (29536) Auto-excluding /home/rauli/flask/FlaskDay2/databaseLayer/venv
[Info  - 9:12:50 AM] (29536) Auto-excluding /home/rauli/flask/FlaskDay2/flask-db-relationships/venv
[Info  - 9:12:50 AM] (29536) Auto-excluding /home/rauli/flask/FlaskDay2/flask_app_ex/venv
[Info  - 9:12:50 AM] (29536) Auto-excluding /home/rauli/flask/FlaskDay2/routes/venv
[Info  - 9:12:50 AM] (29536) Auto-excluding /home/rauli/flask/FlaskDay3/FlaskCRUD/flask-db-crud/venv
[Info  - 9:12:50 AM] (29536) Auto-excluding /home/rauli/flask/flask-introduction/venv
[Info  - 9:12:50 AM] (29536) Auto-excluding /home/rauli/flask-form-validators/venv
[Info  - 9:12:50 AM] (29536) Auto-excluding /home/rauli/flask-forms/venv
[Info  - 9:12:50 AM] (29536) Auto-excluding /home/rauli/flask-templating/venv
[Info  - 9:12:50 AM] (29536) Auto-excluding /home/rauli/flask-unit-testing/venv
[Info  - 9:12:50 AM] (29536) Auto-excluding /home/rauli/gunicorn-test/venv
[Info  - 9:12:50 AM] (29536) Auto-excluding /home/rauli/todo_html/venv
[Info  - 9:12:50 AM] (29536) Found 101 source files
[Info  - 10:07:41 AM] (29536) Searching for source files
[Info  - 10:07:41 AM] (29536) Auto-excluding /home/rauli/ToDoForked/venv
[Info  - 10:07:41 AM] (29536) Auto-excluding /home/rauli/exercise/venv
[Info  - 10:07:41 AM] (29536) Auto-excluding /home/rauli/exercise_dif/venv
[Info  - 10:07:41 AM] (29536) Auto-excluding /home/rauli/exercise_templating/venv
[Info  - 10:07:41 AM] (29536) Auto-excluding /home/rauli/flask/FlaskDay2/databaseLayer/venv
[Info  - 10:07:41 AM] (29536) Auto-excluding /home/rauli/flask/FlaskDay2/flask-db-relationships/venv
[Info  - 10:07:41 AM] (29536) Auto-excluding /home/rauli/flask/FlaskDay2/flask_app_ex/venv
[Info  - 10:07:41 AM] (29536) Auto-excluding /home/rauli/flask/FlaskDay2/routes/venv
[Info  - 10:07:41 AM] (29536) Auto-excluding /home/rauli/flask/FlaskDay3/FlaskCRUD/flask-db-crud/venv
[Info  - 10:07:41 AM] (29536) Auto-excluding /home/rauli/flask/flask-introduction/venv
[Info  - 10:07:41 AM] (29536) Auto-excluding /home/rauli/flask-form-validators/venv
[Info  - 10:07:41 AM] (29536) Auto-excluding /home/rauli/flask-forms/venv
[Info  - 10:07:41 AM] (29536) Auto-excluding /home/rauli/flask-templating/venv
[Info  - 10:07:41 AM] (29536) Auto-excluding /home/rauli/flask-unit-testing/venv
[Info  - 10:07:41 AM] (29536) Auto-excluding /home/rauli/gunicorn-test/venv
[Info  - 10:07:41 AM] (29536) Auto-excluding /home/rauli/todo_html/venv
[Info  - 10:07:41 AM] (29536) Found 100 source files
