[2022-06-23T08:26:30.568Z] Validating found git in: git
[2022-06-23T08:26:30.632Z] Using git 2.17.1 from git
[2022-06-23T08:26:30.715Z] > git rev-parse --show-toplevel [70ms]
[2022-06-23T08:26:30.746Z] > git rev-parse --git-dir --git-common-dir [20ms]
[2022-06-23T08:26:30.754Z] Open repository: /home/rauli
[2022-06-23T08:26:31.210Z] > git show --textconv :.bashrc [44ms]
[2022-06-23T08:26:31.216Z] > git ls-files --stage -- /home/rauli/.bashrc [25ms]
[2022-06-23T08:26:31.247Z] > git cat-file -s b488fcc4cee656840d7a756298456eaa243b3e46 [11ms]
[2022-06-23T08:26:31.266Z] > git fetch [503ms]
[2022-06-23T08:26:31.532Z] > git check-ignore -v -z --stdin [56ms]
[2022-06-23T08:26:31.554Z] > git status -z -uall [785ms]
[2022-06-23T08:26:31.561Z] > git symbolic-ref --short HEAD [2ms]
[2022-06-23T08:26:31.568Z] > git for-each-ref --format=%(refname)%00%(upstream:short)%00%(objectname)%00%(upstream:track)%00%(upstream:remotename)%00%(upstream:remoteref) refs/heads/master refs/remotes/master [2ms]
[2022-06-23T08:26:31.582Z] > git remote --verbose [2ms]
[2022-06-23T08:26:31.582Z] > git for-each-ref --sort -committerdate --format %(refname) %(objectname) %(*objectname) [8ms]
[2022-06-23T08:26:31.594Z] > git config --get commit.template [1ms]
[2022-06-23T08:26:31.849Z] > git status -z -uall [247ms]
[2022-06-23T08:26:31.856Z] > git symbolic-ref --short HEAD [2ms]
[2022-06-23T08:26:31.862Z] > git for-each-ref --format=%(refname)%00%(upstream:short)%00%(objectname)%00%(upstream:track)%00%(upstream:remotename)%00%(upstream:remoteref) refs/heads/master refs/remotes/master [1ms]
[2022-06-23T08:26:31.875Z] > git remote --verbose [2ms]
[2022-06-23T08:26:31.875Z] > git for-each-ref --sort -committerdate --format %(refname) %(objectname) %(*objectname) [7ms]
[2022-06-23T08:26:31.890Z] > git config --get commit.template [3ms]
[2022-06-23T08:26:32.665Z] > git ls-files --stage -- /home/rauli/.bashrc [7ms]
[2022-06-23T08:26:32.672Z] > git cat-file -s b488fcc4cee656840d7a756298456eaa243b3e46 [2ms]
[2022-06-23T08:26:32.721Z] > git show --textconv :.bashrc [7ms]
[2022-06-23T08:26:37.119Z] > git status -z -uall [272ms]
[2022-06-23T08:26:37.131Z] > git symbolic-ref --short HEAD [5ms]
[2022-06-23T08:26:37.143Z] > git for-each-ref --format=%(refname)%00%(upstream:short)%00%(objectname)%00%(upstream:track)%00%(upstream:remotename)%00%(upstream:remoteref) refs/heads/master refs/remotes/master [5ms]
[2022-06-23T08:26:37.158Z] > git for-each-ref --sort -committerdate --format %(refname) %(objectname) %(*objectname) [8ms]
[2022-06-23T08:26:37.161Z] > git remote --verbose [5ms]
[2022-06-23T08:26:37.283Z] > git config --get commit.template [3ms]
[2022-06-23T08:26:44.689Z] > git status -z -uall [215ms]
[2022-06-23T08:26:44.698Z] > git symbolic-ref --short HEAD [1ms]
[2022-06-23T08:26:44.704Z] > git for-each-ref --format=%(refname)%00%(upstream:short)%00%(objectname)%00%(upstream:track)%00%(upstream:remotename)%00%(upstream:remoteref) refs/heads/master refs/remotes/master [1ms]
[2022-06-23T08:26:44.716Z] > git remote --verbose [1ms]
[2022-06-23T08:26:44.717Z] > git for-each-ref --sort -committerdate --format %(refname) %(objectname) %(*objectname) [7ms]
[2022-06-23T08:26:44.834Z] > git config --get commit.template [1ms]
[2022-06-23T08:26:50.060Z] > git status -z -uall [210ms]
[2022-06-23T08:26:50.068Z] > git symbolic-ref --short HEAD [2ms]
[2022-06-23T08:26:50.075Z] > git for-each-ref --format=%(refname)%00%(upstream:short)%00%(objectname)%00%(upstream:track)%00%(upstream:remotename)%00%(upstream:remoteref) refs/heads/master refs/remotes/master [1ms]
[2022-06-23T08:26:50.090Z] > git remote --verbose [2ms]
[2022-06-23T08:26:50.091Z] > git for-each-ref --sort -committerdate --format %(refname) %(objectname) %(*objectname) [9ms]
[2022-06-23T08:26:50.187Z] > git config --get commit.template [1ms]
[2022-06-23T08:26:55.402Z] > git status -z -uall [200ms]
[2022-06-23T08:26:55.421Z] > git symbolic-ref --short HEAD [11ms]
[2022-06-23T08:26:55.429Z] > git for-each-ref --format=%(refname)%00%(upstream:short)%00%(objectname)%00%(upstream:track)%00%(upstream:remotename)%00%(upstream:remoteref) refs/heads/master refs/remotes/master [1ms]
[2022-06-23T08:26:55.445Z] > git remote --verbose [3ms]
[2022-06-23T08:26:55.446Z] > git for-each-ref --sort -committerdate --format %(refname) %(objectname) %(*objectname) [10ms]
[2022-06-23T08:26:55.565Z] > git config --get commit.template [2ms]
[2022-06-23T08:27:00.787Z] > git status -z -uall [213ms]
[2022-06-23T08:27:00.795Z] > git symbolic-ref --short HEAD [1ms]
[2022-06-23T08:27:00.803Z] > git for-each-ref --format=%(refname)%00%(upstream:short)%00%(objectname)%00%(upstream:track)%00%(upstream:remotename)%00%(upstream:remoteref) refs/heads/master refs/remotes/master [1ms]
[2022-06-23T08:27:00.818Z] > git remote --verbose [2ms]
[2022-06-23T08:27:00.818Z] > git for-each-ref --sort -committerdate --format %(refname) %(objectname) %(*objectname) [8ms]
[2022-06-23T08:27:00.903Z] > git config --get commit.template [9ms]
[2022-06-23T08:27:06.137Z] > git status -z -uall [222ms]
[2022-06-23T08:27:06.150Z] > git symbolic-ref --short HEAD [6ms]
[2022-06-23T08:27:06.160Z] > git for-each-ref --format=%(refname)%00%(upstream:short)%00%(objectname)%00%(upstream:track)%00%(upstream:remotename)%00%(upstream:remoteref) refs/heads/master refs/remotes/master [2ms]
[2022-06-23T08:27:06.182Z] > git remote --verbose [3ms]
[2022-06-23T08:27:06.182Z] > git for-each-ref --sort -committerdate --format %(refname) %(objectname) %(*objectname) [14ms]
[2022-06-23T08:27:06.295Z] > git config --get commit.template [2ms]
[2022-06-23T08:27:11.504Z] > git status -z -uall [200ms]
[2022-06-23T08:27:11.512Z] > git symbolic-ref --short HEAD [1ms]
[2022-06-23T08:27:11.519Z] > git for-each-ref --format=%(refname)%00%(upstream:short)%00%(objectname)%00%(upstream:track)%00%(upstream:remotename)%00%(upstream:remoteref) refs/heads/master refs/remotes/master [1ms]
[2022-06-23T08:27:11.533Z] > git remote --verbose [2ms]
[2022-06-23T08:27:11.533Z] > git for-each-ref --sort -committerdate --format %(refname) %(objectname) %(*objectname) [7ms]
[2022-06-23T08:27:11.602Z] > git config --get commit.template [2ms]
[2022-06-23T08:27:16.812Z] > git status -z -uall [198ms]
[2022-06-23T08:27:16.820Z] > git symbolic-ref --short HEAD [2ms]
[2022-06-23T08:27:16.828Z] > git for-each-ref --format=%(refname)%00%(upstream:short)%00%(objectname)%00%(upstream:track)%00%(upstream:remotename)%00%(upstream:remoteref) refs/heads/master refs/remotes/master [2ms]
[2022-06-23T08:27:16.843Z] > git remote --verbose [3ms]
[2022-06-23T08:27:16.843Z] > git for-each-ref --sort -committerdate --format %(refname) %(objectname) %(*objectname) [9ms]
[2022-06-23T08:27:16.961Z] > git config --get commit.template [2ms]
[2022-06-23T08:27:22.173Z] > git status -z -uall [203ms]
[2022-06-23T08:27:22.182Z] > git symbolic-ref --short HEAD [1ms]
[2022-06-23T08:27:22.194Z] > git for-each-ref --format=%(refname)%00%(upstream:short)%00%(objectname)%00%(upstream:track)%00%(upstream:remotename)%00%(upstream:remoteref) refs/heads/master refs/remotes/master [5ms]
[2022-06-23T08:27:22.209Z] > git remote --verbose [1ms]
[2022-06-23T08:27:22.210Z] > git for-each-ref --sort -committerdate --format %(refname) %(objectname) %(*objectname) [8ms]
[2022-06-23T08:27:22.295Z] > git config --get commit.template [1ms]
[2022-06-23T08:27:27.527Z] > git status -z -uall [217ms]
[2022-06-23T08:27:27.536Z] > git symbolic-ref --short HEAD [2ms]
[2022-06-23T08:27:27.544Z] > git for-each-ref --format=%(refname)%00%(upstream:short)%00%(objectname)%00%(upstream:track)%00%(upstream:remotename)%00%(upstream:remoteref) refs/heads/master refs/remotes/master [1ms]
[2022-06-23T08:27:27.559Z] > git remote --verbose [1ms]
[2022-06-23T08:27:27.560Z] > git for-each-ref --sort -committerdate --format %(refname) %(objectname) %(*objectname) [8ms]
[2022-06-23T08:27:27.686Z] > git config --get commit.template [1ms]
[2022-06-23T08:27:32.900Z] > git status -z -uall [202ms]
[2022-06-23T08:27:32.907Z] > git symbolic-ref --short HEAD [1ms]
[2022-06-23T08:27:32.914Z] > git for-each-ref --format=%(refname)%00%(upstream:short)%00%(objectname)%00%(upstream:track)%00%(upstream:remotename)%00%(upstream:remoteref) refs/heads/master refs/remotes/master [1ms]
[2022-06-23T08:27:32.926Z] > git remote --verbose [1ms]
[2022-06-23T08:27:32.927Z] > git for-each-ref --sort -committerdate --format %(refname) %(objectname) %(*objectname) [7ms]
[2022-06-23T08:27:32.999Z] > git config --get commit.template [9ms]
[2022-06-23T08:27:38.234Z] > git status -z -uall [220ms]
[2022-06-23T08:27:38.244Z] > git symbolic-ref --short HEAD [2ms]
[2022-06-23T08:27:38.254Z] > git for-each-ref --format=%(refname)%00%(upstream:short)%00%(objectname)%00%(upstream:track)%00%(upstream:remotename)%00%(upstream:remoteref) refs/heads/master refs/remotes/master [4ms]
[2022-06-23T08:27:38.275Z] > git remote --verbose [2ms]
[2022-06-23T08:27:38.275Z] > git for-each-ref --sort -committerdate --format %(refname) %(objectname) %(*objectname) [13ms]
[2022-06-23T08:27:38.407Z] > git config --get commit.template [1ms]
[2022-06-23T08:27:43.635Z] > git status -z -uall [217ms]
[2022-06-23T08:27:43.645Z] > git symbolic-ref --short HEAD [2ms]
[2022-06-23T08:27:43.654Z] > git for-each-ref --format=%(refname)%00%(upstream:short)%00%(objectname)%00%(upstream:track)%00%(upstream:remotename)%00%(upstream:remoteref) refs/heads/master refs/remotes/master [1ms]
[2022-06-23T08:27:43.671Z] > git remote --verbose [1ms]
[2022-06-23T08:27:43.672Z] > git for-each-ref --sort -committerdate --format %(refname) %(objectname) %(*objectname) [10ms]
[2022-06-23T08:27:43.749Z] > git config --get commit.template [11ms]
[2022-06-23T08:27:48.957Z] > git status -z -uall [199ms]
[2022-06-23T08:27:48.965Z] > git symbolic-ref --short HEAD [2ms]
[2022-06-23T08:27:48.973Z] > git for-each-ref --format=%(refname)%00%(upstream:short)%00%(objectname)%00%(upstream:track)%00%(upstream:remotename)%00%(upstream:remoteref) refs/heads/master refs/remotes/master [2ms]
[2022-06-23T08:27:48.987Z] > git remote --verbose [2ms]
[2022-06-23T08:27:48.988Z] > git for-each-ref --sort -committerdate --format %(refname) %(objectname) %(*objectname) [8ms]
[2022-06-23T08:27:49.099Z] > git config --get commit.template [1ms]
[2022-06-23T08:27:54.323Z] > git status -z -uall [209ms]
[2022-06-23T08:27:54.330Z] > git symbolic-ref --short HEAD [1ms]
[2022-06-23T08:27:54.337Z] > git for-each-ref --format=%(refname)%00%(upstream:short)%00%(objectname)%00%(upstream:track)%00%(upstream:remotename)%00%(upstream:remoteref) refs/heads/master refs/remotes/master [1ms]
[2022-06-23T08:27:54.350Z] > git remote --verbose [1ms]
[2022-06-23T08:27:54.351Z] > git for-each-ref --sort -committerdate --format %(refname) %(objectname) %(*objectname) [7ms]
[2022-06-23T08:27:54.422Z] > git config --get commit.template [9ms]
[2022-06-23T08:27:59.663Z] > git status -z -uall [225ms]
[2022-06-23T08:27:59.673Z] > git symbolic-ref --short HEAD [1ms]
[2022-06-23T08:27:59.683Z] > git for-each-ref --format=%(refname)%00%(upstream:short)%00%(objectname)%00%(upstream:track)%00%(upstream:remotename)%00%(upstream:remoteref) refs/heads/master refs/remotes/master [2ms]
[2022-06-23T08:27:59.699Z] > git remote --verbose [2ms]
[2022-06-23T08:27:59.699Z] > git for-each-ref --sort -committerdate --format %(refname) %(objectname) %(*objectname) [9ms]
[2022-06-23T08:27:59.815Z] > git config --get commit.template [17ms]
[2022-06-23T08:28:05.058Z] > git status -z -uall [232ms]
[2022-06-23T08:28:05.067Z] > git symbolic-ref --short HEAD [1ms]
[2022-06-23T08:28:05.075Z] > git for-each-ref --format=%(refname)%00%(upstream:short)%00%(objectname)%00%(upstream:track)%00%(upstream:remotename)%00%(upstream:remoteref) refs/heads/master refs/remotes/master [1ms]
[2022-06-23T08:28:05.090Z] > git remote --verbose [1ms]
[2022-06-23T08:28:05.091Z] > git for-each-ref --sort -committerdate --format %(refname) %(objectname) %(*objectname) [9ms]
[2022-06-23T08:28:05.177Z] > git config --get commit.template [12ms]
[2022-06-23T08:28:10.385Z] > git status -z -uall [199ms]
[2022-06-23T08:28:10.395Z] > git symbolic-ref --short HEAD [2ms]
[2022-06-23T08:28:10.404Z] > git for-each-ref --format=%(refname)%00%(upstream:short)%00%(objectname)%00%(upstream:track)%00%(upstream:remotename)%00%(upstream:remoteref) refs/heads/master refs/remotes/master [2ms]
[2022-06-23T08:28:10.421Z] > git remote --verbose [3ms]
[2022-06-23T08:28:10.421Z] > git for-each-ref --sort -committerdate --format %(refname) %(objectname) %(*objectname) [10ms]
[2022-06-23T08:28:10.531Z] > git config --get commit.template [1ms]
[2022-06-23T08:28:15.759Z] > git status -z -uall [218ms]
[2022-06-23T08:28:15.768Z] > git symbolic-ref --short HEAD [1ms]
[2022-06-23T08:28:15.778Z] > git for-each-ref --format=%(refname)%00%(upstream:short)%00%(objectname)%00%(upstream:track)%00%(upstream:remotename)%00%(upstream:remoteref) refs/heads/master refs/remotes/master [1ms]
[2022-06-23T08:28:15.794Z] > git remote --verbose [1ms]
[2022-06-23T08:28:15.795Z] > git for-each-ref --sort -committerdate --format %(refname) %(objectname) %(*objectname) [9ms]
[2022-06-23T08:28:15.868Z] > git config --get commit.template [11ms]
[2022-06-23T08:28:21.078Z] > git status -z -uall [200ms]
[2022-06-23T08:28:21.089Z] > git symbolic-ref --short HEAD [3ms]
[2022-06-23T08:28:21.112Z] > git for-each-ref --format=%(refname)%00%(upstream:short)%00%(objectname)%00%(upstream:track)%00%(upstream:remotename)%00%(upstream:remoteref) refs/heads/master refs/remotes/master [15ms]
[2022-06-23T08:28:21.128Z] > git remote --verbose [2ms]
[2022-06-23T08:28:21.129Z] > git for-each-ref --sort -committerdate --format %(refname) %(objectname) %(*objectname) [9ms]
[2022-06-23T08:28:21.234Z] > git config --get commit.template [1ms]
[2022-06-23T08:28:26.445Z] > git status -z -uall [199ms]
[2022-06-23T08:28:26.453Z] > git symbolic-ref --short HEAD [1ms]
[2022-06-23T08:28:26.460Z] > git for-each-ref --format=%(refname)%00%(upstream:short)%00%(objectname)%00%(upstream:track)%00%(upstream:remotename)%00%(upstream:remoteref) refs/heads/master refs/remotes/master [1ms]
[2022-06-23T08:28:26.473Z] > git remote --verbose [1ms]
[2022-06-23T08:28:26.474Z] > git for-each-ref --sort -committerdate --format %(refname) %(objectname) %(*objectname) [8ms]
[2022-06-23T08:28:26.546Z] > git config --get commit.template [10ms]
[2022-06-23T08:28:31.776Z] > git status -z -uall [214ms]
[2022-06-23T08:28:31.786Z] > git symbolic-ref --short HEAD [1ms]
[2022-06-23T08:28:31.797Z] > git for-each-ref --format=%(refname)%00%(upstream:short)%00%(objectname)%00%(upstream:track)%00%(upstream:remotename)%00%(upstream:remoteref) refs/heads/master refs/remotes/master [3ms]
[2022-06-23T08:28:31.816Z] > git remote --verbose [2ms]
[2022-06-23T08:28:31.817Z] > git for-each-ref --sort -committerdate --format %(refname) %(objectname) %(*objectname) [11ms]
[2022-06-23T08:28:31.942Z] > git config --get commit.template [1ms]
[2022-06-23T08:28:34.138Z] > git rev-parse --show-toplevel [8ms]
[2022-06-23T08:28:34.138Z] fatal: not a git repository (or any of the parent directories): .git
[2022-06-23T08:28:37.167Z] > git status -z -uall [210ms]
[2022-06-23T08:28:37.175Z] > git symbolic-ref --short HEAD [1ms]
[2022-06-23T08:28:37.184Z] > git for-each-ref --format=%(refname)%00%(upstream:short)%00%(objectname)%00%(upstream:track)%00%(upstream:remotename)%00%(upstream:remoteref) refs/heads/master refs/remotes/master [2ms]
[2022-06-23T08:28:37.203Z] > git remote --verbose [2ms]
[2022-06-23T08:28:37.203Z] > git for-each-ref --sort -committerdate --format %(refname) %(objectname) %(*objectname) [10ms]
[2022-06-23T08:28:37.280Z] > git config --get commit.template [10ms]
[2022-06-23T08:28:42.507Z] > git status -z -uall [217ms]
[2022-06-23T08:28:42.515Z] > git symbolic-ref --short HEAD [1ms]
[2022-06-23T08:28:42.530Z] > git for-each-ref --format=%(refname)%00%(upstream:short)%00%(objectname)%00%(upstream:track)%00%(upstream:remotename)%00%(upstream:remoteref) refs/heads/master refs/remotes/master [9ms]
[2022-06-23T08:28:42.550Z] > git remote --verbose [1ms]
[2022-06-23T08:28:42.550Z] > git for-each-ref --sort -committerdate --format %(refname) %(objectname) %(*objectname) [12ms]
[2022-06-23T08:28:42.670Z] > git config --get commit.template [2ms]
[2022-06-23T08:28:50.098Z] > git status -z -uall [220ms]
[2022-06-23T08:28:50.108Z] > git symbolic-ref --short HEAD [1ms]
[2022-06-23T08:28:50.118Z] > git for-each-ref --format=%(refname)%00%(upstream:short)%00%(objectname)%00%(upstream:track)%00%(upstream:remotename)%00%(upstream:remoteref) refs/heads/master refs/remotes/master [1ms]
[2022-06-23T08:28:50.135Z] > git remote --verbose [1ms]
[2022-06-23T08:28:50.135Z] > git for-each-ref --sort -committerdate --format %(refname) %(objectname) %(*objectname) [9ms]
[2022-06-23T08:28:50.217Z] > git config --get commit.template [13ms]
[2022-06-23T08:28:55.445Z] > git status -z -uall [219ms]
[2022-06-23T08:28:55.453Z] > git symbolic-ref --short HEAD [1ms]
[2022-06-23T08:28:55.459Z] > git for-each-ref --format=%(refname)%00%(upstream:short)%00%(objectname)%00%(upstream:track)%00%(upstream:remotename)%00%(upstream:remoteref) refs/heads/master refs/remotes/master [0ms]
[2022-06-23T08:28:55.471Z] > git remote --verbose [1ms]
[2022-06-23T08:28:55.471Z] > git for-each-ref --sort -committerdate --format %(refname) %(objectname) %(*objectname) [6ms]
[2022-06-23T08:28:55.551Z] > git config --get commit.template [12ms]
[2022-06-23T08:29:00.775Z] > git status -z -uall [213ms]
[2022-06-23T08:29:00.784Z] > git symbolic-ref --short HEAD [0ms]
[2022-06-23T08:29:00.791Z] > git for-each-ref --format=%(refname)%00%(upstream:short)%00%(objectname)%00%(upstream:track)%00%(upstream:remotename)%00%(upstream:remoteref) refs/heads/master refs/remotes/master [1ms]
[2022-06-23T08:29:00.805Z] > git remote --verbose [1ms]
[2022-06-23T08:29:00.806Z] > git for-each-ref --sort -committerdate --format %(refname) %(objectname) %(*objectname) [8ms]
[2022-06-23T08:29:00.883Z] > git config --get commit.template [10ms]
[2022-06-23T08:29:06.091Z] > git status -z -uall [194ms]
[2022-06-23T08:29:06.099Z] > git symbolic-ref --short HEAD [1ms]
[2022-06-23T08:29:06.108Z] > git for-each-ref --format=%(refname)%00%(upstream:short)%00%(objectname)%00%(upstream:track)%00%(upstream:remotename)%00%(upstream:remoteref) refs/heads/master refs/remotes/master [1ms]
[2022-06-23T08:29:06.123Z] > git remote --verbose [2ms]
[2022-06-23T08:29:06.124Z] > git for-each-ref --sort -committerdate --format %(refname) %(objectname) %(*objectname) [10ms]
[2022-06-23T08:29:06.237Z] > git config --get commit.template [2ms]
[2022-06-23T08:29:15.773Z] > git status -z -uall [191ms]
[2022-06-23T08:29:15.782Z] > git symbolic-ref --short HEAD [0ms]
[2022-06-23T08:29:15.789Z] > git for-each-ref --format=%(refname)%00%(upstream:short)%00%(objectname)%00%(upstream:track)%00%(upstream:remotename)%00%(upstream:remoteref) refs/heads/master refs/remotes/master [0ms]
[2022-06-23T08:29:15.803Z] > git remote --verbose [1ms]
[2022-06-23T08:29:15.803Z] > git for-each-ref --sort -committerdate --format %(refname) %(objectname) %(*objectname) [7ms]
[2022-06-23T08:29:15.873Z] > git config --get commit.template [9ms]
[2022-06-23T08:29:21.114Z] > git status -z -uall [232ms]
[2022-06-23T08:29:21.123Z] > git symbolic-ref --short HEAD [1ms]
[2022-06-23T08:29:21.134Z] > git for-each-ref --format=%(refname)%00%(upstream:short)%00%(objectname)%00%(upstream:track)%00%(upstream:remotename)%00%(upstream:remoteref) refs/heads/master refs/remotes/master [1ms]
[2022-06-23T08:29:21.151Z] > git remote --verbose [1ms]
[2022-06-23T08:29:21.152Z] > git for-each-ref --sort -committerdate --format %(refname) %(objectname) %(*objectname) [10ms]
[2022-06-23T08:29:21.233Z] > git config --get commit.template [11ms]
[2022-06-23T08:29:26.443Z] > git status -z -uall [201ms]
[2022-06-23T08:29:26.451Z] > git symbolic-ref --short HEAD [1ms]
[2022-06-23T08:29:26.460Z] > git for-each-ref --format=%(refname)%00%(upstream:short)%00%(objectname)%00%(upstream:track)%00%(upstream:remotename)%00%(upstream:remoteref) refs/heads/master refs/remotes/master [2ms]
[2022-06-23T08:29:26.475Z] > git remote --verbose [3ms]
[2022-06-23T08:29:26.475Z] > git for-each-ref --sort -committerdate --format %(refname) %(objectname) %(*objectname) [9ms]
[2022-06-23T08:29:26.590Z] > git config --get commit.template [1ms]
[2022-06-23T08:29:31.791Z] > git status -z -uall [193ms]
[2022-06-23T08:29:31.798Z] > git symbolic-ref --short HEAD [1ms]
[2022-06-23T08:29:31.805Z] > git for-each-ref --format=%(refname)%00%(upstream:short)%00%(objectname)%00%(upstream:track)%00%(upstream:remotename)%00%(upstream:remoteref) refs/heads/master refs/remotes/master [1ms]
[2022-06-23T08:29:31.816Z] > git remote --verbose [1ms]
[2022-06-23T08:29:31.816Z] > git for-each-ref --sort -committerdate --format %(refname) %(objectname) %(*objectname) [6ms]
[2022-06-23T08:29:31.879Z] > git config --get commit.template [10ms]
[2022-06-23T08:29:33.858Z] > git fetch [1959ms]
[2022-06-23T08:29:34.095Z] > git status -z -uall [229ms]
[2022-06-23T08:29:34.105Z] > git symbolic-ref --short HEAD [3ms]
[2022-06-23T08:29:34.112Z] > git for-each-ref --format=%(refname)%00%(upstream:short)%00%(objectname)%00%(upstream:track)%00%(upstream:remotename)%00%(upstream:remoteref) refs/heads/master refs/remotes/master [1ms]
[2022-06-23T08:29:34.124Z] > git remote --verbose [1ms]
[2022-06-23T08:29:34.125Z] > git for-each-ref --sort -committerdate --format %(refname) %(objectname) %(*objectname) [7ms]
[2022-06-23T08:29:34.237Z] > git config --get commit.template [1ms]
[2022-06-23T08:29:44.253Z] > git status -z -uall [201ms]
[2022-06-23T08:29:44.259Z] > git symbolic-ref --short HEAD [0ms]
[2022-06-23T08:29:44.266Z] > git for-each-ref --format=%(refname)%00%(upstream:short)%00%(objectname)%00%(upstream:track)%00%(upstream:remotename)%00%(upstream:remoteref) refs/heads/master refs/remotes/master [1ms]
[2022-06-23T08:29:44.277Z] > git remote --verbose [1ms]
[2022-06-23T08:29:44.277Z] > git for-each-ref --sort -committerdate --format %(refname) %(objectname) %(*objectname) [6ms]
[2022-06-23T08:29:44.347Z] > git config --get commit.template [9ms]
[2022-06-23T08:29:55.522Z] > git status -z -uall [224ms]
[2022-06-23T08:29:55.531Z] > git symbolic-ref --short HEAD [2ms]
[2022-06-23T08:29:55.548Z] > git for-each-ref --format=%(refname)%00%(upstream:short)%00%(objectname)%00%(upstream:track)%00%(upstream:remotename)%00%(upstream:remoteref) refs/heads/master refs/remotes/master [3ms]
[2022-06-23T08:29:55.568Z] > git remote --verbose [3ms]
[2022-06-23T08:29:55.568Z] > git for-each-ref --sort -committerdate --format %(refname) %(objectname) %(*objectname) [14ms]
[2022-06-23T08:29:55.693Z] > git config --get commit.template [1ms]
[2022-06-23T08:30:00.907Z] > git status -z -uall [206ms]
[2022-06-23T08:30:00.914Z] > git symbolic-ref --short HEAD [1ms]
[2022-06-23T08:30:00.920Z] > git for-each-ref --format=%(refname)%00%(upstream:short)%00%(objectname)%00%(upstream:track)%00%(upstream:remotename)%00%(upstream:remoteref) refs/heads/master refs/remotes/master [0ms]
[2022-06-23T08:30:00.933Z] > git remote --verbose [1ms]
[2022-06-23T08:30:00.934Z] > git for-each-ref --sort -committerdate --format %(refname) %(objectname) %(*objectname) [8ms]
[2022-06-23T08:30:01.004Z] > git config --get commit.template [10ms]
[2022-06-23T08:30:06.239Z] > git status -z -uall [225ms]
[2022-06-23T08:30:06.249Z] > git symbolic-ref --short HEAD [3ms]
[2022-06-23T08:30:06.258Z] > git for-each-ref --format=%(refname)%00%(upstream:short)%00%(objectname)%00%(upstream:track)%00%(upstream:remotename)%00%(upstream:remoteref) refs/heads/master refs/remotes/master [1ms]
[2022-06-23T08:30:06.276Z] > git remote --verbose [4ms]
[2022-06-23T08:30:06.276Z] > git for-each-ref --sort -committerdate --format %(refname) %(objectname) %(*objectname) [11ms]
[2022-06-23T08:30:06.401Z] > git config --get commit.template [1ms]
[2022-06-23T08:30:11.620Z] > git status -z -uall [202ms]
[2022-06-23T08:30:11.627Z] > git symbolic-ref --short HEAD [1ms]
[2022-06-23T08:30:11.634Z] > git for-each-ref --format=%(refname)%00%(upstream:short)%00%(objectname)%00%(upstream:track)%00%(upstream:remotename)%00%(upstream:remoteref) refs/heads/master refs/remotes/master [1ms]
[2022-06-23T08:30:11.646Z] > git remote --verbose [1ms]
[2022-06-23T08:30:11.647Z] > git for-each-ref --sort -committerdate --format %(refname) %(objectname) %(*objectname) [7ms]
[2022-06-23T08:30:11.717Z] > git config --get commit.template [10ms]
[2022-06-23T08:30:18.715Z] > git status -z -uall [253ms]
[2022-06-23T08:30:18.724Z] > git symbolic-ref --short HEAD [0ms]
[2022-06-23T08:30:18.732Z] > git for-each-ref --format=%(refname)%00%(upstream:short)%00%(objectname)%00%(upstream:track)%00%(upstream:remotename)%00%(upstream:remoteref) refs/heads/master refs/remotes/master [2ms]
[2022-06-23T08:30:18.748Z] > git for-each-ref --sort -committerdate --format %(refname) %(objectname) %(*objectname) [9ms]
[2022-06-23T08:30:18.749Z] > git remote --verbose [2ms]
[2022-06-23T08:30:18.822Z] > git config --get commit.template [11ms]
[2022-06-23T08:30:24.052Z] > git status -z -uall [221ms]
[2022-06-23T08:30:24.060Z] > git symbolic-ref --short HEAD [1ms]
[2022-06-23T08:30:24.069Z] > git for-each-ref --format=%(refname)%00%(upstream:short)%00%(objectname)%00%(upstream:track)%00%(upstream:remotename)%00%(upstream:remoteref) refs/heads/master refs/remotes/master [1ms]
[2022-06-23T08:30:24.085Z] > git remote --verbose [1ms]
[2022-06-23T08:30:24.086Z] > git for-each-ref --sort -committerdate --format %(refname) %(objectname) %(*objectname) [9ms]
[2022-06-23T08:30:24.171Z] > git config --get commit.template [11ms]
[2022-06-23T08:30:29.407Z] > git status -z -uall [226ms]
[2022-06-23T08:30:29.416Z] > git symbolic-ref --short HEAD [2ms]
[2022-06-23T08:30:29.425Z] > git for-each-ref --format=%(refname)%00%(upstream:short)%00%(objectname)%00%(upstream:track)%00%(upstream:remotename)%00%(upstream:remoteref) refs/heads/master refs/remotes/master [1ms]
[2022-06-23T08:30:29.442Z] > git remote --verbose [2ms]
[2022-06-23T08:30:29.442Z] > git for-each-ref --sort -committerdate --format %(refname) %(objectname) %(*objectname) [9ms]
[2022-06-23T08:30:29.567Z] > git config --get commit.template [1ms]
[2022-06-23T08:30:34.789Z] > git status -z -uall [211ms]
[2022-06-23T08:30:34.798Z] > git symbolic-ref --short HEAD [1ms]
[2022-06-23T08:30:34.806Z] > git for-each-ref --format=%(refname)%00%(upstream:short)%00%(objectname)%00%(upstream:track)%00%(upstream:remotename)%00%(upstream:remoteref) refs/heads/master refs/remotes/master [1ms]
[2022-06-23T08:30:34.821Z] > git remote --verbose [2ms]
[2022-06-23T08:30:34.821Z] > git for-each-ref --sort -committerdate --format %(refname) %(objectname) %(*objectname) [8ms]
[2022-06-23T08:30:34.905Z] > git config --get commit.template [11ms]
[2022-06-23T08:30:40.116Z] > git status -z -uall [202ms]
[2022-06-23T08:30:40.123Z] > git symbolic-ref --short HEAD [1ms]
[2022-06-23T08:30:40.129Z] > git for-each-ref --format=%(refname)%00%(upstream:short)%00%(objectname)%00%(upstream:track)%00%(upstream:remotename)%00%(upstream:remoteref) refs/heads/master refs/remotes/master [0ms]
[2022-06-23T08:30:40.141Z] > git remote --verbose [1ms]
[2022-06-23T08:30:40.141Z] > git for-each-ref --sort -committerdate --format %(refname) %(objectname) %(*objectname) [6ms]
[2022-06-23T08:30:40.213Z] > git config --get commit.template [10ms]
[2022-06-23T08:35:43.041Z] > git status -z -uall [242ms]
[2022-06-23T08:35:43.047Z] > git symbolic-ref --short HEAD [0ms]
[2022-06-23T08:35:43.053Z] > git for-each-ref --format=%(refname)%00%(upstream:short)%00%(objectname)%00%(upstream:track)%00%(upstream:remotename)%00%(upstream:remoteref) refs/heads/master refs/remotes/master [1ms]
[2022-06-23T08:35:43.063Z] > git for-each-ref --sort -committerdate --format %(refname) %(objectname) %(*objectname) [5ms]
[2022-06-23T08:35:43.063Z] > git remote --verbose [1ms]
[2022-06-23T08:35:43.166Z] > git fetch [372ms]
[2022-06-23T08:35:43.167Z] > git config --get commit.template [2ms]
[2022-06-23T08:35:45.378Z] > git status -z -uall [2204ms]
[2022-06-23T08:35:45.392Z] > git symbolic-ref --short HEAD [8ms]
[2022-06-23T08:35:45.410Z] > git for-each-ref --format=%(refname)%00%(upstream:short)%00%(objectname)%00%(upstream:track)%00%(upstream:remotename)%00%(upstream:remoteref) refs/heads/master refs/remotes/master [12ms]
[2022-06-23T08:35:45.424Z] > git for-each-ref --sort -committerdate --format %(refname) %(objectname) %(*objectname) [7ms]
[2022-06-23T08:35:45.432Z] > git remote --verbose [10ms]
[2022-06-23T08:35:45.554Z] > git config --get commit.template [2ms]
[2022-06-23T08:35:48.382Z] > git status -z -uall [200ms]
[2022-06-23T08:35:48.390Z] > git symbolic-ref --short HEAD [1ms]
[2022-06-23T08:35:48.397Z] > git for-each-ref --format=%(refname)%00%(upstream:short)%00%(objectname)%00%(upstream:track)%00%(upstream:remotename)%00%(upstream:remoteref) refs/heads/master refs/remotes/master [1ms]
[2022-06-23T08:35:48.409Z] > git remote --verbose [2ms]
[2022-06-23T08:35:48.409Z] > git for-each-ref --sort -committerdate --format %(refname) %(objectname) %(*objectname) [7ms]
[2022-06-23T08:35:48.486Z] > git config --get commit.template [9ms]
[2022-06-23T08:35:53.732Z] > git status -z -uall [231ms]
[2022-06-23T08:35:53.744Z] > git symbolic-ref --short HEAD [2ms]
[2022-06-23T08:35:53.751Z] > git for-each-ref --format=%(refname)%00%(upstream:short)%00%(objectname)%00%(upstream:track)%00%(upstream:remotename)%00%(upstream:remoteref) refs/heads/master refs/remotes/master [1ms]
[2022-06-23T08:35:53.763Z] > git for-each-ref --sort -committerdate --format %(refname) %(objectname) %(*objectname) [5ms]
[2022-06-23T08:35:53.764Z] > git remote --verbose [2ms]
[2022-06-23T08:35:53.837Z] > git config --get commit.template [9ms]
[2022-06-23T08:35:59.068Z] > git status -z -uall [214ms]
[2022-06-23T08:35:59.078Z] > git symbolic-ref --short HEAD [1ms]
[2022-06-23T08:35:59.086Z] > git for-each-ref --format=%(refname)%00%(upstream:short)%00%(objectname)%00%(upstream:track)%00%(upstream:remotename)%00%(upstream:remoteref) refs/heads/master refs/remotes/master [0ms]
[2022-06-23T08:35:59.102Z] > git remote --verbose [2ms]
[2022-06-23T08:35:59.102Z] > git for-each-ref --sort -committerdate --format %(refname) %(objectname) %(*objectname) [8ms]
[2022-06-23T08:35:59.188Z] > git config --get commit.template [10ms]
[2022-06-23T08:36:08.028Z] > git status -z -uall [225ms]
[2022-06-23T08:36:08.035Z] > git symbolic-ref --short HEAD [1ms]
[2022-06-23T08:36:08.042Z] > git for-each-ref --format=%(refname)%00%(upstream:short)%00%(objectname)%00%(upstream:track)%00%(upstream:remotename)%00%(upstream:remoteref) refs/heads/master refs/remotes/master [1ms]
[2022-06-23T08:36:08.054Z] > git remote --verbose [2ms]
[2022-06-23T08:36:08.055Z] > git for-each-ref --sort -committerdate --format %(refname) %(objectname) %(*objectname) [8ms]
[2022-06-23T08:36:08.127Z] > git config --get commit.template [1ms]
[2022-06-23T08:36:13.330Z] > git status -z -uall [188ms]
[2022-06-23T08:36:13.337Z] > git symbolic-ref --short HEAD [1ms]
[2022-06-23T08:36:13.343Z] > git for-each-ref --format=%(refname)%00%(upstream:short)%00%(objectname)%00%(upstream:track)%00%(upstream:remotename)%00%(upstream:remoteref) refs/heads/master refs/remotes/master [1ms]
[2022-06-23T08:36:13.354Z] > git remote --verbose [1ms]
[2022-06-23T08:36:13.354Z] > git for-each-ref --sort -committerdate --format %(refname) %(objectname) %(*objectname) [6ms]
[2022-06-23T08:36:13.440Z] > git config --get commit.template [9ms]
[2022-06-23T08:36:18.654Z] > git status -z -uall [206ms]
[2022-06-23T08:36:18.665Z] > git symbolic-ref --short HEAD [3ms]
[2022-06-23T08:36:18.674Z] > git for-each-ref --format=%(refname)%00%(upstream:short)%00%(objectname)%00%(upstream:track)%00%(upstream:remotename)%00%(upstream:remoteref) refs/heads/master refs/remotes/master [2ms]
[2022-06-23T08:36:18.690Z] > git remote --verbose [2ms]
[2022-06-23T08:36:18.691Z] > git for-each-ref --sort -committerdate --format %(refname) %(objectname) %(*objectname) [9ms]
[2022-06-23T08:36:18.805Z] > git config --get commit.template [1ms]
[2022-06-23T08:36:29.178Z] > git status -z -uall [196ms]
[2022-06-23T08:36:29.187Z] > git symbolic-ref --short HEAD [1ms]
[2022-06-23T08:36:29.195Z] > git for-each-ref --format=%(refname)%00%(upstream:short)%00%(objectname)%00%(upstream:track)%00%(upstream:remotename)%00%(upstream:remoteref) refs/heads/master refs/remotes/master [1ms]
[2022-06-23T08:36:29.207Z] > git for-each-ref --sort -committerdate --format %(refname) %(objectname) %(*objectname) [6ms]
[2022-06-23T08:36:29.207Z] > git remote --verbose [1ms]
[2022-06-23T08:36:29.279Z] > git config --get commit.template [10ms]
[2022-06-23T08:36:34.503Z] > git status -z -uall [209ms]
[2022-06-23T08:36:34.513Z] > git symbolic-ref --short HEAD [4ms]
[2022-06-23T08:36:34.522Z] > git for-each-ref --format=%(refname)%00%(upstream:short)%00%(objectname)%00%(upstream:track)%00%(upstream:remotename)%00%(upstream:remoteref) refs/heads/master refs/remotes/master [1ms]
[2022-06-23T08:36:34.539Z] > git remote --verbose [2ms]
[2022-06-23T08:36:34.539Z] > git for-each-ref --sort -committerdate --format %(refname) %(objectname) %(*objectname) [9ms]
[2022-06-23T08:36:34.654Z] > git config --get commit.template [1ms]
[2022-06-23T08:36:39.865Z] > git status -z -uall [203ms]
[2022-06-23T08:36:39.874Z] > git symbolic-ref --short HEAD [1ms]
[2022-06-23T08:36:39.882Z] > git for-each-ref --format=%(refname)%00%(upstream:short)%00%(objectname)%00%(upstream:track)%00%(upstream:remotename)%00%(upstream:remoteref) refs/heads/master refs/remotes/master [0ms]
[2022-06-23T08:36:39.896Z] > git remote --verbose [1ms]
[2022-06-23T08:36:39.896Z] > git for-each-ref --sort -committerdate --format %(refname) %(objectname) %(*objectname) [7ms]
[2022-06-23T08:36:39.968Z] > git config --get commit.template [10ms]
[2022-06-23T08:36:46.994Z] > git status -z -uall [224ms]
[2022-06-23T08:36:47.001Z] > git symbolic-ref --short HEAD [1ms]
[2022-06-23T08:36:47.008Z] > git for-each-ref --format=%(refname)%00%(upstream:short)%00%(objectname)%00%(upstream:track)%00%(upstream:remotename)%00%(upstream:remoteref) refs/heads/master refs/remotes/master [0ms]
[2022-06-23T08:36:47.020Z] > git remote --verbose [1ms]
[2022-06-23T08:36:47.021Z] > git for-each-ref --sort -committerdate --format %(refname) %(objectname) %(*objectname) [8ms]
[2022-06-23T08:36:47.091Z] > git config --get commit.template [1ms]
[2022-06-23T08:36:55.465Z] > git status -z -uall [195ms]
[2022-06-23T08:36:55.472Z] > git symbolic-ref --short HEAD [1ms]
[2022-06-23T08:36:55.479Z] > git for-each-ref --format=%(refname)%00%(upstream:short)%00%(objectname)%00%(upstream:track)%00%(upstream:remotename)%00%(upstream:remoteref) refs/heads/master refs/remotes/master [1ms]
[2022-06-23T08:36:55.492Z] > git remote --verbose [1ms]
[2022-06-23T08:36:55.493Z] > git for-each-ref --sort -committerdate --format %(refname) %(objectname) %(*objectname) [7ms]
[2022-06-23T08:36:55.568Z] > git config --get commit.template [9ms]
[2022-06-23T08:37:02.952Z] > git status -z -uall [210ms]
[2022-06-23T08:37:02.960Z] > git symbolic-ref --short HEAD [1ms]
[2022-06-23T08:37:02.969Z] > git for-each-ref --format=%(refname)%00%(upstream:short)%00%(objectname)%00%(upstream:track)%00%(upstream:remotename)%00%(upstream:remoteref) refs/heads/master refs/remotes/master [1ms]
[2022-06-23T08:37:02.985Z] > git for-each-ref --sort -committerdate --format %(refname) %(objectname) %(*objectname) [9ms]
[2022-06-23T08:37:02.986Z] > git remote --verbose [4ms]
[2022-06-23T08:37:03.103Z] > git config --get commit.template [1ms]
[2022-06-23T08:37:08.313Z] > git status -z -uall [199ms]
[2022-06-23T08:37:08.321Z] > git symbolic-ref --short HEAD [1ms]
[2022-06-23T08:37:08.328Z] > git for-each-ref --format=%(refname)%00%(upstream:short)%00%(objectname)%00%(upstream:track)%00%(upstream:remotename)%00%(upstream:remoteref) refs/heads/master refs/remotes/master [1ms]
[2022-06-23T08:37:08.339Z] > git remote --verbose [1ms]
[2022-06-23T08:37:08.340Z] > git for-each-ref --sort -committerdate --format %(refname) %(objectname) %(*objectname) [7ms]
[2022-06-23T08:37:08.413Z] > git config --get commit.template [11ms]
[2022-06-23T08:37:13.623Z] > git status -z -uall [201ms]
[2022-06-23T08:37:13.631Z] > git symbolic-ref --short HEAD [1ms]
[2022-06-23T08:37:13.639Z] > git for-each-ref --format=%(refname)%00%(upstream:short)%00%(objectname)%00%(upstream:track)%00%(upstream:remotename)%00%(upstream:remoteref) refs/heads/master refs/remotes/master [1ms]
[2022-06-23T08:37:13.653Z] > git remote --verbose [2ms]
[2022-06-23T08:37:13.654Z] > git for-each-ref --sort -committerdate --format %(refname) %(objectname) %(*objectname) [9ms]
[2022-06-23T08:37:13.763Z] > git config --get commit.template [1ms]
[2022-06-23T08:37:18.968Z] > git status -z -uall [191ms]
[2022-06-23T08:37:18.975Z] > git symbolic-ref --short HEAD [1ms]
[2022-06-23T08:37:18.983Z] > git for-each-ref --format=%(refname)%00%(upstream:short)%00%(objectname)%00%(upstream:track)%00%(upstream:remotename)%00%(upstream:remoteref) refs/heads/master refs/remotes/master [1ms]
[2022-06-23T08:37:18.997Z] > git remote --verbose [1ms]
[2022-06-23T08:37:18.998Z] > git for-each-ref --sort -committerdate --format %(refname) %(objectname) %(*objectname) [8ms]
[2022-06-23T08:37:19.069Z] > git config --get commit.template [9ms]
[2022-06-23T08:37:24.287Z] > git status -z -uall [205ms]
[2022-06-23T08:37:24.298Z] > git symbolic-ref --short HEAD [4ms]
[2022-06-23T08:37:24.306Z] > git for-each-ref --format=%(refname)%00%(upstream:short)%00%(objectname)%00%(upstream:track)%00%(upstream:remotename)%00%(upstream:remoteref) refs/heads/master refs/remotes/master [1ms]
[2022-06-23T08:37:24.323Z] > git remote --verbose [3ms]
[2022-06-23T08:37:24.323Z] > git for-each-ref --sort -committerdate --format %(refname) %(objectname) %(*objectname) [10ms]
[2022-06-23T08:37:24.441Z] > git config --get commit.template [24ms]
[2022-06-23T08:37:29.650Z] > git status -z -uall [200ms]
[2022-06-23T08:37:29.657Z] > git symbolic-ref --short HEAD [0ms]
[2022-06-23T08:37:29.665Z] > git for-each-ref --format=%(refname)%00%(upstream:short)%00%(objectname)%00%(upstream:track)%00%(upstream:remotename)%00%(upstream:remoteref) refs/heads/master refs/remotes/master [1ms]
[2022-06-23T08:37:29.676Z] > git remote --verbose [1ms]
[2022-06-23T08:37:29.677Z] > git for-each-ref --sort -committerdate --format %(refname) %(objectname) %(*objectname) [7ms]
[2022-06-23T08:37:29.750Z] > git config --get commit.template [10ms]
[2022-06-23T08:37:34.971Z] > git status -z -uall [213ms]
[2022-06-23T08:37:34.979Z] > git symbolic-ref --short HEAD [1ms]
[2022-06-23T08:37:34.989Z] > git for-each-ref --format=%(refname)%00%(upstream:short)%00%(objectname)%00%(upstream:track)%00%(upstream:remotename)%00%(upstream:remoteref) refs/heads/master refs/remotes/master [3ms]
[2022-06-23T08:37:35.004Z] > git remote --verbose [3ms]
[2022-06-23T08:37:35.004Z] > git for-each-ref --sort -committerdate --format %(refname) %(objectname) %(*objectname) [9ms]
[2022-06-23T08:37:35.107Z] > git config --get commit.template [1ms]
[2022-06-23T08:37:40.327Z] > git status -z -uall [209ms]
[2022-06-23T08:37:40.336Z] > git symbolic-ref --short HEAD [1ms]
[2022-06-23T08:37:40.344Z] > git for-each-ref --format=%(refname)%00%(upstream:short)%00%(objectname)%00%(upstream:track)%00%(upstream:remotename)%00%(upstream:remoteref) refs/heads/master refs/remotes/master [1ms]
[2022-06-23T08:37:40.358Z] > git remote --verbose [1ms]
[2022-06-23T08:37:40.359Z] > git for-each-ref --sort -committerdate --format %(refname) %(objectname) %(*objectname) [9ms]
[2022-06-23T08:37:40.437Z] > git config --get commit.template [11ms]
[2022-06-23T08:37:45.650Z] > git status -z -uall [204ms]
[2022-06-23T08:37:45.658Z] > git symbolic-ref --short HEAD [1ms]
[2022-06-23T08:37:45.667Z] > git for-each-ref --format=%(refname)%00%(upstream:short)%00%(objectname)%00%(upstream:track)%00%(upstream:remotename)%00%(upstream:remoteref) refs/heads/master refs/remotes/master [1ms]
[2022-06-23T08:37:45.682Z] > git remote --verbose [2ms]
[2022-06-23T08:37:45.683Z] > git for-each-ref --sort -committerdate --format %(refname) %(objectname) %(*objectname) [9ms]
[2022-06-23T08:37:45.792Z] > git config --get commit.template [1ms]
[2022-06-23T08:37:51.011Z] > git status -z -uall [208ms]
[2022-06-23T08:37:51.020Z] > git symbolic-ref --short HEAD [1ms]
[2022-06-23T08:37:51.029Z] > git for-each-ref --format=%(refname)%00%(upstream:short)%00%(objectname)%00%(upstream:track)%00%(upstream:remotename)%00%(upstream:remoteref) refs/heads/master refs/remotes/master [1ms]
[2022-06-23T08:37:51.043Z] > git remote --verbose [1ms]
[2022-06-23T08:37:51.044Z] > git for-each-ref --sort -committerdate --format %(refname) %(objectname) %(*objectname) [8ms]
[2022-06-23T08:37:51.126Z] > git config --get commit.template [12ms]
[2022-06-23T08:37:56.336Z] > git status -z -uall [198ms]
[2022-06-23T08:37:56.344Z] > git symbolic-ref --short HEAD [1ms]
[2022-06-23T08:37:56.352Z] > git for-each-ref --format=%(refname)%00%(upstream:short)%00%(objectname)%00%(upstream:track)%00%(upstream:remotename)%00%(upstream:remoteref) refs/heads/master refs/remotes/master [1ms]
[2022-06-23T08:37:56.368Z] > git remote --verbose [2ms]
[2022-06-23T08:37:56.368Z] > git for-each-ref --sort -committerdate --format %(refname) %(objectname) %(*objectname) [8ms]
[2022-06-23T08:37:56.440Z] > git config --get commit.template [11ms]
[2022-06-23T08:38:01.659Z] > git status -z -uall [209ms]
[2022-06-23T08:38:01.670Z] > git symbolic-ref --short HEAD [4ms]
[2022-06-23T08:38:01.679Z] > git for-each-ref --format=%(refname)%00%(upstream:short)%00%(objectname)%00%(upstream:track)%00%(upstream:remotename)%00%(upstream:remoteref) refs/heads/master refs/remotes/master [2ms]
[2022-06-23T08:38:01.695Z] > git remote --verbose [2ms]
[2022-06-23T08:38:01.695Z] > git for-each-ref --sort -committerdate --format %(refname) %(objectname) %(*objectname) [8ms]
[2022-06-23T08:38:01.814Z] > git config --get commit.template [1ms]
[2022-06-23T08:38:07.036Z] > git status -z -uall [206ms]
[2022-06-23T08:38:07.046Z] > git symbolic-ref --short HEAD [1ms]
[2022-06-23T08:38:07.055Z] > git for-each-ref --format=%(refname)%00%(upstream:short)%00%(objectname)%00%(upstream:track)%00%(upstream:remotename)%00%(upstream:remoteref) refs/heads/master refs/remotes/master [1ms]
[2022-06-23T08:38:07.070Z] > git remote --verbose [1ms]
[2022-06-23T08:38:07.071Z] > git for-each-ref --sort -committerdate --format %(refname) %(objectname) %(*objectname) [8ms]
[2022-06-23T08:38:07.149Z] > git config --get commit.template [11ms]
[2022-06-23T08:38:12.389Z] > git status -z -uall [227ms]
[2022-06-23T08:38:12.397Z] > git symbolic-ref --short HEAD [1ms]
[2022-06-23T08:38:12.404Z] > git for-each-ref --format=%(refname)%00%(upstream:short)%00%(objectname)%00%(upstream:track)%00%(upstream:remotename)%00%(upstream:remoteref) refs/heads/master refs/remotes/master [1ms]
[2022-06-23T08:38:12.416Z] > git remote --verbose [1ms]
[2022-06-23T08:38:12.416Z] > git for-each-ref --sort -committerdate --format %(refname) %(objectname) %(*objectname) [6ms]
[2022-06-23T08:38:12.485Z] > git config --get commit.template [9ms]
[2022-06-23T08:51:52.605Z] > git status -z -uall [236ms]
[2022-06-23T08:51:52.611Z] > git symbolic-ref --short HEAD [1ms]
[2022-06-23T08:51:52.616Z] > git for-each-ref --format=%(refname)%00%(upstream:short)%00%(objectname)%00%(upstream:track)%00%(upstream:remotename)%00%(upstream:remoteref) refs/heads/master refs/remotes/master [0ms]
[2022-06-23T08:51:52.626Z] > git remote --verbose [1ms]
[2022-06-23T08:51:52.626Z] > git for-each-ref --sort -committerdate --format %(refname) %(objectname) %(*objectname) [5ms]
[2022-06-23T08:51:52.715Z] > git fetch [350ms]
[2022-06-23T08:51:52.716Z] > git config --get commit.template [2ms]
[2022-06-23T08:51:54.849Z] > git status -z -uall [2126ms]
[2022-06-23T08:51:54.862Z] > git symbolic-ref --short HEAD [7ms]
[2022-06-23T08:51:54.874Z] > git for-each-ref --format=%(refname)%00%(upstream:short)%00%(objectname)%00%(upstream:track)%00%(upstream:remotename)%00%(upstream:remoteref) refs/heads/master refs/remotes/master [6ms]
[2022-06-23T08:51:54.890Z] > git for-each-ref --sort -committerdate --format %(refname) %(objectname) %(*objectname) [9ms]
[2022-06-23T08:51:54.894Z] > git remote --verbose [6ms]
[2022-06-23T08:51:55.005Z] > git config --get commit.template [1ms]
[2022-06-23T08:51:57.926Z] > git status -z -uall [196ms]
[2022-06-23T08:51:57.933Z] > git symbolic-ref --short HEAD [0ms]
[2022-06-23T08:51:57.939Z] > git for-each-ref --format=%(refname)%00%(upstream:short)%00%(objectname)%00%(upstream:track)%00%(upstream:remotename)%00%(upstream:remoteref) refs/heads/master refs/remotes/master [0ms]
[2022-06-23T08:51:57.951Z] > git remote --verbose [1ms]
[2022-06-23T08:51:57.951Z] > git for-each-ref --sort -committerdate --format %(refname) %(objectname) %(*objectname) [6ms]
[2022-06-23T08:51:58.022Z] > git config --get commit.template [8ms]
[2022-06-23T08:52:03.234Z] > git status -z -uall [204ms]
[2022-06-23T08:52:03.243Z] > git symbolic-ref --short HEAD [1ms]
[2022-06-23T08:52:03.251Z] > git for-each-ref --format=%(refname)%00%(upstream:short)%00%(objectname)%00%(upstream:track)%00%(upstream:remotename)%00%(upstream:remoteref) refs/heads/master refs/remotes/master [1ms]
[2022-06-23T08:52:03.266Z] > git remote --verbose [1ms]
[2022-06-23T08:52:03.266Z] > git for-each-ref --sort -committerdate --format %(refname) %(objectname) %(*objectname) [8ms]
[2022-06-23T08:52:03.380Z] > git config --get commit.template [1ms]
[2022-06-23T08:52:08.592Z] > git status -z -uall [204ms]
[2022-06-23T08:52:08.600Z] > git symbolic-ref --short HEAD [1ms]
[2022-06-23T08:52:08.607Z] > git for-each-ref --format=%(refname)%00%(upstream:short)%00%(objectname)%00%(upstream:track)%00%(upstream:remotename)%00%(upstream:remoteref) refs/heads/master refs/remotes/master [1ms]
[2022-06-23T08:52:08.621Z] > git remote --verbose [1ms]
[2022-06-23T08:52:08.621Z] > git for-each-ref --sort -committerdate --format %(refname) %(objectname) %(*objectname) [7ms]
[2022-06-23T08:52:08.696Z] > git config --get commit.template [11ms]
[2022-06-23T08:52:13.907Z] > git status -z -uall [197ms]
[2022-06-23T08:52:13.914Z] > git symbolic-ref --short HEAD [1ms]
[2022-06-23T08:52:13.923Z] > git for-each-ref --format=%(refname)%00%(upstream:short)%00%(objectname)%00%(upstream:track)%00%(upstream:remotename)%00%(upstream:remoteref) refs/heads/master refs/remotes/master [1ms]
[2022-06-23T08:52:13.938Z] > git remote --verbose [2ms]
[2022-06-23T08:52:13.938Z] > git for-each-ref --sort -committerdate --format %(refname) %(objectname) %(*objectname) [9ms]
[2022-06-23T08:52:14.050Z] > git config --get commit.template [1ms]
[2022-06-23T08:52:19.253Z] > git status -z -uall [195ms]
[2022-06-23T08:52:19.261Z] > git symbolic-ref --short HEAD [1ms]
[2022-06-23T08:52:19.268Z] > git for-each-ref --format=%(refname)%00%(upstream:short)%00%(objectname)%00%(upstream:track)%00%(upstream:remotename)%00%(upstream:remoteref) refs/heads/master refs/remotes/master [1ms]
[2022-06-23T08:52:19.279Z] > git remote --verbose [1ms]
[2022-06-23T08:52:19.279Z] > git for-each-ref --sort -committerdate --format %(refname) %(objectname) %(*objectname) [6ms]
[2022-06-23T08:52:19.353Z] > git config --get commit.template [9ms]
[2022-06-23T08:52:24.558Z] > git status -z -uall [196ms]
[2022-06-23T08:52:24.567Z] > git symbolic-ref --short HEAD [2ms]
[2022-06-23T08:52:24.576Z] > git for-each-ref --format=%(refname)%00%(upstream:short)%00%(objectname)%00%(upstream:track)%00%(upstream:remotename)%00%(upstream:remoteref) refs/heads/master refs/remotes/master [3ms]
[2022-06-23T08:52:24.589Z] > git remote --verbose [1ms]
[2022-06-23T08:52:24.589Z] > git for-each-ref --sort -committerdate --format %(refname) %(objectname) %(*objectname) [7ms]
[2022-06-23T08:52:26.602Z] > git config --get commit.template [1881ms]
[2022-06-23T08:52:31.810Z] > git status -z -uall [193ms]
[2022-06-23T08:52:31.817Z] > git symbolic-ref --short HEAD [0ms]
[2022-06-23T08:52:31.824Z] > git for-each-ref --format=%(refname)%00%(upstream:short)%00%(objectname)%00%(upstream:track)%00%(upstream:remotename)%00%(upstream:remoteref) refs/heads/master refs/remotes/master [1ms]
[2022-06-23T08:52:31.835Z] > git for-each-ref --sort -committerdate --format %(refname) %(objectname) %(*objectname) [5ms]
[2022-06-23T08:52:31.835Z] > git remote --verbose [1ms]
[2022-06-23T08:52:31.906Z] > git config --get commit.template [9ms]
[2022-06-23T08:52:37.119Z] > git status -z -uall [201ms]
[2022-06-23T08:52:37.128Z] > git symbolic-ref --short HEAD [2ms]
[2022-06-23T08:52:37.136Z] > git for-each-ref --format=%(refname)%00%(upstream:short)%00%(objectname)%00%(upstream:track)%00%(upstream:remotename)%00%(upstream:remoteref) refs/heads/master refs/remotes/master [2ms]
[2022-06-23T08:52:37.151Z] > git remote --verbose [2ms]
[2022-06-23T08:52:37.151Z] > git for-each-ref --sort -committerdate --format %(refname) %(objectname) %(*objectname) [9ms]
[2022-06-23T08:52:37.253Z] > git config --get commit.template [1ms]
[2022-06-23T08:52:42.459Z] > git status -z -uall [197ms]
[2022-06-23T08:52:42.466Z] > git symbolic-ref --short HEAD [0ms]
[2022-06-23T08:52:42.474Z] > git for-each-ref --format=%(refname)%00%(upstream:short)%00%(objectname)%00%(upstream:track)%00%(upstream:remotename)%00%(upstream:remoteref) refs/heads/master refs/remotes/master [1ms]
[2022-06-23T08:52:42.487Z] > git for-each-ref --sort -committerdate --format %(refname) %(objectname) %(*objectname) [6ms]
[2022-06-23T08:52:42.487Z] > git remote --verbose [1ms]
[2022-06-23T08:52:42.558Z] > git config --get commit.template [10ms]
[2022-06-23T08:52:47.779Z] > git status -z -uall [213ms]
[2022-06-23T08:52:47.788Z] > git symbolic-ref --short HEAD [2ms]
[2022-06-23T08:52:47.797Z] > git for-each-ref --format=%(refname)%00%(upstream:short)%00%(objectname)%00%(upstream:track)%00%(upstream:remotename)%00%(upstream:remoteref) refs/heads/master refs/remotes/master [3ms]
[2022-06-23T08:52:47.812Z] > git remote --verbose [2ms]
[2022-06-23T08:52:47.812Z] > git for-each-ref --sort -committerdate --format %(refname) %(objectname) %(*objectname) [8ms]
[2022-06-23T08:52:47.922Z] > git config --get commit.template [21ms]
[2022-06-23T08:52:53.127Z] > git status -z -uall [190ms]
[2022-06-23T08:52:53.143Z] > git symbolic-ref --short HEAD [1ms]
[2022-06-23T08:52:53.155Z] > git for-each-ref --format=%(refname)%00%(upstream:short)%00%(objectname)%00%(upstream:track)%00%(upstream:remotename)%00%(upstream:remoteref) refs/heads/master refs/remotes/master [3ms]
[2022-06-23T08:52:53.174Z] > git remote --verbose [1ms]
[2022-06-23T08:52:53.175Z] > git for-each-ref --sort -committerdate --format %(refname) %(objectname) %(*objectname) [14ms]
[2022-06-23T08:52:53.248Z] > git config --get commit.template [11ms]
[2022-06-23T08:52:58.490Z] > git status -z -uall [233ms]
[2022-06-23T08:52:58.498Z] > git symbolic-ref --short HEAD [1ms]
[2022-06-23T08:52:58.504Z] > git for-each-ref --format=%(refname)%00%(upstream:short)%00%(objectname)%00%(upstream:track)%00%(upstream:remotename)%00%(upstream:remoteref) refs/heads/master refs/remotes/master [0ms]
[2022-06-23T08:52:58.515Z] > git remote --verbose [1ms]
[2022-06-23T08:52:58.515Z] > git for-each-ref --sort -committerdate --format %(refname) %(objectname) %(*objectname) [6ms]
[2022-06-23T08:52:58.586Z] > git config --get commit.template [9ms]
[2022-06-23T08:53:03.799Z] > git status -z -uall [205ms]
[2022-06-23T08:53:03.806Z] > git symbolic-ref --short HEAD [0ms]
[2022-06-23T08:53:03.814Z] > git for-each-ref --format=%(refname)%00%(upstream:short)%00%(objectname)%00%(upstream:track)%00%(upstream:remotename)%00%(upstream:remoteref) refs/heads/master refs/remotes/master [2ms]
[2022-06-23T08:53:03.825Z] > git for-each-ref --sort -committerdate --format %(refname) %(objectname) %(*objectname) [6ms]
[2022-06-23T08:53:03.827Z] > git remote --verbose [3ms]
[2022-06-23T08:53:03.900Z] > git config --get commit.template [9ms]
[2022-06-23T08:53:09.111Z] > git status -z -uall [203ms]
[2022-06-23T08:53:09.118Z] > git symbolic-ref --short HEAD [1ms]
[2022-06-23T08:53:09.126Z] > git for-each-ref --format=%(refname)%00%(upstream:short)%00%(objectname)%00%(upstream:track)%00%(upstream:remotename)%00%(upstream:remoteref) refs/heads/master refs/remotes/master [1ms]
[2022-06-23T08:53:09.139Z] > git for-each-ref --sort -committerdate --format %(refname) %(objectname) %(*objectname) [7ms]
[2022-06-23T08:53:09.140Z] > git remote --verbose [3ms]
[2022-06-23T08:53:09.253Z] > git config --get commit.template [1ms]
[2022-06-23T08:53:14.458Z] > git status -z -uall [196ms]
[2022-06-23T08:53:14.465Z] > git symbolic-ref --short HEAD [1ms]
[2022-06-23T08:53:14.471Z] > git for-each-ref --format=%(refname)%00%(upstream:short)%00%(objectname)%00%(upstream:track)%00%(upstream:remotename)%00%(upstream:remoteref) refs/heads/master refs/remotes/master [2ms]
[2022-06-23T08:53:14.483Z] > git remote --verbose [1ms]
[2022-06-23T08:53:14.483Z] > git for-each-ref --sort -committerdate --format %(refname) %(objectname) %(*objectname) [6ms]
[2022-06-23T08:53:14.552Z] > git config --get commit.template [8ms]
[2022-06-23T08:53:19.780Z] > git status -z -uall [194ms]
[2022-06-23T08:53:19.788Z] > git symbolic-ref --short HEAD [2ms]
[2022-06-23T08:53:19.795Z] > git for-each-ref --format=%(refname)%00%(upstream:short)%00%(objectname)%00%(upstream:track)%00%(upstream:remotename)%00%(upstream:remoteref) refs/heads/master refs/remotes/master [1ms]
[2022-06-23T08:53:19.808Z] > git remote --verbose [1ms]
[2022-06-23T08:53:19.809Z] > git for-each-ref --sort -committerdate --format %(refname) %(objectname) %(*objectname) [7ms]
[2022-06-23T08:53:19.921Z] > git config --get commit.template [1ms]
[2022-06-23T10:01:09.780Z] > git status -z -uall [282ms]
[2022-06-23T10:01:09.791Z] > git symbolic-ref --short HEAD [3ms]
[2022-06-23T10:01:09.800Z] > git for-each-ref --format=%(refname)%00%(upstream:short)%00%(objectname)%00%(upstream:track)%00%(upstream:remotename)%00%(upstream:remoteref) refs/heads/master refs/remotes/master [2ms]
[2022-06-23T10:01:09.816Z] > git for-each-ref --sort -committerdate --format %(refname) %(objectname) %(*objectname) [9ms]
[2022-06-23T10:01:09.818Z] > git remote --verbose [3ms]
[2022-06-23T10:01:09.895Z] > git fetch [402ms]
[2022-06-23T10:01:09.896Z] > git config --get commit.template [2ms]
[2022-06-23T10:01:12.015Z] > git status -z -uall [2113ms]
[2022-06-23T10:01:12.030Z] > git symbolic-ref --short HEAD [8ms]
[2022-06-23T10:01:12.069Z] > git for-each-ref --format=%(refname)%00%(upstream:short)%00%(objectname)%00%(upstream:track)%00%(upstream:remotename)%00%(upstream:remoteref) refs/heads/master refs/remotes/master [32ms]
[2022-06-23T10:01:12.093Z] > git remote --verbose [4ms]
[2022-06-23T10:01:12.093Z] > git for-each-ref --sort -committerdate --format %(refname) %(objectname) %(*objectname) [17ms]
[2022-06-23T10:01:12.199Z] > git config --get commit.template [3ms]
[2022-06-23T10:01:14.245Z] > git check-ignore -v -z --stdin [75ms]
[2022-06-23T10:01:15.111Z] > git status -z -uall [201ms]
[2022-06-23T10:01:15.119Z] > git symbolic-ref --short HEAD [1ms]
[2022-06-23T10:01:15.126Z] > git for-each-ref --format=%(refname)%00%(upstream:short)%00%(objectname)%00%(upstream:track)%00%(upstream:remotename)%00%(upstream:remoteref) refs/heads/master refs/remotes/master [1ms]
[2022-06-23T10:01:15.138Z] > git remote --verbose [1ms]
[2022-06-23T10:01:15.139Z] > git for-each-ref --sort -committerdate --format %(refname) %(objectname) %(*objectname) [7ms]
[2022-06-23T10:01:15.216Z] > git config --get commit.template [11ms]
[2022-06-23T10:01:17.275Z] > git check-ignore -v -z --stdin [101ms]
[2022-06-23T10:01:17.845Z] > git check-ignore -v -z --stdin [43ms]
[2022-06-23T10:01:18.401Z] > git check-ignore -v -z --stdin [15ms]
[2022-06-23T10:01:20.427Z] > git status -z -uall [203ms]
[2022-06-23T10:01:20.434Z] > git symbolic-ref --short HEAD [1ms]
[2022-06-23T10:01:20.441Z] > git for-each-ref --format=%(refname)%00%(upstream:short)%00%(objectname)%00%(upstream:track)%00%(upstream:remotename)%00%(upstream:remoteref) refs/heads/master refs/remotes/master [1ms]
[2022-06-23T10:01:20.453Z] > git remote --verbose [1ms]
[2022-06-23T10:01:20.453Z] > git for-each-ref --sort -committerdate --format %(refname) %(objectname) %(*objectname) [7ms]
[2022-06-23T10:01:20.526Z] > git config --get commit.template [1ms]
[2022-06-23T10:01:25.767Z] > git status -z -uall [233ms]
[2022-06-23T10:01:25.774Z] > git symbolic-ref --short HEAD [0ms]
[2022-06-23T10:01:25.781Z] > git for-each-ref --format=%(refname)%00%(upstream:short)%00%(objectname)%00%(upstream:track)%00%(upstream:remotename)%00%(upstream:remoteref) refs/heads/master refs/remotes/master [1ms]
[2022-06-23T10:01:25.792Z] > git remote --verbose [1ms]
[2022-06-23T10:01:25.792Z] > git for-each-ref --sort -committerdate --format %(refname) %(objectname) %(*objectname) [6ms]
[2022-06-23T10:01:25.863Z] > git config --get commit.template [8ms]
[2022-06-23T10:01:31.074Z] > git status -z -uall [203ms]
[2022-06-23T10:01:31.082Z] > git symbolic-ref --short HEAD [1ms]
[2022-06-23T10:01:31.089Z] > git for-each-ref --format=%(refname)%00%(upstream:short)%00%(objectname)%00%(upstream:track)%00%(upstream:remotename)%00%(upstream:remoteref) refs/heads/master refs/remotes/master [1ms]
[2022-06-23T10:01:31.103Z] > git remote --verbose [1ms]
[2022-06-23T10:01:31.103Z] > git for-each-ref --sort -committerdate --format %(refname) %(objectname) %(*objectname) [7ms]
[2022-06-23T10:01:31.175Z] > git config --get commit.template [9ms]
[2022-06-23T10:01:33.140Z] > git check-ignore -v -z --stdin [26ms]
[2022-06-23T10:01:33.854Z] > git check-ignore -v -z --stdin [8ms]
[2022-06-23T10:01:36.388Z] > git status -z -uall [206ms]
[2022-06-23T10:01:36.397Z] > git symbolic-ref --short HEAD [1ms]
[2022-06-23T10:01:36.405Z] > git for-each-ref --format=%(refname)%00%(upstream:short)%00%(objectname)%00%(upstream:track)%00%(upstream:remotename)%00%(upstream:remoteref) refs/heads/master refs/remotes/master [0ms]
[2022-06-23T10:01:36.422Z] > git for-each-ref --sort -committerdate --format %(refname) %(objectname) %(*objectname) [10ms]
[2022-06-23T10:01:36.423Z] > git remote --verbose [2ms]
[2022-06-23T10:01:36.521Z] > git config --get commit.template [8ms]
[2022-06-23T10:01:41.730Z] > git status -z -uall [200ms]
[2022-06-23T10:01:41.738Z] > git symbolic-ref --short HEAD [1ms]
[2022-06-23T10:01:41.744Z] > git for-each-ref --format=%(refname)%00%(upstream:short)%00%(objectname)%00%(upstream:track)%00%(upstream:remotename)%00%(upstream:remoteref) refs/heads/master refs/remotes/master [0ms]
[2022-06-23T10:01:41.756Z] > git remote --verbose [1ms]
[2022-06-23T10:01:41.756Z] > git for-each-ref --sort -committerdate --format %(refname) %(objectname) %(*objectname) [7ms]
[2022-06-23T10:01:41.831Z] > git config --get commit.template [11ms]
[2022-06-23T10:01:47.065Z] > git status -z -uall [223ms]
[2022-06-23T10:01:47.075Z] > git symbolic-ref --short HEAD [2ms]
[2022-06-23T10:01:47.085Z] > git for-each-ref --format=%(refname)%00%(upstream:short)%00%(objectname)%00%(upstream:track)%00%(upstream:remotename)%00%(upstream:remoteref) refs/heads/master refs/remotes/master [3ms]
[2022-06-23T10:01:47.102Z] > git remote --verbose [3ms]
[2022-06-23T10:01:47.102Z] > git for-each-ref --sort -committerdate --format %(refname) %(objectname) %(*objectname) [9ms]
[2022-06-23T10:01:47.221Z] > git config --get commit.template [1ms]
[2022-06-23T10:01:52.450Z] > git status -z -uall [212ms]
[2022-06-23T10:01:52.459Z] > git symbolic-ref --short HEAD [1ms]
[2022-06-23T10:01:52.468Z] > git for-each-ref --format=%(refname)%00%(upstream:short)%00%(objectname)%00%(upstream:track)%00%(upstream:remotename)%00%(upstream:remoteref) refs/heads/master refs/remotes/master [1ms]
[2022-06-23T10:01:52.485Z] > git remote --verbose [1ms]
[2022-06-23T10:01:52.485Z] > git for-each-ref --sort -committerdate --format %(refname) %(objectname) %(*objectname) [8ms]
[2022-06-23T10:01:52.561Z] > git config --get commit.template [9ms]
[2022-06-23T10:01:57.813Z] > git status -z -uall [243ms]
[2022-06-23T10:01:57.820Z] > git symbolic-ref --short HEAD [1ms]
[2022-06-23T10:01:57.827Z] > git for-each-ref --format=%(refname)%00%(upstream:short)%00%(objectname)%00%(upstream:track)%00%(upstream:remotename)%00%(upstream:remoteref) refs/heads/master refs/remotes/master [1ms]
[2022-06-23T10:01:57.840Z] > git remote --verbose [1ms]
[2022-06-23T10:01:57.840Z] > git for-each-ref --sort -committerdate --format %(refname) %(objectname) %(*objectname) [6ms]
[2022-06-23T10:01:57.911Z] > git config --get commit.template [9ms]
[2022-06-23T10:02:03.132Z] > git status -z -uall [206ms]
[2022-06-23T10:02:03.142Z] > git symbolic-ref --short HEAD [1ms]
[2022-06-23T10:02:03.151Z] > git for-each-ref --format=%(refname)%00%(upstream:short)%00%(objectname)%00%(upstream:track)%00%(upstream:remotename)%00%(upstream:remoteref) refs/heads/master refs/remotes/master [1ms]
[2022-06-23T10:02:03.166Z] > git remote --verbose [1ms]
[2022-06-23T10:02:03.166Z] > git for-each-ref --sort -committerdate --format %(refname) %(objectname) %(*objectname) [8ms]
[2022-06-23T10:02:03.247Z] > git config --get commit.template [10ms]
[2022-06-23T10:02:08.462Z] > git status -z -uall [207ms]
[2022-06-23T10:02:08.470Z] > git symbolic-ref --short HEAD [1ms]
[2022-06-23T10:02:08.477Z] > git for-each-ref --format=%(refname)%00%(upstream:short)%00%(objectname)%00%(upstream:track)%00%(upstream:remotename)%00%(upstream:remoteref) refs/heads/master refs/remotes/master [1ms]
[2022-06-23T10:02:08.489Z] > git remote --verbose [1ms]
[2022-06-23T10:02:08.490Z] > git for-each-ref --sort -committerdate --format %(refname) %(objectname) %(*objectname) [8ms]
[2022-06-23T10:02:08.606Z] > git config --get commit.template [1ms]
[2022-06-23T10:02:54.886Z] > git status -z -uall [212ms]
[2022-06-23T10:02:54.893Z] > git symbolic-ref --short HEAD [0ms]
[2022-06-23T10:02:54.899Z] > git for-each-ref --format=%(refname)%00%(upstream:short)%00%(objectname)%00%(upstream:track)%00%(upstream:remotename)%00%(upstream:remoteref) refs/heads/master refs/remotes/master [1ms]
[2022-06-23T10:02:54.911Z] > git remote --verbose [2ms]
[2022-06-23T10:02:54.911Z] > git for-each-ref --sort -committerdate --format %(refname) %(objectname) %(*objectname) [6ms]
[2022-06-23T10:02:54.990Z] > git config --get commit.template [1ms]
[2022-06-23T10:03:00.212Z] > git status -z -uall [210ms]
[2022-06-23T10:03:00.220Z] > git symbolic-ref --short HEAD [1ms]
[2022-06-23T10:03:00.228Z] > git for-each-ref --format=%(refname)%00%(upstream:short)%00%(objectname)%00%(upstream:track)%00%(upstream:remotename)%00%(upstream:remoteref) refs/heads/master refs/remotes/master [0ms]
[2022-06-23T10:03:00.243Z] > git remote --verbose [1ms]
[2022-06-23T10:03:00.243Z] > git for-each-ref --sort -committerdate --format %(refname) %(objectname) %(*objectname) [7ms]
[2022-06-23T10:03:00.324Z] > git config --get commit.template [10ms]
[2022-06-23T10:03:05.556Z] > git status -z -uall [223ms]
[2022-06-23T10:03:05.565Z] > git symbolic-ref --short HEAD [1ms]
[2022-06-23T10:03:05.575Z] > git for-each-ref --format=%(refname)%00%(upstream:short)%00%(objectname)%00%(upstream:track)%00%(upstream:remotename)%00%(upstream:remoteref) refs/heads/master refs/remotes/master [1ms]
[2022-06-23T10:03:05.595Z] > git remote --verbose [1ms]
[2022-06-23T10:03:05.595Z] > git for-each-ref --sort -committerdate --format %(refname) %(objectname) %(*objectname) [11ms]
[2022-06-23T10:03:05.675Z] > git config --get commit.template [9ms]
[2022-06-23T10:03:10.887Z] > git status -z -uall [197ms]
[2022-06-23T10:03:10.895Z] > git symbolic-ref --short HEAD [1ms]
[2022-06-23T10:03:10.902Z] > git for-each-ref --format=%(refname)%00%(upstream:short)%00%(objectname)%00%(upstream:track)%00%(upstream:remotename)%00%(upstream:remoteref) refs/heads/master refs/remotes/master [1ms]
[2022-06-23T10:03:10.915Z] > git remote --verbose [1ms]
[2022-06-23T10:03:10.916Z] > git for-each-ref --sort -committerdate --format %(refname) %(objectname) %(*objectname) [8ms]
[2022-06-23T10:03:10.988Z] > git config --get commit.template [8ms]
[2022-06-23T10:04:46.849Z] > git status -z -uall [238ms]
[2022-06-23T10:04:46.855Z] > git symbolic-ref --short HEAD [1ms]
[2022-06-23T10:04:46.860Z] > git for-each-ref --format=%(refname)%00%(upstream:short)%00%(objectname)%00%(upstream:track)%00%(upstream:remotename)%00%(upstream:remoteref) refs/heads/master refs/remotes/master [1ms]
[2022-06-23T10:04:46.870Z] > git remote --verbose [1ms]
[2022-06-23T10:04:46.870Z] > git for-each-ref --sort -committerdate --format %(refname) %(objectname) %(*objectname) [5ms]
[2022-06-23T10:04:46.947Z] > git config --get commit.template [1ms]
[2022-06-23T10:04:48.929Z] > git fetch [2323ms]
[2022-06-23T10:04:49.203Z] > git status -z -uall [265ms]
[2022-06-23T10:04:49.210Z] > git symbolic-ref --short HEAD [1ms]
[2022-06-23T10:04:49.217Z] > git for-each-ref --format=%(refname)%00%(upstream:short)%00%(objectname)%00%(upstream:track)%00%(upstream:remotename)%00%(upstream:remoteref) refs/heads/master refs/remotes/master [1ms]
[2022-06-23T10:04:49.236Z] > git remote --verbose [1ms]
[2022-06-23T10:04:49.236Z] > git for-each-ref --sort -committerdate --format %(refname) %(objectname) %(*objectname) [8ms]
[2022-06-23T10:04:49.309Z] > git config --get commit.template [8ms]
[2022-06-23T10:04:52.152Z] > git status -z -uall [190ms]
[2022-06-23T10:04:52.159Z] > git symbolic-ref --short HEAD [1ms]
[2022-06-23T10:04:52.166Z] > git for-each-ref --format=%(refname)%00%(upstream:short)%00%(objectname)%00%(upstream:track)%00%(upstream:remotename)%00%(upstream:remoteref) refs/heads/master refs/remotes/master [1ms]
[2022-06-23T10:04:52.179Z] > git for-each-ref --sort -committerdate --format %(refname) %(objectname) %(*objectname) [7ms]
[2022-06-23T10:04:52.180Z] > git remote --verbose [2ms]
[2022-06-23T10:04:52.253Z] > git config --get commit.template [8ms]
[2022-06-23T10:04:57.455Z] > git status -z -uall [191ms]
[2022-06-23T10:04:57.462Z] > git symbolic-ref --short HEAD [1ms]
[2022-06-23T10:04:57.468Z] > git for-each-ref --format=%(refname)%00%(upstream:short)%00%(objectname)%00%(upstream:track)%00%(upstream:remotename)%00%(upstream:remoteref) refs/heads/master refs/remotes/master [0ms]
[2022-06-23T10:04:57.480Z] > git remote --verbose [1ms]
[2022-06-23T10:04:57.480Z] > git for-each-ref --sort -committerdate --format %(refname) %(objectname) %(*objectname) [6ms]
[2022-06-23T10:04:57.564Z] > git config --get commit.template [9ms]
[2022-06-23T10:05:02.775Z] > git status -z -uall [201ms]
[2022-06-23T10:05:02.783Z] > git symbolic-ref --short HEAD [1ms]
[2022-06-23T10:05:02.790Z] > git for-each-ref --format=%(refname)%00%(upstream:short)%00%(objectname)%00%(upstream:track)%00%(upstream:remotename)%00%(upstream:remoteref) refs/heads/master refs/remotes/master [1ms]
[2022-06-23T10:05:02.807Z] > git for-each-ref --sort -committerdate --format %(refname) %(objectname) %(*objectname) [9ms]
[2022-06-23T10:05:02.808Z] > git remote --verbose [3ms]
[2022-06-23T10:05:02.879Z] > git config --get commit.template [9ms]
[2022-06-23T10:05:08.120Z] > git status -z -uall [230ms]
[2022-06-23T10:05:08.127Z] > git symbolic-ref --short HEAD [1ms]
[2022-06-23T10:05:08.134Z] > git for-each-ref --format=%(refname)%00%(upstream:short)%00%(objectname)%00%(upstream:track)%00%(upstream:remotename)%00%(upstream:remoteref) refs/heads/master refs/remotes/master [0ms]
[2022-06-23T10:05:08.146Z] > git remote --verbose [1ms]
[2022-06-23T10:05:08.146Z] > git for-each-ref --sort -committerdate --format %(refname) %(objectname) %(*objectname) [6ms]
[2022-06-23T10:05:08.223Z] > git config --get commit.template [11ms]
[2022-06-23T10:05:13.431Z] > git status -z -uall [192ms]
[2022-06-23T10:05:13.438Z] > git symbolic-ref --short HEAD [1ms]
[2022-06-23T10:05:13.444Z] > git for-each-ref --format=%(refname)%00%(upstream:short)%00%(objectname)%00%(upstream:track)%00%(upstream:remotename)%00%(upstream:remoteref) refs/heads/master refs/remotes/master [0ms]
[2022-06-23T10:05:13.457Z] > git remote --verbose [1ms]
[2022-06-23T10:05:13.458Z] > git for-each-ref --sort -committerdate --format %(refname) %(objectname) %(*objectname) [7ms]
[2022-06-23T10:05:13.530Z] > git config --get commit.template [11ms]
[2022-06-23T10:05:18.821Z] > git status -z -uall [283ms]
[2022-06-23T10:05:18.832Z] > git symbolic-ref --short HEAD [3ms]
[2022-06-23T10:05:18.842Z] > git for-each-ref --format=%(refname)%00%(upstream:short)%00%(objectname)%00%(upstream:track)%00%(upstream:remotename)%00%(upstream:remoteref) refs/heads/master refs/remotes/master [3ms]
[2022-06-23T10:05:18.860Z] > git for-each-ref --sort -committerdate --format %(refname) %(objectname) %(*objectname) [11ms]
[2022-06-23T10:05:18.863Z] > git remote --verbose [4ms]
[2022-06-23T10:05:18.979Z] > git config --get commit.template [13ms]
