*
* Visual Studio Code Server
*
* By using the software, you agree to
* the Visual Studio Code Server License Terms (https://aka.ms/vscode-server-license) and
* the Microsoft Privacy Statement (https://privacy.microsoft.com/en-US/privacystatement).
*
Server bound to 127.0.0.1:34297 (IPv4)
Extension host agent listening on 34297

[08:26:27] Extension host agent started.
[08:26:27] [127.0.0.1][b9732993][ManagementConnection] New connection established.
[08:26:27] [127.0.0.1][233799c4][ExtensionHostConnection] New connection established.
[08:26:27] [127.0.0.1][233799c4][ExtensionHostConnection] <2528> Launched Extension Host Process.
[08:26:33] Getting Manifest... kevinrose.vsc-python-indent
[08:26:33] Getting Manifest... ms-python.vscode-pylance
[08:26:33] Installing extension: kevinrose.vsc-python-indent
[08:26:33] Installing extension: ms-python.vscode-pylance
[08:26:34] Downloaded extension: kevinrose.vsc-python-indent /home/rauli/.vscode-server/data/CachedExtensionVSIXs/kevinrose.vsc-python-indent-1.17.0
[08:26:34] Extracted extension to /home/rauli/.vscode-server/extensions/.d56bba94-eb7d-40a6-9a32-f0c28454b6d5: kevinrose.vsc-python-indent
[08:26:34] Renamed to /home/rauli/.vscode-server/extensions/kevinrose.vsc-python-indent-1.17.0
[08:26:34] Downloaded extension: ms-python.vscode-pylance /home/rauli/.vscode-server/data/CachedExtensionVSIXs/ms-python.vscode-pylance-2022.6.30
[08:26:34] Extracting completed. kevinrose.vsc-python-indent
[08:26:34] Extension installed successfully: kevinrose.vsc-python-indent
[08:26:41] Extracted extension to /home/rauli/.vscode-server/extensions/.1862a2bd-8f3f-4e33-b2af-7b104d49c8d6: ms-python.vscode-pylance
[08:26:41] Renamed to /home/rauli/.vscode-server/extensions/ms-python.vscode-pylance-2022.6.30
[08:26:41] Extracting completed. ms-python.vscode-pylance
[08:26:41] Extension installed successfully: ms-python.vscode-pylance
