[Info  - 2:55:30 PM] (9534) Pylance language server 2022.6.20 (pyright 979d9c9e) starting
[Info  - 2:55:30 PM] (9534) Server root directory: /home/rauli/.vscode-server/extensions/ms-python.vscode-pylance-2022.6.20/dist
Notebook support: Legacy
[Info  - 2:55:30 PM] (9534) No configuration file found.
[Info  - 2:55:30 PM] (9534) No pyproject.toml file found.
[Info  - 2:55:30 PM] (9534) Setting pythonPath for service "rauli": "/usr/bin/python3"
[Warn  - 2:55:30 PM] (9534) stubPath /home/rauli/typings is not a valid directory.
[Info  - 2:55:31 PM] (9534) Assuming Python version 3.6
[Info  - 2:55:31 PM] (9534) Assuming Python platform Linux
[Info  - 2:55:31 PM] (9534) Searching for source files
[Info  - 2:55:31 PM] (9534) Auto-excluding /home/rauli/ToDoForked/venv
[Info  - 2:55:31 PM] (9534) Auto-excluding /home/rauli/exercise/venv
[Info  - 2:55:31 PM] (9534) Auto-excluding /home/rauli/exercise_dif/venv
[Info  - 2:55:31 PM] (9534) Auto-excluding /home/rauli/exercise_templating/venv
[Info  - 2:55:31 PM] (9534) Auto-excluding /home/rauli/flask/FlaskDay2/databaseLayer/venv
[Info  - 2:55:31 PM] (9534) Auto-excluding /home/rauli/flask/FlaskDay2/flask-db-relationships/venv
[Info  - 2:55:31 PM] (9534) Auto-excluding /home/rauli/flask/FlaskDay2/flask_app_ex/venv
[Info  - 2:55:31 PM] (9534) Auto-excluding /home/rauli/flask/FlaskDay2/routes/venv
[Info  - 2:55:31 PM] (9534) Auto-excluding /home/rauli/flask/FlaskDay3/FlaskCRUD/flask-db-crud/venv
[Info  - 2:55:31 PM] (9534) Auto-excluding /home/rauli/flask/flask-introduction/venv
[Info  - 2:55:31 PM] (9534) Auto-excluding /home/rauli/flask-form-validators/venv
[Info  - 2:55:31 PM] (9534) Auto-excluding /home/rauli/flask-forms/venv
[Info  - 2:55:31 PM] (9534) Auto-excluding /home/rauli/flask-templating/venv
[Info  - 2:55:31 PM] (9534) Auto-excluding /home/rauli/flask-unit-testing/venv
[Info  - 2:55:31 PM] (9534) Auto-excluding /home/rauli/todo_html/venv
[Info  - 2:55:31 PM] (9534) Found 47 source files
[Info  - 2:55:33 PM] (9534) Background analysis(1) root directory: /home/rauli/.vscode-server/extensions/ms-python.vscode-pylance-2022.6.20/dist
[Info  - 2:55:33 PM] (9534) Background analysis(1) started
[Info  - 2:55:34 PM] (9534) Indexer background runner(2) root directory: /home/rauli/.vscode-server/extensions/ms-python.vscode-pylance-2022.6.20/dist (index)
[Info  - 2:55:34 PM] (9534) Indexing(2) started
[Info  - 2:55:37 PM] (9534) [BG(1)] Long operation: checking: /home/rauli/flask-unit-testing/app.py (2850ms)
[Info  - 2:55:37 PM] (9534) [BG(1)] Long operation: analyzing: /home/rauli/flask-unit-testing/app.py (3912ms)
[Info  - 2:55:40 PM] (9534) [IDX(2)] Long operation: index execution environment /home/rauli (4553ms)
[Info  - 2:55:40 PM] (9534) [IDX(2)] Long operation: index libraries /home/rauli (6441ms)
[Info  - 2:55:40 PM] (9534) Indexer done(2). indexed 466 files
[Info  - 3:06:43 PM] (9534) Searching for source files
[Info  - 3:06:43 PM] (9534) Auto-excluding /home/rauli/ToDoForked/venv
[Info  - 3:06:43 PM] (9534) Auto-excluding /home/rauli/exercise/venv
[Info  - 3:06:43 PM] (9534) Auto-excluding /home/rauli/exercise_dif/venv
[Info  - 3:06:43 PM] (9534) Auto-excluding /home/rauli/exercise_templating/venv
[Info  - 3:06:43 PM] (9534) Auto-excluding /home/rauli/flask/FlaskDay2/databaseLayer/venv
[Info  - 3:06:43 PM] (9534) Auto-excluding /home/rauli/flask/FlaskDay2/flask-db-relationships/venv
[Info  - 3:06:43 PM] (9534) Auto-excluding /home/rauli/flask/FlaskDay2/flask_app_ex/venv
[Info  - 3:06:43 PM] (9534) Auto-excluding /home/rauli/flask/FlaskDay2/routes/venv
[Info  - 3:06:43 PM] (9534) Auto-excluding /home/rauli/flask/FlaskDay3/FlaskCRUD/flask-db-crud/venv
[Info  - 3:06:43 PM] (9534) Auto-excluding /home/rauli/flask/flask-introduction/venv
[Info  - 3:06:43 PM] (9534) Auto-excluding /home/rauli/flask-form-validators/venv
[Info  - 3:06:43 PM] (9534) Auto-excluding /home/rauli/flask-forms/venv
[Info  - 3:06:43 PM] (9534) Auto-excluding /home/rauli/flask-templating/venv
[Info  - 3:06:43 PM] (9534) Auto-excluding /home/rauli/flask-unit-testing/venv
[Info  - 3:06:43 PM] (9534) Auto-excluding /home/rauli/todo_html/venv
[Info  - 3:06:43 PM] (9534) Found 47 source files
[Info  - 3:08:12 PM] (9534) Searching for source files
[Info  - 3:08:12 PM] (9534) Auto-excluding /home/rauli/ToDoForked/venv
[Info  - 3:08:12 PM] (9534) Auto-excluding /home/rauli/exercise/venv
[Info  - 3:08:12 PM] (9534) Auto-excluding /home/rauli/exercise_dif/venv
[Info  - 3:08:12 PM] (9534) Auto-excluding /home/rauli/exercise_templating/venv
[Info  - 3:08:12 PM] (9534) Auto-excluding /home/rauli/flask/FlaskDay2/databaseLayer/venv
[Info  - 3:08:12 PM] (9534) Auto-excluding /home/rauli/flask/FlaskDay2/flask-db-relationships/venv
[Info  - 3:08:12 PM] (9534) Auto-excluding /home/rauli/flask/FlaskDay2/flask_app_ex/venv
[Info  - 3:08:12 PM] (9534) Auto-excluding /home/rauli/flask/FlaskDay2/routes/venv
[Info  - 3:08:12 PM] (9534) Auto-excluding /home/rauli/flask/FlaskDay3/FlaskCRUD/flask-db-crud/venv
[Info  - 3:08:12 PM] (9534) Auto-excluding /home/rauli/flask/flask-introduction/venv
[Info  - 3:08:12 PM] (9534) Auto-excluding /home/rauli/flask-form-validators/venv
[Info  - 3:08:12 PM] (9534) Auto-excluding /home/rauli/flask-forms/venv
[Info  - 3:08:12 PM] (9534) Auto-excluding /home/rauli/flask-templating/venv
[Info  - 3:08:12 PM] (9534) Auto-excluding /home/rauli/flask-unit-testing/venv
[Info  - 3:08:12 PM] (9534) Auto-excluding /home/rauli/todo_html/venv
[Info  - 3:08:12 PM] (9534) Found 48 source files
[Info  - 3:08:41 PM] (9534) Searching for source files
[Info  - 3:08:41 PM] (9534) Auto-excluding /home/rauli/ToDoForked/venv
[Info  - 3:08:41 PM] (9534) Auto-excluding /home/rauli/exercise/venv
[Info  - 3:08:41 PM] (9534) Auto-excluding /home/rauli/exercise_dif/venv
[Info  - 3:08:41 PM] (9534) Auto-excluding /home/rauli/exercise_templating/venv
[Info  - 3:08:41 PM] (9534) Auto-excluding /home/rauli/flask/FlaskDay2/databaseLayer/venv
[Info  - 3:08:41 PM] (9534) Auto-excluding /home/rauli/flask/FlaskDay2/flask-db-relationships/venv
[Info  - 3:08:41 PM] (9534) Auto-excluding /home/rauli/flask/FlaskDay2/flask_app_ex/venv
[Info  - 3:08:41 PM] (9534) Auto-excluding /home/rauli/flask/FlaskDay2/routes/venv
[Info  - 3:08:41 PM] (9534) Auto-excluding /home/rauli/flask/FlaskDay3/FlaskCRUD/flask-db-crud/venv
[Info  - 3:08:41 PM] (9534) Auto-excluding /home/rauli/flask/flask-introduction/venv
[Info  - 3:08:41 PM] (9534) Auto-excluding /home/rauli/flask-form-validators/venv
[Info  - 3:08:41 PM] (9534) Auto-excluding /home/rauli/flask-forms/venv
[Info  - 3:08:41 PM] (9534) Auto-excluding /home/rauli/flask-templating/venv
[Info  - 3:08:41 PM] (9534) Auto-excluding /home/rauli/flask-unit-testing/venv
[Info  - 3:08:41 PM] (9534) Auto-excluding /home/rauli/todo_html/venv
[Info  - 3:08:41 PM] (9534) Found 48 source files
[Info  - 3:09:03 PM] (9534) Searching for source files
[Info  - 3:09:03 PM] (9534) Auto-excluding /home/rauli/ToDoForked/venv
[Info  - 3:09:03 PM] (9534) Auto-excluding /home/rauli/exercise/venv
[Info  - 3:09:03 PM] (9534) Auto-excluding /home/rauli/exercise_dif/venv
[Info  - 3:09:03 PM] (9534) Auto-excluding /home/rauli/exercise_templating/venv
[Info  - 3:09:03 PM] (9534) Auto-excluding /home/rauli/flask/FlaskDay2/databaseLayer/venv
[Info  - 3:09:03 PM] (9534) Auto-excluding /home/rauli/flask/FlaskDay2/flask-db-relationships/venv
[Info  - 3:09:03 PM] (9534) Auto-excluding /home/rauli/flask/FlaskDay2/flask_app_ex/venv
[Info  - 3:09:03 PM] (9534) Auto-excluding /home/rauli/flask/FlaskDay2/routes/venv
[Info  - 3:09:03 PM] (9534) Auto-excluding /home/rauli/flask/FlaskDay3/FlaskCRUD/flask-db-crud/venv
[Info  - 3:09:03 PM] (9534) Auto-excluding /home/rauli/flask/flask-introduction/venv
[Info  - 3:09:03 PM] (9534) Auto-excluding /home/rauli/flask-form-validators/venv
[Info  - 3:09:03 PM] (9534) Auto-excluding /home/rauli/flask-forms/venv
[Info  - 3:09:03 PM] (9534) Auto-excluding /home/rauli/flask-templating/venv
[Info  - 3:09:03 PM] (9534) Auto-excluding /home/rauli/flask-unit-testing/venv
[Info  - 3:09:03 PM] (9534) Auto-excluding /home/rauli/todo_html/venv
[Info  - 3:09:03 PM] (9534) Found 228 source files
[Info  - 3:09:05 PM] (9534) Searching for source files
[Info  - 3:09:05 PM] (9534) Auto-excluding /home/rauli/ToDoForked/venv
[Info  - 3:09:05 PM] (9534) Auto-excluding /home/rauli/exercise/venv
[Info  - 3:09:05 PM] (9534) Auto-excluding /home/rauli/exercise_dif/venv
[Info  - 3:09:05 PM] (9534) Auto-excluding /home/rauli/exercise_templating/venv
[Info  - 3:09:05 PM] (9534) Auto-excluding /home/rauli/flask/FlaskDay2/databaseLayer/venv
[Info  - 3:09:05 PM] (9534) Auto-excluding /home/rauli/flask/FlaskDay2/flask-db-relationships/venv
[Info  - 3:09:05 PM] (9534) Auto-excluding /home/rauli/flask/FlaskDay2/flask_app_ex/venv
[Info  - 3:09:05 PM] (9534) Auto-excluding /home/rauli/flask/FlaskDay2/routes/venv
[Info  - 3:09:05 PM] (9534) Auto-excluding /home/rauli/flask/FlaskDay3/FlaskCRUD/flask-db-crud/venv
[Info  - 3:09:05 PM] (9534) Auto-excluding /home/rauli/flask/flask-introduction/venv
[Info  - 3:09:05 PM] (9534) Auto-excluding /home/rauli/flask-form-validators/venv
[Info  - 3:09:05 PM] (9534) Auto-excluding /home/rauli/flask-forms/venv
[Info  - 3:09:05 PM] (9534) Auto-excluding /home/rauli/flask-templating/venv
[Info  - 3:09:05 PM] (9534) Auto-excluding /home/rauli/flask-unit-testing/venv
[Info  - 3:09:05 PM] (9534) Auto-excluding /home/rauli/todo_html/venv
[Info  - 3:09:05 PM] (9534) Found 228 source files
[Info  - 3:09:07 PM] (9534) Searching for source files
[Info  - 3:09:07 PM] (9534) Auto-excluding /home/rauli/ToDoForked/venv
[Info  - 3:09:07 PM] (9534) Auto-excluding /home/rauli/exercise/venv
[Info  - 3:09:07 PM] (9534) Auto-excluding /home/rauli/exercise_dif/venv
[Info  - 3:09:07 PM] (9534) Auto-excluding /home/rauli/exercise_templating/venv
[Info  - 3:09:07 PM] (9534) Auto-excluding /home/rauli/flask/FlaskDay2/databaseLayer/venv
[Info  - 3:09:07 PM] (9534) Auto-excluding /home/rauli/flask/FlaskDay2/flask-db-relationships/venv
[Info  - 3:09:07 PM] (9534) Auto-excluding /home/rauli/flask/FlaskDay2/flask_app_ex/venv
[Info  - 3:09:07 PM] (9534) Auto-excluding /home/rauli/flask/FlaskDay2/routes/venv
[Info  - 3:09:07 PM] (9534) Auto-excluding /home/rauli/flask/FlaskDay3/FlaskCRUD/flask-db-crud/venv
[Info  - 3:09:07 PM] (9534) Auto-excluding /home/rauli/flask/flask-introduction/venv
[Info  - 3:09:07 PM] (9534) Auto-excluding /home/rauli/flask-form-validators/venv
[Info  - 3:09:07 PM] (9534) Auto-excluding /home/rauli/flask-forms/venv
[Info  - 3:09:07 PM] (9534) Auto-excluding /home/rauli/flask-templating/venv
[Info  - 3:09:07 PM] (9534) Auto-excluding /home/rauli/flask-unit-testing/venv
[Info  - 3:09:07 PM] (9534) Auto-excluding /home/rauli/todo_html/venv
[Info  - 3:09:07 PM] (9534) Found 348 source files
[Info  - 3:09:08 PM] (9534) Searching for source files
[Info  - 3:09:08 PM] (9534) Auto-excluding /home/rauli/ToDoForked/venv
[Info  - 3:09:08 PM] (9534) Auto-excluding /home/rauli/exercise/venv
[Info  - 3:09:08 PM] (9534) Auto-excluding /home/rauli/exercise_dif/venv
[Info  - 3:09:08 PM] (9534) Auto-excluding /home/rauli/exercise_templating/venv
[Info  - 3:09:08 PM] (9534) Auto-excluding /home/rauli/flask/FlaskDay2/databaseLayer/venv
[Info  - 3:09:08 PM] (9534) Auto-excluding /home/rauli/flask/FlaskDay2/flask-db-relationships/venv
[Info  - 3:09:08 PM] (9534) Auto-excluding /home/rauli/flask/FlaskDay2/flask_app_ex/venv
[Info  - 3:09:08 PM] (9534) Auto-excluding /home/rauli/flask/FlaskDay2/routes/venv
[Info  - 3:09:08 PM] (9534) Auto-excluding /home/rauli/flask/FlaskDay3/FlaskCRUD/flask-db-crud/venv
[Info  - 3:09:08 PM] (9534) Auto-excluding /home/rauli/flask/flask-introduction/venv
[Info  - 3:09:08 PM] (9534) Auto-excluding /home/rauli/flask-form-validators/venv
[Info  - 3:09:08 PM] (9534) Auto-excluding /home/rauli/flask-forms/venv
[Info  - 3:09:08 PM] (9534) Auto-excluding /home/rauli/flask-templating/venv
[Info  - 3:09:08 PM] (9534) Auto-excluding /home/rauli/flask-unit-testing/venv
[Info  - 3:09:08 PM] (9534) Auto-excluding /home/rauli/todo_html/venv
[Info  - 3:09:08 PM] (9534) Found 370 source files
[Info  - 3:09:10 PM] (9534) Searching for source files
[Info  - 3:09:10 PM] (9534) Auto-excluding /home/rauli/ToDoForked/venv
[Info  - 3:09:10 PM] (9534) Auto-excluding /home/rauli/exercise/venv
[Info  - 3:09:10 PM] (9534) Auto-excluding /home/rauli/exercise_dif/venv
[Info  - 3:09:10 PM] (9534) Auto-excluding /home/rauli/exercise_templating/venv
[Info  - 3:09:10 PM] (9534) Auto-excluding /home/rauli/flask/FlaskDay2/databaseLayer/venv
[Info  - 3:09:10 PM] (9534) Auto-excluding /home/rauli/flask/FlaskDay2/flask-db-relationships/venv
[Info  - 3:09:10 PM] (9534) Auto-excluding /home/rauli/flask/FlaskDay2/flask_app_ex/venv
[Info  - 3:09:10 PM] (9534) Auto-excluding /home/rauli/flask/FlaskDay2/routes/venv
[Info  - 3:09:10 PM] (9534) Auto-excluding /home/rauli/flask/FlaskDay3/FlaskCRUD/flask-db-crud/venv
[Info  - 3:09:10 PM] (9534) Auto-excluding /home/rauli/flask/flask-introduction/venv
[Info  - 3:09:10 PM] (9534) Auto-excluding /home/rauli/flask-form-validators/venv
[Info  - 3:09:10 PM] (9534) Auto-excluding /home/rauli/flask-forms/venv
[Info  - 3:09:10 PM] (9534) Auto-excluding /home/rauli/flask-templating/venv
[Info  - 3:09:10 PM] (9534) Auto-excluding /home/rauli/flask-unit-testing/venv
[Info  - 3:09:10 PM] (9534) Auto-excluding /home/rauli/gunicorn-test/venv
[Info  - 3:09:10 PM] (9534) Auto-excluding /home/rauli/todo_html/venv
[Info  - 3:09:10 PM] (9534) Found 48 source files
[Info  - 3:09:35 PM] (9534) Searching for source files
[Info  - 3:09:35 PM] (9534) Auto-excluding /home/rauli/ToDoForked/venv
[Info  - 3:09:35 PM] (9534) Auto-excluding /home/rauli/exercise/venv
[Info  - 3:09:35 PM] (9534) Auto-excluding /home/rauli/exercise_dif/venv
[Info  - 3:09:35 PM] (9534) Auto-excluding /home/rauli/exercise_templating/venv
[Info  - 3:09:35 PM] (9534) Auto-excluding /home/rauli/flask/FlaskDay2/databaseLayer/venv
[Info  - 3:09:35 PM] (9534) Auto-excluding /home/rauli/flask/FlaskDay2/flask-db-relationships/venv
[Info  - 3:09:35 PM] (9534) Auto-excluding /home/rauli/flask/FlaskDay2/flask_app_ex/venv
[Info  - 3:09:35 PM] (9534) Auto-excluding /home/rauli/flask/FlaskDay2/routes/venv
[Info  - 3:09:35 PM] (9534) Auto-excluding /home/rauli/flask/FlaskDay3/FlaskCRUD/flask-db-crud/venv
[Info  - 3:09:35 PM] (9534) Auto-excluding /home/rauli/flask/flask-introduction/venv
[Info  - 3:09:35 PM] (9534) Auto-excluding /home/rauli/flask-form-validators/venv
[Info  - 3:09:35 PM] (9534) Auto-excluding /home/rauli/flask-forms/venv
[Info  - 3:09:35 PM] (9534) Auto-excluding /home/rauli/flask-templating/venv
[Info  - 3:09:35 PM] (9534) Auto-excluding /home/rauli/flask-unit-testing/venv
[Info  - 3:09:35 PM] (9534) Auto-excluding /home/rauli/gunicorn-test/venv
[Info  - 3:09:35 PM] (9534) Auto-excluding /home/rauli/todo_html/venv
[Info  - 3:09:35 PM] (9534) Found 48 source files
[Info  - 3:09:36 PM] (9534) Searching for source files
[Info  - 3:09:36 PM] (9534) Auto-excluding /home/rauli/ToDoForked/venv
[Info  - 3:09:36 PM] (9534) Auto-excluding /home/rauli/exercise/venv
[Info  - 3:09:36 PM] (9534) Auto-excluding /home/rauli/exercise_dif/venv
[Info  - 3:09:36 PM] (9534) Auto-excluding /home/rauli/exercise_templating/venv
[Info  - 3:09:36 PM] (9534) Auto-excluding /home/rauli/flask/FlaskDay2/databaseLayer/venv
[Info  - 3:09:36 PM] (9534) Auto-excluding /home/rauli/flask/FlaskDay2/flask-db-relationships/venv
[Info  - 3:09:36 PM] (9534) Auto-excluding /home/rauli/flask/FlaskDay2/flask_app_ex/venv
[Info  - 3:09:36 PM] (9534) Auto-excluding /home/rauli/flask/FlaskDay2/routes/venv
[Info  - 3:09:36 PM] (9534) Auto-excluding /home/rauli/flask/FlaskDay3/FlaskCRUD/flask-db-crud/venv
[Info  - 3:09:36 PM] (9534) Auto-excluding /home/rauli/flask/flask-introduction/venv
[Info  - 3:09:36 PM] (9534) Auto-excluding /home/rauli/flask-form-validators/venv
[Info  - 3:09:36 PM] (9534) Auto-excluding /home/rauli/flask-forms/venv
[Info  - 3:09:36 PM] (9534) Auto-excluding /home/rauli/flask-templating/venv
[Info  - 3:09:36 PM] (9534) Auto-excluding /home/rauli/flask-unit-testing/venv
[Info  - 3:09:36 PM] (9534) Auto-excluding /home/rauli/gunicorn-test/venv
[Info  - 3:09:36 PM] (9534) Auto-excluding /home/rauli/todo_html/venv
[Info  - 3:09:36 PM] (9534) Found 48 source files
[Info  - 3:14:45 PM] (9534) Searching for source files
[Info  - 3:14:45 PM] (9534) Auto-excluding /home/rauli/ToDoForked/venv
[Info  - 3:14:45 PM] (9534) Auto-excluding /home/rauli/exercise/venv
[Info  - 3:14:45 PM] (9534) Auto-excluding /home/rauli/exercise_dif/venv
[Info  - 3:14:45 PM] (9534) Auto-excluding /home/rauli/exercise_templating/venv
[Info  - 3:14:45 PM] (9534) Auto-excluding /home/rauli/flask/FlaskDay2/databaseLayer/venv
[Info  - 3:14:45 PM] (9534) Auto-excluding /home/rauli/flask/FlaskDay2/flask-db-relationships/venv
[Info  - 3:14:45 PM] (9534) Auto-excluding /home/rauli/flask/FlaskDay2/flask_app_ex/venv
[Info  - 3:14:45 PM] (9534) Auto-excluding /home/rauli/flask/FlaskDay2/routes/venv
[Info  - 3:14:45 PM] (9534) Auto-excluding /home/rauli/flask/FlaskDay3/FlaskCRUD/flask-db-crud/venv
[Info  - 3:14:45 PM] (9534) Auto-excluding /home/rauli/flask/flask-introduction/venv
[Info  - 3:14:45 PM] (9534) Auto-excluding /home/rauli/flask-form-validators/venv
[Info  - 3:14:45 PM] (9534) Auto-excluding /home/rauli/flask-forms/venv
[Info  - 3:14:45 PM] (9534) Auto-excluding /home/rauli/flask-templating/venv
[Info  - 3:14:45 PM] (9534) Auto-excluding /home/rauli/flask-unit-testing/venv
[Info  - 3:14:45 PM] (9534) Auto-excluding /home/rauli/gunicorn-test/venv
[Info  - 3:14:45 PM] (9534) Auto-excluding /home/rauli/todo_html/venv
[Info  - 3:14:45 PM] (9534) Found 48 source files
[Info  - 3:14:46 PM] (9534) Searching for source files
[Info  - 3:14:46 PM] (9534) Auto-excluding /home/rauli/ToDoForked/venv
[Info  - 3:14:46 PM] (9534) Auto-excluding /home/rauli/exercise/venv
[Info  - 3:14:46 PM] (9534) Auto-excluding /home/rauli/exercise_dif/venv
[Info  - 3:14:46 PM] (9534) Auto-excluding /home/rauli/exercise_templating/venv
[Info  - 3:14:46 PM] (9534) Auto-excluding /home/rauli/flask/FlaskDay2/databaseLayer/venv
[Info  - 3:14:46 PM] (9534) Auto-excluding /home/rauli/flask/FlaskDay2/flask-db-relationships/venv
[Info  - 3:14:46 PM] (9534) Auto-excluding /home/rauli/flask/FlaskDay2/flask_app_ex/venv
[Info  - 3:14:46 PM] (9534) Auto-excluding /home/rauli/flask/FlaskDay2/routes/venv
[Info  - 3:14:46 PM] (9534) Auto-excluding /home/rauli/flask/FlaskDay3/FlaskCRUD/flask-db-crud/venv
[Info  - 3:14:46 PM] (9534) Auto-excluding /home/rauli/flask/flask-introduction/venv
[Info  - 3:14:46 PM] (9534) Auto-excluding /home/rauli/flask-form-validators/venv
[Info  - 3:14:46 PM] (9534) Auto-excluding /home/rauli/flask-forms/venv
[Info  - 3:14:46 PM] (9534) Auto-excluding /home/rauli/flask-templating/venv
[Info  - 3:14:46 PM] (9534) Auto-excluding /home/rauli/flask-unit-testing/venv
[Info  - 3:14:46 PM] (9534) Auto-excluding /home/rauli/gunicorn-test/venv
[Info  - 3:14:46 PM] (9534) Auto-excluding /home/rauli/todo_html/venv
[Info  - 3:14:46 PM] (9534) Found 100 source files
